[0.067s] DEBUG:colcon:Command line arguments: ['/usr/bin/colcon', 'build']
[0.067s] DEBUG:colcon:Parsed command line arguments: Namespace(log_base=None, log_level=None, verb_name='build', build_base='build', install_base='install', merge_install=False, symlink_install=False, test_result_base=None, continue_on_error=False, executor='parallel', parallel_workers=12, event_handlers=None, ignore_user_meta=False, metas=['./colcon.meta'], base_paths=['.'], packages_ignore=None, packages_ignore_regex=None, paths=None, packages_up_to=None, packages_up_to_regex=None, packages_above=None, packages_above_and_dependencies=None, packages_above_depth=None, packages_select_by_dep=None, packages_skip_by_dep=None, packages_skip_up_to=None, packages_select_build_failed=False, packages_skip_build_finished=False, packages_select_test_failures=False, packages_skip_test_passed=False, packages_select=None, packages_skip=None, packages_select_regex=None, packages_skip_regex=None, packages_start=None, packages_end=None, allow_overriding=[], cmake_args=None, cmake_target=None, cmake_target_skip_unavailable=False, cmake_clean_cache=False, cmake_clean_first=False, cmake_force_configure=False, ament_cmake_args=None, catkin_cmake_args=None, catkin_skip_building_tests=False, verb_parser=<colcon_defaults.argument_parser.defaults.DefaultArgumentsDecorator object at 0x71440ec72600>, verb_extension=<colcon_core.verb.build.BuildVerb object at 0x71440ec1c3e0>, main=<bound method BuildVerb.main of <colcon_core.verb.build.BuildVerb object at 0x71440ec1c3e0>>)
[0.092s] Level 1:colcon.colcon_core.package_discovery:discover_packages(colcon_meta) check parameters
[0.092s] Level 1:colcon.colcon_core.package_discovery:discover_packages(recursive) check parameters
[0.092s] Level 1:colcon.colcon_core.package_discovery:discover_packages(ignore) check parameters
[0.092s] Level 1:colcon.colcon_core.package_discovery:discover_packages(path) check parameters
[0.092s] Level 1:colcon.colcon_core.package_discovery:discover_packages(colcon_meta) discover
[0.093s] Level 1:colcon.colcon_core.package_discovery:discover_packages(recursive) discover
[0.093s] INFO:colcon.colcon_core.package_discovery:Crawling recursively for packages in '/home/kunal-jazzy/ros2_ws'
[0.093s] Level 1:colcon.colcon_core.package_identification:_identify(.) by extensions ['ignore', 'ignore_ament_install']
[0.093s] Level 1:colcon.colcon_core.package_identification:_identify(.) by extension 'ignore'
[0.093s] Level 1:colcon.colcon_core.package_identification:_identify(.) by extension 'ignore_ament_install'
[0.093s] Level 1:colcon.colcon_core.package_identification:_identify(.) by extensions ['colcon_pkg']
[0.093s] Level 1:colcon.colcon_core.package_identification:_identify(.) by extension 'colcon_pkg'
[0.093s] Level 1:colcon.colcon_core.package_identification:_identify(.) by extensions ['colcon_meta']
[0.093s] Level 1:colcon.colcon_core.package_identification:_identify(.) by extension 'colcon_meta'
[0.093s] Level 1:colcon.colcon_core.package_identification:_identify(.) by extensions ['ros']
[0.093s] Level 1:colcon.colcon_core.package_identification:_identify(.) by extension 'ros'
[0.111s] Level 1:colcon.colcon_core.package_identification:_identify(.) by extensions ['cmake', 'python']
[0.111s] Level 1:colcon.colcon_core.package_identification:_identify(.) by extension 'cmake'
[0.111s] Level 1:colcon.colcon_core.package_identification:_identify(.) by extension 'python'
[0.111s] Level 1:colcon.colcon_core.package_identification:_identify(.) by extensions ['python_setup_py']
[0.111s] Level 1:colcon.colcon_core.package_identification:_identify(.) by extension 'python_setup_py'
[0.111s] Level 1:colcon.colcon_core.package_identification:_identify(build) by extensions ['ignore', 'ignore_ament_install']
[0.111s] Level 1:colcon.colcon_core.package_identification:_identify(build) by extension 'ignore'
[0.111s] Level 1:colcon.colcon_core.package_identification:_identify(build) ignored
[0.111s] Level 1:colcon.colcon_core.package_identification:_identify(install) by extensions ['ignore', 'ignore_ament_install']
[0.111s] Level 1:colcon.colcon_core.package_identification:_identify(install) by extension 'ignore'
[0.111s] Level 1:colcon.colcon_core.package_identification:_identify(install) ignored
[0.111s] Level 1:colcon.colcon_core.package_identification:_identify(log) by extensions ['ignore', 'ignore_ament_install']
[0.111s] Level 1:colcon.colcon_core.package_identification:_identify(log) by extension 'ignore'
[0.111s] Level 1:colcon.colcon_core.package_identification:_identify(log) ignored
[0.111s] Level 1:colcon.colcon_core.package_identification:_identify(src) by extensions ['ignore', 'ignore_ament_install']
[0.111s] Level 1:colcon.colcon_core.package_identification:_identify(src) by extension 'ignore'
[0.111s] Level 1:colcon.colcon_core.package_identification:_identify(src) by extension 'ignore_ament_install'
[0.111s] Level 1:colcon.colcon_core.package_identification:_identify(src) by extensions ['colcon_pkg']
[0.111s] Level 1:colcon.colcon_core.package_identification:_identify(src) by extension 'colcon_pkg'
[0.111s] Level 1:colcon.colcon_core.package_identification:_identify(src) by extensions ['colcon_meta']
[0.111s] Level 1:colcon.colcon_core.package_identification:_identify(src) by extension 'colcon_meta'
[0.111s] Level 1:colcon.colcon_core.package_identification:_identify(src) by extensions ['ros']
[0.111s] Level 1:colcon.colcon_core.package_identification:_identify(src) by extension 'ros'
[0.111s] Level 1:colcon.colcon_core.package_identification:_identify(src) by extensions ['cmake', 'python']
[0.111s] Level 1:colcon.colcon_core.package_identification:_identify(src) by extension 'cmake'
[0.111s] Level 1:colcon.colcon_core.package_identification:_identify(src) by extension 'python'
[0.111s] Level 1:colcon.colcon_core.package_identification:_identify(src) by extensions ['python_setup_py']
[0.111s] Level 1:colcon.colcon_core.package_identification:_identify(src) by extension 'python_setup_py'
[0.112s] Level 1:colcon.colcon_core.package_identification:_identify(src/ros_localization) by extensions ['ignore', 'ignore_ament_install']
[0.112s] Level 1:colcon.colcon_core.package_identification:_identify(src/ros_localization) by extension 'ignore'
[0.112s] Level 1:colcon.colcon_core.package_identification:_identify(src/ros_localization) by extension 'ignore_ament_install'
[0.112s] Level 1:colcon.colcon_core.package_identification:_identify(src/ros_localization) by extensions ['colcon_pkg']
[0.112s] Level 1:colcon.colcon_core.package_identification:_identify(src/ros_localization) by extension 'colcon_pkg'
[0.112s] Level 1:colcon.colcon_core.package_identification:_identify(src/ros_localization) by extensions ['colcon_meta']
[0.112s] Level 1:colcon.colcon_core.package_identification:_identify(src/ros_localization) by extension 'colcon_meta'
[0.112s] Level 1:colcon.colcon_core.package_identification:_identify(src/ros_localization) by extensions ['ros']
[0.112s] Level 1:colcon.colcon_core.package_identification:_identify(src/ros_localization) by extension 'ros'
[0.113s] DEBUG:colcon.colcon_core.package_identification:Package 'src/ros_localization' with type 'ros.ament_cmake' and name 'ros_localization'
[0.113s] Level 1:colcon.colcon_core.package_identification:_identify(src/ros_navigation) by extensions ['ignore', 'ignore_ament_install']
[0.113s] Level 1:colcon.colcon_core.package_identification:_identify(src/ros_navigation) by extension 'ignore'
[0.113s] Level 1:colcon.colcon_core.package_identification:_identify(src/ros_navigation) by extension 'ignore_ament_install'
[0.114s] Level 1:colcon.colcon_core.package_identification:_identify(src/ros_navigation) by extensions ['colcon_pkg']
[0.114s] Level 1:colcon.colcon_core.package_identification:_identify(src/ros_navigation) by extension 'colcon_pkg'
[0.114s] Level 1:colcon.colcon_core.package_identification:_identify(src/ros_navigation) by extensions ['colcon_meta']
[0.114s] Level 1:colcon.colcon_core.package_identification:_identify(src/ros_navigation) by extension 'colcon_meta'
[0.114s] Level 1:colcon.colcon_core.package_identification:_identify(src/ros_navigation) by extensions ['ros']
[0.114s] Level 1:colcon.colcon_core.package_identification:_identify(src/ros_navigation) by extension 'ros'
[0.114s] DEBUG:colcon.colcon_core.package_identification:Package 'src/ros_navigation' with type 'ros.ament_cmake' and name 'ros_navigation'
[0.114s] Level 1:colcon.colcon_core.package_discovery:discover_packages(recursive) using defaults
[0.114s] Level 1:colcon.colcon_core.package_discovery:discover_packages(ignore) discover
[0.114s] Level 1:colcon.colcon_core.package_discovery:discover_packages(ignore) using defaults
[0.114s] Level 1:colcon.colcon_core.package_discovery:discover_packages(path) discover
[0.114s] Level 1:colcon.colcon_core.package_discovery:discover_packages(path) using defaults
[0.126s] Level 1:colcon.colcon_core.package_discovery:discover_packages(prefix_path) check parameters
[0.126s] Level 1:colcon.colcon_core.package_discovery:discover_packages(prefix_path) discover
[0.128s] DEBUG:colcon.colcon_installed_package_information.package_discovery:Found 4 installed packages in /home/kunal-jazzy/ROS2-Camera-Visualization/install
[0.129s] DEBUG:colcon.colcon_installed_package_information.package_discovery:Found 488 installed packages in /opt/ros/jazzy
[0.130s] Level 1:colcon.colcon_core.package_discovery:discover_packages(prefix_path) using defaults
[0.166s] Level 5:colcon.colcon_core.verb:set package 'ros_localization' build argument 'cmake_args' from command line to 'None'
[0.166s] Level 5:colcon.colcon_core.verb:set package 'ros_localization' build argument 'cmake_target' from command line to 'None'
[0.166s] Level 5:colcon.colcon_core.verb:set package 'ros_localization' build argument 'cmake_target_skip_unavailable' from command line to 'False'
[0.166s] Level 5:colcon.colcon_core.verb:set package 'ros_localization' build argument 'cmake_clean_cache' from command line to 'False'
[0.166s] Level 5:colcon.colcon_core.verb:set package 'ros_localization' build argument 'cmake_clean_first' from command line to 'False'
[0.166s] Level 5:colcon.colcon_core.verb:set package 'ros_localization' build argument 'cmake_force_configure' from command line to 'False'
[0.166s] Level 5:colcon.colcon_core.verb:set package 'ros_localization' build argument 'ament_cmake_args' from command line to 'None'
[0.166s] Level 5:colcon.colcon_core.verb:set package 'ros_localization' build argument 'catkin_cmake_args' from command line to 'None'
[0.166s] Level 5:colcon.colcon_core.verb:set package 'ros_localization' build argument 'catkin_skip_building_tests' from command line to 'False'
[0.166s] DEBUG:colcon.colcon_core.verb:Building package 'ros_localization' with the following arguments: {'ament_cmake_args': None, 'build_base': '/home/kunal-jazzy/ros2_ws/build/ros_localization', 'catkin_cmake_args': None, 'catkin_skip_building_tests': False, 'cmake_args': None, 'cmake_clean_cache': False, 'cmake_clean_first': False, 'cmake_force_configure': False, 'cmake_target': None, 'cmake_target_skip_unavailable': False, 'install_base': '/home/kunal-jazzy/ros2_ws/install/ros_localization', 'merge_install': False, 'path': '/home/kunal-jazzy/ros2_ws/src/ros_localization', 'symlink_install': False, 'test_result_base': None}
[0.167s] Level 5:colcon.colcon_core.verb:set package 'ros_navigation' build argument 'cmake_args' from command line to 'None'
[0.167s] Level 5:colcon.colcon_core.verb:set package 'ros_navigation' build argument 'cmake_target' from command line to 'None'
[0.167s] Level 5:colcon.colcon_core.verb:set package 'ros_navigation' build argument 'cmake_target_skip_unavailable' from command line to 'False'
[0.167s] Level 5:colcon.colcon_core.verb:set package 'ros_navigation' build argument 'cmake_clean_cache' from command line to 'False'
[0.167s] Level 5:colcon.colcon_core.verb:set package 'ros_navigation' build argument 'cmake_clean_first' from command line to 'False'
[0.167s] Level 5:colcon.colcon_core.verb:set package 'ros_navigation' build argument 'cmake_force_configure' from command line to 'False'
[0.167s] Level 5:colcon.colcon_core.verb:set package 'ros_navigation' build argument 'ament_cmake_args' from command line to 'None'
[0.167s] Level 5:colcon.colcon_core.verb:set package 'ros_navigation' build argument 'catkin_cmake_args' from command line to 'None'
[0.167s] Level 5:colcon.colcon_core.verb:set package 'ros_navigation' build argument 'catkin_skip_building_tests' from command line to 'False'
[0.167s] DEBUG:colcon.colcon_core.verb:Building package 'ros_navigation' with the following arguments: {'ament_cmake_args': None, 'build_base': '/home/kunal-jazzy/ros2_ws/build/ros_navigation', 'catkin_cmake_args': None, 'catkin_skip_building_tests': False, 'cmake_args': None, 'cmake_clean_cache': False, 'cmake_clean_first': False, 'cmake_force_configure': False, 'cmake_target': None, 'cmake_target_skip_unavailable': False, 'install_base': '/home/kunal-jazzy/ros2_ws/install/ros_navigation', 'merge_install': False, 'path': '/home/kunal-jazzy/ros2_ws/src/ros_navigation', 'symlink_install': False, 'test_result_base': None}
[0.167s] INFO:colcon.colcon_core.executor:Executing jobs using 'parallel' executor
[0.168s] DEBUG:colcon.colcon_parallel_executor.executor.parallel:run_until_complete
[0.168s] INFO:colcon.colcon_ros.task.ament_cmake.build:Building ROS package in '/home/kunal-jazzy/ros2_ws/src/ros_localization' with build type 'ament_cmake'
[0.168s] INFO:colcon.colcon_cmake.task.cmake.build:Building CMake package in '/home/kunal-jazzy/ros2_ws/src/ros_localization'
[0.169s] INFO:colcon.colcon_core.plugin_system:Skipping extension 'colcon_core.shell.bat': Not used on non-Windows systems
[0.169s] INFO:colcon.colcon_core.shell:Skip shell extension 'powershell' for command environment: Not usable outside of PowerShell
[0.170s] DEBUG:colcon.colcon_core.shell:Skip shell extension 'dsv' for command environment
[0.173s] INFO:colcon.colcon_ros.task.ament_cmake.build:Building ROS package in '/home/kunal-jazzy/ros2_ws/src/ros_navigation' with build type 'ament_cmake'
[0.173s] INFO:colcon.colcon_cmake.task.cmake.build:Building CMake package in '/home/kunal-jazzy/ros2_ws/src/ros_navigation'
[0.173s] INFO:colcon.colcon_core.shell:Skip shell extension 'powershell' for command environment: Not usable outside of PowerShell
[0.173s] DEBUG:colcon.colcon_core.shell:Skip shell extension 'dsv' for command environment
[0.179s] DEBUG:colcon.colcon_core.event_handler.log_command:Invoking command in '/home/kunal-jazzy/ros2_ws/build/ros_localization': CMAKE_PREFIX_PATH=${CMAKE_PREFIX_PATH}:/home/kunal-jazzy/ROS2-Camera-Visualization/install/four_control:/opt/ros/jazzy DEBUGINFOD_URLS=https://debuginfod.ubuntu.com /usr/bin/cmake --build /home/kunal-jazzy/ros2_ws/build/ros_localization -- -j12 -l12
[0.181s] DEBUG:colcon.colcon_core.event_handler.log_command:Invoking command in '/home/kunal-jazzy/ros2_ws/build/ros_navigation': CMAKE_PREFIX_PATH=${CMAKE_PREFIX_PATH}:/home/kunal-jazzy/ROS2-Camera-Visualization/install/four_control:/opt/ros/jazzy DEBUGINFOD_URLS=https://debuginfod.ubuntu.com /usr/bin/cmake --build /home/kunal-jazzy/ros2_ws/build/ros_navigation -- -j12 -l12
[0.211s] DEBUG:colcon.colcon_core.event_handler.log_command:Invoked command in '/home/kunal-jazzy/ros2_ws/build/ros_localization' returned '0': CMAKE_PREFIX_PATH=${CMAKE_PREFIX_PATH}:/home/kunal-jazzy/ROS2-Camera-Visualization/install/four_control:/opt/ros/jazzy DEBUGINFOD_URLS=https://debuginfod.ubuntu.com /usr/bin/cmake --build /home/kunal-jazzy/ros2_ws/build/ros_localization -- -j12 -l12
[0.218s] DEBUG:colcon.colcon_core.event_handler.log_command:Invoking command in '/home/kunal-jazzy/ros2_ws/build/ros_localization': CMAKE_PREFIX_PATH=${CMAKE_PREFIX_PATH}:/home/kunal-jazzy/ROS2-Camera-Visualization/install/four_control:/opt/ros/jazzy DEBUGINFOD_URLS=https://debuginfod.ubuntu.com /usr/bin/cmake --install /home/kunal-jazzy/ros2_ws/build/ros_localization
[0.219s] DEBUG:colcon.colcon_core.event_handler.log_command:Invoked command in '/home/kunal-jazzy/ros2_ws/build/ros_navigation' returned '0': CMAKE_PREFIX_PATH=${CMAKE_PREFIX_PATH}:/home/kunal-jazzy/ROS2-Camera-Visualization/install/four_control:/opt/ros/jazzy DEBUGINFOD_URLS=https://debuginfod.ubuntu.com /usr/bin/cmake --build /home/kunal-jazzy/ros2_ws/build/ros_navigation -- -j12 -l12
[0.220s] DEBUG:colcon.colcon_core.event_handler.log_command:Invoking command in '/home/kunal-jazzy/ros2_ws/build/ros_navigation': CMAKE_PREFIX_PATH=${CMAKE_PREFIX_PATH}:/home/kunal-jazzy/ROS2-Camera-Visualization/install/four_control:/opt/ros/jazzy DEBUGINFOD_URLS=https://debuginfod.ubuntu.com /usr/bin/cmake --install /home/kunal-jazzy/ros2_ws/build/ros_navigation
[0.225s] Level 1:colcon.colcon_core.environment:create_environment_scripts_only(ros_localization)
[0.225s] DEBUG:colcon.colcon_core.event_handler.log_command:Invoked command in '/home/kunal-jazzy/ros2_ws/build/ros_localization' returned '0': CMAKE_PREFIX_PATH=${CMAKE_PREFIX_PATH}:/home/kunal-jazzy/ROS2-Camera-Visualization/install/four_control:/opt/ros/jazzy DEBUGINFOD_URLS=https://debuginfod.ubuntu.com /usr/bin/cmake --install /home/kunal-jazzy/ros2_ws/build/ros_localization
[0.228s] Level 1:colcon.colcon_core.environment:checking '/home/kunal-jazzy/ros2_ws/install/ros_localization' for CMake module files
[0.228s] Level 1:colcon.colcon_core.environment:checking '/home/kunal-jazzy/ros2_ws/install/ros_localization' for CMake config files
[0.228s] Level 1:colcon.colcon_core.shell:create_environment_hook('ros_localization', 'cmake_prefix_path')
[0.228s] INFO:colcon.colcon_core.shell:Creating environment hook '/home/kunal-jazzy/ros2_ws/install/ros_localization/share/ros_localization/hook/cmake_prefix_path.ps1'
[0.229s] INFO:colcon.colcon_core.shell:Creating environment descriptor '/home/kunal-jazzy/ros2_ws/install/ros_localization/share/ros_localization/hook/cmake_prefix_path.dsv'
[0.229s] INFO:colcon.colcon_core.shell:Creating environment hook '/home/kunal-jazzy/ros2_ws/install/ros_localization/share/ros_localization/hook/cmake_prefix_path.sh'
[0.229s] Level 1:colcon.colcon_core.environment:checking '/home/kunal-jazzy/ros2_ws/install/ros_localization/bin'
[0.229s] Level 1:colcon.colcon_core.environment:checking '/home/kunal-jazzy/ros2_ws/install/ros_localization/lib/pkgconfig/ros_localization.pc'
[0.229s] Level 1:colcon.colcon_core.environment:checking '/home/kunal-jazzy/ros2_ws/install/ros_localization/lib/python3.12/site-packages'
[0.230s] Level 1:colcon.colcon_core.environment:checking '/home/kunal-jazzy/ros2_ws/install/ros_localization/bin'
[0.230s] INFO:colcon.colcon_core.shell:Creating package script '/home/kunal-jazzy/ros2_ws/install/ros_localization/share/ros_localization/package.ps1'
[0.230s] INFO:colcon.colcon_core.shell:Creating package descriptor '/home/kunal-jazzy/ros2_ws/install/ros_localization/share/ros_localization/package.dsv'
[0.231s] INFO:colcon.colcon_core.shell:Creating package script '/home/kunal-jazzy/ros2_ws/install/ros_localization/share/ros_localization/package.sh'
[0.231s] INFO:colcon.colcon_core.shell:Creating package script '/home/kunal-jazzy/ros2_ws/install/ros_localization/share/ros_localization/package.bash'
[0.231s] INFO:colcon.colcon_core.shell:Creating package script '/home/kunal-jazzy/ros2_ws/install/ros_localization/share/ros_localization/package.zsh'
[0.232s] Level 1:colcon.colcon_core.environment:create_file_with_runtime_dependencies(/home/kunal-jazzy/ros2_ws/install/ros_localization/share/colcon-core/packages/ros_localization)
[0.232s] Level 1:colcon.colcon_core.environment:create_environment_scripts_only(ros_localization)
[0.232s] Level 1:colcon.colcon_core.environment:checking '/home/kunal-jazzy/ros2_ws/install/ros_localization' for CMake module files
[0.232s] Level 1:colcon.colcon_core.environment:checking '/home/kunal-jazzy/ros2_ws/install/ros_localization' for CMake config files
[0.232s] Level 1:colcon.colcon_core.shell:create_environment_hook('ros_localization', 'cmake_prefix_path')
[0.232s] INFO:colcon.colcon_core.shell:Creating environment hook '/home/kunal-jazzy/ros2_ws/install/ros_localization/share/ros_localization/hook/cmake_prefix_path.ps1'
[0.233s] INFO:colcon.colcon_core.shell:Creating environment descriptor '/home/kunal-jazzy/ros2_ws/install/ros_localization/share/ros_localization/hook/cmake_prefix_path.dsv'
[0.233s] INFO:colcon.colcon_core.shell:Creating environment hook '/home/kunal-jazzy/ros2_ws/install/ros_localization/share/ros_localization/hook/cmake_prefix_path.sh'
[0.233s] Level 1:colcon.colcon_core.environment:checking '/home/kunal-jazzy/ros2_ws/install/ros_localization/bin'
[0.233s] Level 1:colcon.colcon_core.environment:checking '/home/kunal-jazzy/ros2_ws/install/ros_localization/lib/pkgconfig/ros_localization.pc'
[0.233s] Level 1:colcon.colcon_core.environment:checking '/home/kunal-jazzy/ros2_ws/install/ros_localization/lib/python3.12/site-packages'
[0.234s] Level 1:colcon.colcon_core.environment:checking '/home/kunal-jazzy/ros2_ws/install/ros_localization/bin'
[0.234s] INFO:colcon.colcon_core.shell:Creating package script '/home/kunal-jazzy/ros2_ws/install/ros_localization/share/ros_localization/package.ps1'
[0.234s] INFO:colcon.colcon_core.shell:Creating package descriptor '/home/kunal-jazzy/ros2_ws/install/ros_localization/share/ros_localization/package.dsv'
[0.234s] INFO:colcon.colcon_core.shell:Creating package script '/home/kunal-jazzy/ros2_ws/install/ros_localization/share/ros_localization/package.sh'
[0.235s] INFO:colcon.colcon_core.shell:Creating package script '/home/kunal-jazzy/ros2_ws/install/ros_localization/share/ros_localization/package.bash'
[0.235s] INFO:colcon.colcon_core.shell:Creating package script '/home/kunal-jazzy/ros2_ws/install/ros_localization/share/ros_localization/package.zsh'
[0.235s] Level 1:colcon.colcon_core.environment:create_file_with_runtime_dependencies(/home/kunal-jazzy/ros2_ws/install/ros_localization/share/colcon-core/packages/ros_localization)
[0.236s] Level 1:colcon.colcon_core.environment:create_environment_scripts_only(ros_navigation)
[0.236s] DEBUG:colcon.colcon_core.event_handler.log_command:Invoked command in '/home/kunal-jazzy/ros2_ws/build/ros_navigation' returned '0': CMAKE_PREFIX_PATH=${CMAKE_PREFIX_PATH}:/home/kunal-jazzy/ROS2-Camera-Visualization/install/four_control:/opt/ros/jazzy DEBUGINFOD_URLS=https://debuginfod.ubuntu.com /usr/bin/cmake --install /home/kunal-jazzy/ros2_ws/build/ros_navigation
[0.236s] Level 1:colcon.colcon_core.environment:checking '/home/kunal-jazzy/ros2_ws/install/ros_navigation' for CMake module files
[0.237s] Level 1:colcon.colcon_core.environment:checking '/home/kunal-jazzy/ros2_ws/install/ros_navigation' for CMake config files
[0.237s] Level 1:colcon.colcon_core.shell:create_environment_hook('ros_navigation', 'cmake_prefix_path')
[0.237s] INFO:colcon.colcon_core.shell:Creating environment hook '/home/kunal-jazzy/ros2_ws/install/ros_navigation/share/ros_navigation/hook/cmake_prefix_path.ps1'
[0.238s] INFO:colcon.colcon_core.shell:Creating environment descriptor '/home/kunal-jazzy/ros2_ws/install/ros_navigation/share/ros_navigation/hook/cmake_prefix_path.dsv'
[0.238s] INFO:colcon.colcon_core.shell:Creating environment hook '/home/kunal-jazzy/ros2_ws/install/ros_navigation/share/ros_navigation/hook/cmake_prefix_path.sh'
[0.239s] Level 1:colcon.colcon_core.environment:checking '/home/kunal-jazzy/ros2_ws/install/ros_navigation/bin'
[0.239s] Level 1:colcon.colcon_core.environment:checking '/home/kunal-jazzy/ros2_ws/install/ros_navigation/lib/pkgconfig/ros_navigation.pc'
[0.239s] Level 1:colcon.colcon_core.environment:checking '/home/kunal-jazzy/ros2_ws/install/ros_navigation/lib/python3.12/site-packages'
[0.240s] Level 1:colcon.colcon_core.environment:checking '/home/kunal-jazzy/ros2_ws/install/ros_navigation/bin'
[0.240s] INFO:colcon.colcon_core.shell:Creating package script '/home/kunal-jazzy/ros2_ws/install/ros_navigation/share/ros_navigation/package.ps1'
[0.240s] INFO:colcon.colcon_core.shell:Creating package descriptor '/home/kunal-jazzy/ros2_ws/install/ros_navigation/share/ros_navigation/package.dsv'
[0.240s] INFO:colcon.colcon_core.shell:Creating package script '/home/kunal-jazzy/ros2_ws/install/ros_navigation/share/ros_navigation/package.sh'
[0.241s] INFO:colcon.colcon_core.shell:Creating package script '/home/kunal-jazzy/ros2_ws/install/ros_navigation/share/ros_navigation/package.bash'
[0.241s] INFO:colcon.colcon_core.shell:Creating package script '/home/kunal-jazzy/ros2_ws/install/ros_navigation/share/ros_navigation/package.zsh'
[0.241s] Level 1:colcon.colcon_core.environment:create_file_with_runtime_dependencies(/home/kunal-jazzy/ros2_ws/install/ros_navigation/share/colcon-core/packages/ros_navigation)
[0.241s] Level 1:colcon.colcon_core.environment:create_environment_scripts_only(ros_navigation)
[0.241s] Level 1:colcon.colcon_core.environment:checking '/home/kunal-jazzy/ros2_ws/install/ros_navigation' for CMake module files
[0.242s] Level 1:colcon.colcon_core.environment:checking '/home/kunal-jazzy/ros2_ws/install/ros_navigation' for CMake config files
[0.242s] Level 1:colcon.colcon_core.shell:create_environment_hook('ros_navigation', 'cmake_prefix_path')
[0.242s] INFO:colcon.colcon_core.shell:Creating environment hook '/home/kunal-jazzy/ros2_ws/install/ros_navigation/share/ros_navigation/hook/cmake_prefix_path.ps1'
[0.242s] INFO:colcon.colcon_core.shell:Creating environment descriptor '/home/kunal-jazzy/ros2_ws/install/ros_navigation/share/ros_navigation/hook/cmake_prefix_path.dsv'
[0.242s] INFO:colcon.colcon_core.shell:Creating environment hook '/home/kunal-jazzy/ros2_ws/install/ros_navigation/share/ros_navigation/hook/cmake_prefix_path.sh'
[0.243s] Level 1:colcon.colcon_core.environment:checking '/home/kunal-jazzy/ros2_ws/install/ros_navigation/bin'
[0.243s] Level 1:colcon.colcon_core.environment:checking '/home/kunal-jazzy/ros2_ws/install/ros_navigation/lib/pkgconfig/ros_navigation.pc'
[0.243s] Level 1:colcon.colcon_core.environment:checking '/home/kunal-jazzy/ros2_ws/install/ros_navigation/lib/python3.12/site-packages'
[0.243s] Level 1:colcon.colcon_core.environment:checking '/home/kunal-jazzy/ros2_ws/install/ros_navigation/bin'
[0.243s] INFO:colcon.colcon_core.shell:Creating package script '/home/kunal-jazzy/ros2_ws/install/ros_navigation/share/ros_navigation/package.ps1'
[0.244s] INFO:colcon.colcon_core.shell:Creating package descriptor '/home/kunal-jazzy/ros2_ws/install/ros_navigation/share/ros_navigation/package.dsv'
[0.244s] INFO:colcon.colcon_core.shell:Creating package script '/home/kunal-jazzy/ros2_ws/install/ros_navigation/share/ros_navigation/package.sh'
[0.244s] INFO:colcon.colcon_core.shell:Creating package script '/home/kunal-jazzy/ros2_ws/install/ros_navigation/share/ros_navigation/package.bash'
[0.244s] INFO:colcon.colcon_core.shell:Creating package script '/home/kunal-jazzy/ros2_ws/install/ros_navigation/share/ros_navigation/package.zsh'
[0.245s] Level 1:colcon.colcon_core.environment:create_file_with_runtime_dependencies(/home/kunal-jazzy/ros2_ws/install/ros_navigation/share/colcon-core/packages/ros_navigation)
[0.245s] DEBUG:colcon.colcon_parallel_executor.executor.parallel:closing loop
[0.245s] DEBUG:colcon.colcon_parallel_executor.executor.parallel:loop closed
[0.245s] DEBUG:colcon.colcon_parallel_executor.executor.parallel:run_until_complete finished with '0'
[0.245s] DEBUG:colcon.colcon_core.event_reactor:joining thread
[0.248s] INFO:colcon.colcon_core.plugin_system:Skipping extension 'colcon_notification.desktop_notification.terminal_notifier': Not used on non-Darwin systems
[0.248s] INFO:colcon.colcon_core.plugin_system:Skipping extension 'colcon_notification.desktop_notification.win32': Not used on non-Windows systems
[0.249s] INFO:colcon.colcon_notification.desktop_notification:Sending desktop notification using 'notify2'
[0.259s] DEBUG:colcon.colcon_core.event_reactor:joined thread
[0.259s] INFO:colcon.colcon_core.shell:Creating prefix script '/home/kunal-jazzy/ros2_ws/install/local_setup.ps1'
[0.260s] INFO:colcon.colcon_core.shell:Creating prefix util module '/home/kunal-jazzy/ros2_ws/install/_local_setup_util_ps1.py'
[0.261s] INFO:colcon.colcon_core.shell:Creating prefix chain script '/home/kunal-jazzy/ros2_ws/install/setup.ps1'
[0.262s] INFO:colcon.colcon_core.shell:Creating prefix script '/home/kunal-jazzy/ros2_ws/install/local_setup.sh'
[0.263s] INFO:colcon.colcon_core.shell:Creating prefix util module '/home/kunal-jazzy/ros2_ws/install/_local_setup_util_sh.py'
[0.263s] INFO:colcon.colcon_core.shell:Creating prefix chain script '/home/kunal-jazzy/ros2_ws/install/setup.sh'
[0.264s] INFO:colcon.colcon_core.shell:Creating prefix script '/home/kunal-jazzy/ros2_ws/install/local_setup.bash'
[0.264s] INFO:colcon.colcon_core.shell:Creating prefix chain script '/home/kunal-jazzy/ros2_ws/install/setup.bash'
[0.265s] INFO:colcon.colcon_core.shell:Creating prefix script '/home/kunal-jazzy/ros2_ws/install/local_setup.zsh'
[0.265s] INFO:colcon.colcon_core.shell:Creating prefix chain script '/home/kunal-jazzy/ros2_ws/install/setup.zsh'
