[0.089s] DEBUG:colcon:Command line arguments: ['/usr/bin/colcon', 'build']
[0.089s] DEBUG:colcon:Parsed command line arguments: Namespace(log_base=None, log_level=None, verb_name='build', build_base='build', install_base='install', merge_install=False, symlink_install=False, test_result_base=None, continue_on_error=False, executor='parallel', parallel_workers=12, event_handlers=None, ignore_user_meta=False, metas=['./colcon.meta'], base_paths=['.'], packages_ignore=None, packages_ignore_regex=None, paths=None, packages_up_to=None, packages_up_to_regex=None, packages_above=None, packages_above_and_dependencies=None, packages_above_depth=None, packages_select_by_dep=None, packages_skip_by_dep=None, packages_skip_up_to=None, packages_select_build_failed=False, packages_skip_build_finished=False, packages_select_test_failures=False, packages_skip_test_passed=False, packages_select=None, packages_skip=None, packages_select_regex=None, packages_skip_regex=None, packages_start=None, packages_end=None, allow_overriding=[], cmake_args=None, cmake_target=None, cmake_target_skip_unavailable=False, cmake_clean_cache=False, cmake_clean_first=False, cmake_force_configure=False, ament_cmake_args=None, catkin_cmake_args=None, catkin_skip_building_tests=False, verb_parser=<colcon_defaults.argument_parser.defaults.DefaultArgumentsDecorator object at 0x7b8e8426dd00>, verb_extension=<colcon_core.verb.build.BuildVerb object at 0x7b8e842145c0>, main=<bound method BuildVerb.main of <colcon_core.verb.build.BuildVerb object at 0x7b8e842145c0>>)
[0.131s] Level 1:colcon.colcon_core.package_discovery:discover_packages(colcon_meta) check parameters
[0.131s] Level 1:colcon.colcon_core.package_discovery:discover_packages(recursive) check parameters
[0.131s] Level 1:colcon.colcon_core.package_discovery:discover_packages(ignore) check parameters
[0.131s] Level 1:colcon.colcon_core.package_discovery:discover_packages(path) check parameters
[0.131s] Level 1:colcon.colcon_core.package_discovery:discover_packages(colcon_meta) discover
[0.131s] Level 1:colcon.colcon_core.package_discovery:discover_packages(recursive) discover
[0.131s] INFO:colcon.colcon_core.package_discovery:Crawling recursively for packages in '/home/kunal-jazzy/ros2_ws'
[0.131s] Level 1:colcon.colcon_core.package_identification:_identify(.) by extensions ['ignore', 'ignore_ament_install']
[0.131s] Level 1:colcon.colcon_core.package_identification:_identify(.) by extension 'ignore'
[0.131s] Level 1:colcon.colcon_core.package_identification:_identify(.) by extension 'ignore_ament_install'
[0.131s] Level 1:colcon.colcon_core.package_identification:_identify(.) by extensions ['colcon_pkg']
[0.131s] Level 1:colcon.colcon_core.package_identification:_identify(.) by extension 'colcon_pkg'
[0.131s] Level 1:colcon.colcon_core.package_identification:_identify(.) by extensions ['colcon_meta']
[0.131s] Level 1:colcon.colcon_core.package_identification:_identify(.) by extension 'colcon_meta'
[0.131s] Level 1:colcon.colcon_core.package_identification:_identify(.) by extensions ['ros']
[0.131s] Level 1:colcon.colcon_core.package_identification:_identify(.) by extension 'ros'
[0.153s] Level 1:colcon.colcon_core.package_identification:_identify(.) by extensions ['cmake', 'python']
[0.153s] Level 1:colcon.colcon_core.package_identification:_identify(.) by extension 'cmake'
[0.153s] Level 1:colcon.colcon_core.package_identification:_identify(.) by extension 'python'
[0.153s] Level 1:colcon.colcon_core.package_identification:_identify(.) by extensions ['python_setup_py']
[0.153s] Level 1:colcon.colcon_core.package_identification:_identify(.) by extension 'python_setup_py'
[0.153s] Level 1:colcon.colcon_core.package_identification:_identify(build) by extensions ['ignore', 'ignore_ament_install']
[0.153s] Level 1:colcon.colcon_core.package_identification:_identify(build) by extension 'ignore'
[0.153s] Level 1:colcon.colcon_core.package_identification:_identify(build) ignored
[0.153s] Level 1:colcon.colcon_core.package_identification:_identify(install) by extensions ['ignore', 'ignore_ament_install']
[0.153s] Level 1:colcon.colcon_core.package_identification:_identify(install) by extension 'ignore'
[0.153s] Level 1:colcon.colcon_core.package_identification:_identify(install) ignored
[0.153s] Level 1:colcon.colcon_core.package_identification:_identify(log) by extensions ['ignore', 'ignore_ament_install']
[0.153s] Level 1:colcon.colcon_core.package_identification:_identify(log) by extension 'ignore'
[0.154s] Level 1:colcon.colcon_core.package_identification:_identify(log) ignored
[0.154s] Level 1:colcon.colcon_core.package_identification:_identify(src) by extensions ['ignore', 'ignore_ament_install']
[0.154s] Level 1:colcon.colcon_core.package_identification:_identify(src) by extension 'ignore'
[0.154s] Level 1:colcon.colcon_core.package_identification:_identify(src) by extension 'ignore_ament_install'
[0.154s] Level 1:colcon.colcon_core.package_identification:_identify(src) by extensions ['colcon_pkg']
[0.154s] Level 1:colcon.colcon_core.package_identification:_identify(src) by extension 'colcon_pkg'
[0.154s] Level 1:colcon.colcon_core.package_identification:_identify(src) by extensions ['colcon_meta']
[0.154s] Level 1:colcon.colcon_core.package_identification:_identify(src) by extension 'colcon_meta'
[0.154s] Level 1:colcon.colcon_core.package_identification:_identify(src) by extensions ['ros']
[0.154s] Level 1:colcon.colcon_core.package_identification:_identify(src) by extension 'ros'
[0.154s] Level 1:colcon.colcon_core.package_identification:_identify(src) by extensions ['cmake', 'python']
[0.154s] Level 1:colcon.colcon_core.package_identification:_identify(src) by extension 'cmake'
[0.154s] Level 1:colcon.colcon_core.package_identification:_identify(src) by extension 'python'
[0.154s] Level 1:colcon.colcon_core.package_identification:_identify(src) by extensions ['python_setup_py']
[0.154s] Level 1:colcon.colcon_core.package_identification:_identify(src) by extension 'python_setup_py'
[0.154s] Level 1:colcon.colcon_core.package_identification:_identify(src/ros2_ws) by extensions ['ignore', 'ignore_ament_install']
[0.154s] Level 1:colcon.colcon_core.package_identification:_identify(src/ros2_ws) by extension 'ignore'
[0.154s] Level 1:colcon.colcon_core.package_identification:_identify(src/ros2_ws) by extension 'ignore_ament_install'
[0.154s] Level 1:colcon.colcon_core.package_identification:_identify(src/ros2_ws) by extensions ['colcon_pkg']
[0.154s] Level 1:colcon.colcon_core.package_identification:_identify(src/ros2_ws) by extension 'colcon_pkg'
[0.154s] Level 1:colcon.colcon_core.package_identification:_identify(src/ros2_ws) by extensions ['colcon_meta']
[0.154s] Level 1:colcon.colcon_core.package_identification:_identify(src/ros2_ws) by extension 'colcon_meta'
[0.154s] Level 1:colcon.colcon_core.package_identification:_identify(src/ros2_ws) by extensions ['ros']
[0.154s] Level 1:colcon.colcon_core.package_identification:_identify(src/ros2_ws) by extension 'ros'
[0.156s] DEBUG:colcon.colcon_core.package_identification:Package 'src/ros2_ws' with type 'ros.ament_cmake' and name 'ros2_ws'
[0.156s] Level 1:colcon.colcon_core.package_identification:_identify(src/ros_localization) by extensions ['ignore', 'ignore_ament_install']
[0.157s] Level 1:colcon.colcon_core.package_identification:_identify(src/ros_localization) by extension 'ignore'
[0.157s] Level 1:colcon.colcon_core.package_identification:_identify(src/ros_localization) by extension 'ignore_ament_install'
[0.157s] Level 1:colcon.colcon_core.package_identification:_identify(src/ros_localization) by extensions ['colcon_pkg']
[0.157s] Level 1:colcon.colcon_core.package_identification:_identify(src/ros_localization) by extension 'colcon_pkg'
[0.157s] Level 1:colcon.colcon_core.package_identification:_identify(src/ros_localization) by extensions ['colcon_meta']
[0.157s] Level 1:colcon.colcon_core.package_identification:_identify(src/ros_localization) by extension 'colcon_meta'
[0.157s] Level 1:colcon.colcon_core.package_identification:_identify(src/ros_localization) by extensions ['ros']
[0.157s] Level 1:colcon.colcon_core.package_identification:_identify(src/ros_localization) by extension 'ros'
[0.157s] DEBUG:colcon.colcon_core.package_identification:Package 'src/ros_localization' with type 'ros.ament_cmake' and name 'ros_localization'
[0.157s] Level 1:colcon.colcon_core.package_identification:_identify(src/ros_navigation) by extensions ['ignore', 'ignore_ament_install']
[0.157s] Level 1:colcon.colcon_core.package_identification:_identify(src/ros_navigation) by extension 'ignore'
[0.158s] Level 1:colcon.colcon_core.package_identification:_identify(src/ros_navigation) by extension 'ignore_ament_install'
[0.158s] Level 1:colcon.colcon_core.package_identification:_identify(src/ros_navigation) by extensions ['colcon_pkg']
[0.158s] Level 1:colcon.colcon_core.package_identification:_identify(src/ros_navigation) by extension 'colcon_pkg'
[0.158s] Level 1:colcon.colcon_core.package_identification:_identify(src/ros_navigation) by extensions ['colcon_meta']
[0.158s] Level 1:colcon.colcon_core.package_identification:_identify(src/ros_navigation) by extension 'colcon_meta'
[0.158s] Level 1:colcon.colcon_core.package_identification:_identify(src/ros_navigation) by extensions ['ros']
[0.158s] Level 1:colcon.colcon_core.package_identification:_identify(src/ros_navigation) by extension 'ros'
[0.158s] DEBUG:colcon.colcon_core.package_identification:Package 'src/ros_navigation' with type 'ros.ament_cmake' and name 'ros_navigation'
[0.159s] Level 1:colcon.colcon_core.package_identification:_identify(src/rosmaster_description) by extensions ['ignore', 'ignore_ament_install']
[0.159s] Level 1:colcon.colcon_core.package_identification:_identify(src/rosmaster_description) by extension 'ignore'
[0.159s] Level 1:colcon.colcon_core.package_identification:_identify(src/rosmaster_description) by extension 'ignore_ament_install'
[0.159s] Level 1:colcon.colcon_core.package_identification:_identify(src/rosmaster_description) by extensions ['colcon_pkg']
[0.159s] Level 1:colcon.colcon_core.package_identification:_identify(src/rosmaster_description) by extension 'colcon_pkg'
[0.159s] Level 1:colcon.colcon_core.package_identification:_identify(src/rosmaster_description) by extensions ['colcon_meta']
[0.159s] Level 1:colcon.colcon_core.package_identification:_identify(src/rosmaster_description) by extension 'colcon_meta'
[0.159s] Level 1:colcon.colcon_core.package_identification:_identify(src/rosmaster_description) by extensions ['ros']
[0.159s] Level 1:colcon.colcon_core.package_identification:_identify(src/rosmaster_description) by extension 'ros'
[0.159s] DEBUG:colcon.colcon_core.package_identification:Package 'src/rosmaster_description' with type 'ros.ament_cmake' and name 'rosmaster_description'
[0.159s] Level 1:colcon.colcon_core.package_discovery:discover_packages(recursive) using defaults
[0.159s] Level 1:colcon.colcon_core.package_discovery:discover_packages(ignore) discover
[0.159s] Level 1:colcon.colcon_core.package_discovery:discover_packages(ignore) using defaults
[0.159s] Level 1:colcon.colcon_core.package_discovery:discover_packages(path) discover
[0.159s] Level 1:colcon.colcon_core.package_discovery:discover_packages(path) using defaults
[0.177s] Level 1:colcon.colcon_core.package_discovery:discover_packages(prefix_path) check parameters
[0.178s] Level 1:colcon.colcon_core.package_discovery:discover_packages(prefix_path) discover
[0.180s] DEBUG:colcon.colcon_installed_package_information.package_discovery:Found 2 installed packages in /home/kunal-jazzy/ros2_arm/install
[0.181s] DEBUG:colcon.colcon_installed_package_information.package_discovery:Found 4 installed packages in /home/kunal-jazzy/ROS2-Camera-Visualization/install
[0.181s] DEBUG:colcon.colcon_installed_package_information.package_discovery:Found 4 installed packages in /home/kunal-jazzy/ros2_ws/install
[0.182s] DEBUG:colcon.colcon_installed_package_information.package_discovery:Found 488 installed packages in /opt/ros/jazzy
[0.184s] Level 1:colcon.colcon_core.package_discovery:discover_packages(prefix_path) using defaults
[0.226s] Level 5:colcon.colcon_core.verb:set package 'ros_localization' build argument 'cmake_args' from command line to 'None'
[0.227s] Level 5:colcon.colcon_core.verb:set package 'ros_localization' build argument 'cmake_target' from command line to 'None'
[0.227s] Level 5:colcon.colcon_core.verb:set package 'ros_localization' build argument 'cmake_target_skip_unavailable' from command line to 'False'
[0.227s] Level 5:colcon.colcon_core.verb:set package 'ros_localization' build argument 'cmake_clean_cache' from command line to 'False'
[0.227s] Level 5:colcon.colcon_core.verb:set package 'ros_localization' build argument 'cmake_clean_first' from command line to 'False'
[0.227s] Level 5:colcon.colcon_core.verb:set package 'ros_localization' build argument 'cmake_force_configure' from command line to 'False'
[0.227s] Level 5:colcon.colcon_core.verb:set package 'ros_localization' build argument 'ament_cmake_args' from command line to 'None'
[0.227s] Level 5:colcon.colcon_core.verb:set package 'ros_localization' build argument 'catkin_cmake_args' from command line to 'None'
[0.227s] Level 5:colcon.colcon_core.verb:set package 'ros_localization' build argument 'catkin_skip_building_tests' from command line to 'False'
[0.227s] DEBUG:colcon.colcon_core.verb:Building package 'ros_localization' with the following arguments: {'ament_cmake_args': None, 'build_base': '/home/kunal-jazzy/ros2_ws/build/ros_localization', 'catkin_cmake_args': None, 'catkin_skip_building_tests': False, 'cmake_args': None, 'cmake_clean_cache': False, 'cmake_clean_first': False, 'cmake_force_configure': False, 'cmake_target': None, 'cmake_target_skip_unavailable': False, 'install_base': '/home/kunal-jazzy/ros2_ws/install/ros_localization', 'merge_install': False, 'path': '/home/kunal-jazzy/ros2_ws/src/ros_localization', 'symlink_install': False, 'test_result_base': None}
[0.227s] Level 5:colcon.colcon_core.verb:set package 'ros_navigation' build argument 'cmake_args' from command line to 'None'
[0.227s] Level 5:colcon.colcon_core.verb:set package 'ros_navigation' build argument 'cmake_target' from command line to 'None'
[0.227s] Level 5:colcon.colcon_core.verb:set package 'ros_navigation' build argument 'cmake_target_skip_unavailable' from command line to 'False'
[0.227s] Level 5:colcon.colcon_core.verb:set package 'ros_navigation' build argument 'cmake_clean_cache' from command line to 'False'
[0.227s] Level 5:colcon.colcon_core.verb:set package 'ros_navigation' build argument 'cmake_clean_first' from command line to 'False'
[0.227s] Level 5:colcon.colcon_core.verb:set package 'ros_navigation' build argument 'cmake_force_configure' from command line to 'False'
[0.227s] Level 5:colcon.colcon_core.verb:set package 'ros_navigation' build argument 'ament_cmake_args' from command line to 'None'
[0.227s] Level 5:colcon.colcon_core.verb:set package 'ros_navigation' build argument 'catkin_cmake_args' from command line to 'None'
[0.227s] Level 5:colcon.colcon_core.verb:set package 'ros_navigation' build argument 'catkin_skip_building_tests' from command line to 'False'
[0.227s] DEBUG:colcon.colcon_core.verb:Building package 'ros_navigation' with the following arguments: {'ament_cmake_args': None, 'build_base': '/home/kunal-jazzy/ros2_ws/build/ros_navigation', 'catkin_cmake_args': None, 'catkin_skip_building_tests': False, 'cmake_args': None, 'cmake_clean_cache': False, 'cmake_clean_first': False, 'cmake_force_configure': False, 'cmake_target': None, 'cmake_target_skip_unavailable': False, 'install_base': '/home/kunal-jazzy/ros2_ws/install/ros_navigation', 'merge_install': False, 'path': '/home/kunal-jazzy/ros2_ws/src/ros_navigation', 'symlink_install': False, 'test_result_base': None}
[0.227s] Level 5:colcon.colcon_core.verb:set package 'rosmaster_description' build argument 'cmake_args' from command line to 'None'
[0.227s] Level 5:colcon.colcon_core.verb:set package 'rosmaster_description' build argument 'cmake_target' from command line to 'None'
[0.227s] Level 5:colcon.colcon_core.verb:set package 'rosmaster_description' build argument 'cmake_target_skip_unavailable' from command line to 'False'
[0.227s] Level 5:colcon.colcon_core.verb:set package 'rosmaster_description' build argument 'cmake_clean_cache' from command line to 'False'
[0.227s] Level 5:colcon.colcon_core.verb:set package 'rosmaster_description' build argument 'cmake_clean_first' from command line to 'False'
[0.227s] Level 5:colcon.colcon_core.verb:set package 'rosmaster_description' build argument 'cmake_force_configure' from command line to 'False'
[0.227s] Level 5:colcon.colcon_core.verb:set package 'rosmaster_description' build argument 'ament_cmake_args' from command line to 'None'
[0.227s] Level 5:colcon.colcon_core.verb:set package 'rosmaster_description' build argument 'catkin_cmake_args' from command line to 'None'
[0.227s] Level 5:colcon.colcon_core.verb:set package 'rosmaster_description' build argument 'catkin_skip_building_tests' from command line to 'False'
[0.227s] DEBUG:colcon.colcon_core.verb:Building package 'rosmaster_description' with the following arguments: {'ament_cmake_args': None, 'build_base': '/home/kunal-jazzy/ros2_ws/build/rosmaster_description', 'catkin_cmake_args': None, 'catkin_skip_building_tests': False, 'cmake_args': None, 'cmake_clean_cache': False, 'cmake_clean_first': False, 'cmake_force_configure': False, 'cmake_target': None, 'cmake_target_skip_unavailable': False, 'install_base': '/home/kunal-jazzy/ros2_ws/install/rosmaster_description', 'merge_install': False, 'path': '/home/kunal-jazzy/ros2_ws/src/rosmaster_description', 'symlink_install': False, 'test_result_base': None}
[0.228s] Level 5:colcon.colcon_core.verb:set package 'ros2_ws' build argument 'cmake_args' from command line to 'None'
[0.228s] Level 5:colcon.colcon_core.verb:set package 'ros2_ws' build argument 'cmake_target' from command line to 'None'
[0.228s] Level 5:colcon.colcon_core.verb:set package 'ros2_ws' build argument 'cmake_target_skip_unavailable' from command line to 'False'
[0.228s] Level 5:colcon.colcon_core.verb:set package 'ros2_ws' build argument 'cmake_clean_cache' from command line to 'False'
[0.228s] Level 5:colcon.colcon_core.verb:set package 'ros2_ws' build argument 'cmake_clean_first' from command line to 'False'
[0.228s] Level 5:colcon.colcon_core.verb:set package 'ros2_ws' build argument 'cmake_force_configure' from command line to 'False'
[0.228s] Level 5:colcon.colcon_core.verb:set package 'ros2_ws' build argument 'ament_cmake_args' from command line to 'None'
[0.228s] Level 5:colcon.colcon_core.verb:set package 'ros2_ws' build argument 'catkin_cmake_args' from command line to 'None'
[0.228s] Level 5:colcon.colcon_core.verb:set package 'ros2_ws' build argument 'catkin_skip_building_tests' from command line to 'False'
[0.228s] DEBUG:colcon.colcon_core.verb:Building package 'ros2_ws' with the following arguments: {'ament_cmake_args': None, 'build_base': '/home/kunal-jazzy/ros2_ws/build/ros2_ws', 'catkin_cmake_args': None, 'catkin_skip_building_tests': False, 'cmake_args': None, 'cmake_clean_cache': False, 'cmake_clean_first': False, 'cmake_force_configure': False, 'cmake_target': None, 'cmake_target_skip_unavailable': False, 'install_base': '/home/kunal-jazzy/ros2_ws/install/ros2_ws', 'merge_install': False, 'path': '/home/kunal-jazzy/ros2_ws/src/ros2_ws', 'symlink_install': False, 'test_result_base': None}
[0.228s] INFO:colcon.colcon_core.executor:Executing jobs using 'parallel' executor
[0.229s] DEBUG:colcon.colcon_parallel_executor.executor.parallel:run_until_complete
[0.229s] INFO:colcon.colcon_ros.task.ament_cmake.build:Building ROS package in '/home/kunal-jazzy/ros2_ws/src/rosmaster_description' with build type 'ament_cmake'
[0.229s] INFO:colcon.colcon_cmake.task.cmake.build:Building CMake package in '/home/kunal-jazzy/ros2_ws/src/rosmaster_description'
[0.234s] INFO:colcon.colcon_core.plugin_system:Skipping extension 'colcon_core.shell.bat': Not used on non-Windows systems
[0.234s] INFO:colcon.colcon_core.shell:Skip shell extension 'powershell' for command environment: Not usable outside of PowerShell
[0.234s] DEBUG:colcon.colcon_core.shell:Skip shell extension 'dsv' for command environment
[0.238s] INFO:colcon.colcon_ros.task.ament_cmake.build:Building ROS package in '/home/kunal-jazzy/ros2_ws/src/ros_localization' with build type 'ament_cmake'
[0.238s] INFO:colcon.colcon_cmake.task.cmake.build:Building CMake package in '/home/kunal-jazzy/ros2_ws/src/ros_localization'
[0.238s] INFO:colcon.colcon_core.shell:Skip shell extension 'powershell' for command environment: Not usable outside of PowerShell
[0.238s] DEBUG:colcon.colcon_core.shell:Skip shell extension 'dsv' for command environment
[0.242s] INFO:colcon.colcon_ros.task.ament_cmake.build:Building ROS package in '/home/kunal-jazzy/ros2_ws/src/ros_navigation' with build type 'ament_cmake'
[0.242s] INFO:colcon.colcon_cmake.task.cmake.build:Building CMake package in '/home/kunal-jazzy/ros2_ws/src/ros_navigation'
[0.242s] INFO:colcon.colcon_core.shell:Skip shell extension 'powershell' for command environment: Not usable outside of PowerShell
[0.242s] DEBUG:colcon.colcon_core.shell:Skip shell extension 'dsv' for command environment
[0.250s] DEBUG:colcon.colcon_core.event_handler.log_command:Invoking command in '/home/kunal-jazzy/ros2_ws/build/rosmaster_description': CMAKE_PREFIX_PATH=${CMAKE_PREFIX_PATH}:/home/kunal-jazzy/ROS2-Camera-Visualization/install/four_control:/opt/ros/jazzy DEBUGINFOD_URLS=https://debuginfod.ubuntu.com /usr/bin/cmake --build /home/kunal-jazzy/ros2_ws/build/rosmaster_description -- -j12 -l12
[0.251s] DEBUG:colcon.colcon_core.event_handler.log_command:Invoking command in '/home/kunal-jazzy/ros2_ws/build/ros_localization': CMAKE_PREFIX_PATH=${CMAKE_PREFIX_PATH}:/home/kunal-jazzy/ROS2-Camera-Visualization/install/four_control:/opt/ros/jazzy DEBUGINFOD_URLS=https://debuginfod.ubuntu.com /usr/bin/cmake --build /home/kunal-jazzy/ros2_ws/build/ros_localization -- -j12 -l12
[0.256s] DEBUG:colcon.colcon_core.event_handler.log_command:Invoking command in '/home/kunal-jazzy/ros2_ws/build/ros_navigation': CMAKE_PREFIX_PATH=${CMAKE_PREFIX_PATH}:/home/kunal-jazzy/ROS2-Camera-Visualization/install/four_control:/opt/ros/jazzy DEBUGINFOD_URLS=https://debuginfod.ubuntu.com /usr/bin/cmake --build /home/kunal-jazzy/ros2_ws/build/ros_navigation -- -j12 -l12
[0.292s] DEBUG:colcon.colcon_core.event_handler.log_command:Invoked command in '/home/kunal-jazzy/ros2_ws/build/rosmaster_description' returned '0': CMAKE_PREFIX_PATH=${CMAKE_PREFIX_PATH}:/home/kunal-jazzy/ROS2-Camera-Visualization/install/four_control:/opt/ros/jazzy DEBUGINFOD_URLS=https://debuginfod.ubuntu.com /usr/bin/cmake --build /home/kunal-jazzy/ros2_ws/build/rosmaster_description -- -j12 -l12
[0.301s] DEBUG:colcon.colcon_core.event_handler.log_command:Invoking command in '/home/kunal-jazzy/ros2_ws/build/rosmaster_description': CMAKE_PREFIX_PATH=${CMAKE_PREFIX_PATH}:/home/kunal-jazzy/ROS2-Camera-Visualization/install/four_control:/opt/ros/jazzy DEBUGINFOD_URLS=https://debuginfod.ubuntu.com /usr/bin/cmake --install /home/kunal-jazzy/ros2_ws/build/rosmaster_description
[0.302s] DEBUG:colcon.colcon_core.event_handler.log_command:Invoked command in '/home/kunal-jazzy/ros2_ws/build/ros_localization' returned '0': CMAKE_PREFIX_PATH=${CMAKE_PREFIX_PATH}:/home/kunal-jazzy/ROS2-Camera-Visualization/install/four_control:/opt/ros/jazzy DEBUGINFOD_URLS=https://debuginfod.ubuntu.com /usr/bin/cmake --build /home/kunal-jazzy/ros2_ws/build/ros_localization -- -j12 -l12
[0.303s] DEBUG:colcon.colcon_core.event_handler.log_command:Invoking command in '/home/kunal-jazzy/ros2_ws/build/ros_localization': CMAKE_PREFIX_PATH=${CMAKE_PREFIX_PATH}:/home/kunal-jazzy/ROS2-Camera-Visualization/install/four_control:/opt/ros/jazzy DEBUGINFOD_URLS=https://debuginfod.ubuntu.com /usr/bin/cmake --install /home/kunal-jazzy/ros2_ws/build/ros_localization
[0.303s] DEBUG:colcon.colcon_core.event_handler.log_command:Invoked command in '/home/kunal-jazzy/ros2_ws/build/ros_navigation' returned '0': CMAKE_PREFIX_PATH=${CMAKE_PREFIX_PATH}:/home/kunal-jazzy/ROS2-Camera-Visualization/install/four_control:/opt/ros/jazzy DEBUGINFOD_URLS=https://debuginfod.ubuntu.com /usr/bin/cmake --build /home/kunal-jazzy/ros2_ws/build/ros_navigation -- -j12 -l12
[0.304s] DEBUG:colcon.colcon_core.event_handler.log_command:Invoking command in '/home/kunal-jazzy/ros2_ws/build/ros_navigation': CMAKE_PREFIX_PATH=${CMAKE_PREFIX_PATH}:/home/kunal-jazzy/ROS2-Camera-Visualization/install/four_control:/opt/ros/jazzy DEBUGINFOD_URLS=https://debuginfod.ubuntu.com /usr/bin/cmake --install /home/kunal-jazzy/ros2_ws/build/ros_navigation
[0.313s] Level 1:colcon.colcon_core.environment:create_environment_scripts_only(ros_navigation)
[0.318s] DEBUG:colcon.colcon_core.event_handler.log_command:Invoked command in '/home/kunal-jazzy/ros2_ws/build/ros_navigation' returned '0': CMAKE_PREFIX_PATH=${CMAKE_PREFIX_PATH}:/home/kunal-jazzy/ROS2-Camera-Visualization/install/four_control:/opt/ros/jazzy DEBUGINFOD_URLS=https://debuginfod.ubuntu.com /usr/bin/cmake --install /home/kunal-jazzy/ros2_ws/build/ros_navigation
[0.322s] Level 1:colcon.colcon_core.environment:checking '/home/kunal-jazzy/ros2_ws/install/ros_navigation' for CMake module files
[0.322s] Level 1:colcon.colcon_core.environment:checking '/home/kunal-jazzy/ros2_ws/install/ros_navigation' for CMake config files
[0.322s] Level 1:colcon.colcon_core.shell:create_environment_hook('ros_navigation', 'cmake_prefix_path')
[0.322s] INFO:colcon.colcon_core.shell:Creating environment hook '/home/kunal-jazzy/ros2_ws/install/ros_navigation/share/ros_navigation/hook/cmake_prefix_path.ps1'
[0.323s] INFO:colcon.colcon_core.shell:Creating environment descriptor '/home/kunal-jazzy/ros2_ws/install/ros_navigation/share/ros_navigation/hook/cmake_prefix_path.dsv'
[0.323s] INFO:colcon.colcon_core.shell:Creating environment hook '/home/kunal-jazzy/ros2_ws/install/ros_navigation/share/ros_navigation/hook/cmake_prefix_path.sh'
[0.324s] Level 1:colcon.colcon_core.environment:checking '/home/kunal-jazzy/ros2_ws/install/ros_navigation/bin'
[0.324s] Level 1:colcon.colcon_core.environment:checking '/home/kunal-jazzy/ros2_ws/install/ros_navigation/lib/pkgconfig/ros_navigation.pc'
[0.324s] Level 1:colcon.colcon_core.environment:checking '/home/kunal-jazzy/ros2_ws/install/ros_navigation/lib/python3.12/site-packages'
[0.325s] Level 1:colcon.colcon_core.environment:checking '/home/kunal-jazzy/ros2_ws/install/ros_navigation/bin'
[0.325s] INFO:colcon.colcon_core.shell:Creating package script '/home/kunal-jazzy/ros2_ws/install/ros_navigation/share/ros_navigation/package.ps1'
[0.325s] INFO:colcon.colcon_core.shell:Creating package descriptor '/home/kunal-jazzy/ros2_ws/install/ros_navigation/share/ros_navigation/package.dsv'
[0.326s] INFO:colcon.colcon_core.shell:Creating package script '/home/kunal-jazzy/ros2_ws/install/ros_navigation/share/ros_navigation/package.sh'
[0.327s] INFO:colcon.colcon_core.shell:Creating package script '/home/kunal-jazzy/ros2_ws/install/ros_navigation/share/ros_navigation/package.bash'
[0.328s] INFO:colcon.colcon_core.shell:Creating package script '/home/kunal-jazzy/ros2_ws/install/ros_navigation/share/ros_navigation/package.zsh'
[0.328s] Level 1:colcon.colcon_core.environment:create_file_with_runtime_dependencies(/home/kunal-jazzy/ros2_ws/install/ros_navigation/share/colcon-core/packages/ros_navigation)
[0.329s] Level 1:colcon.colcon_core.environment:create_environment_scripts_only(ros_navigation)
[0.329s] Level 1:colcon.colcon_core.environment:checking '/home/kunal-jazzy/ros2_ws/install/ros_navigation' for CMake module files
[0.329s] Level 1:colcon.colcon_core.environment:checking '/home/kunal-jazzy/ros2_ws/install/ros_navigation' for CMake config files
[0.329s] Level 1:colcon.colcon_core.shell:create_environment_hook('ros_navigation', 'cmake_prefix_path')
[0.329s] INFO:colcon.colcon_core.shell:Creating environment hook '/home/kunal-jazzy/ros2_ws/install/ros_navigation/share/ros_navigation/hook/cmake_prefix_path.ps1'
[0.329s] INFO:colcon.colcon_core.shell:Creating environment descriptor '/home/kunal-jazzy/ros2_ws/install/ros_navigation/share/ros_navigation/hook/cmake_prefix_path.dsv'
[0.330s] INFO:colcon.colcon_core.shell:Creating environment hook '/home/kunal-jazzy/ros2_ws/install/ros_navigation/share/ros_navigation/hook/cmake_prefix_path.sh'
[0.330s] Level 1:colcon.colcon_core.environment:checking '/home/kunal-jazzy/ros2_ws/install/ros_navigation/bin'
[0.330s] Level 1:colcon.colcon_core.environment:checking '/home/kunal-jazzy/ros2_ws/install/ros_navigation/lib/pkgconfig/ros_navigation.pc'
[0.330s] Level 1:colcon.colcon_core.environment:checking '/home/kunal-jazzy/ros2_ws/install/ros_navigation/lib/python3.12/site-packages'
[0.330s] Level 1:colcon.colcon_core.environment:checking '/home/kunal-jazzy/ros2_ws/install/ros_navigation/bin'
[0.331s] INFO:colcon.colcon_core.shell:Creating package script '/home/kunal-jazzy/ros2_ws/install/ros_navigation/share/ros_navigation/package.ps1'
[0.331s] INFO:colcon.colcon_core.shell:Creating package descriptor '/home/kunal-jazzy/ros2_ws/install/ros_navigation/share/ros_navigation/package.dsv'
[0.331s] INFO:colcon.colcon_core.shell:Creating package script '/home/kunal-jazzy/ros2_ws/install/ros_navigation/share/ros_navigation/package.sh'
[0.331s] INFO:colcon.colcon_core.shell:Creating package script '/home/kunal-jazzy/ros2_ws/install/ros_navigation/share/ros_navigation/package.bash'
[0.332s] INFO:colcon.colcon_core.shell:Creating package script '/home/kunal-jazzy/ros2_ws/install/ros_navigation/share/ros_navigation/package.zsh'
[0.332s] Level 1:colcon.colcon_core.environment:create_file_with_runtime_dependencies(/home/kunal-jazzy/ros2_ws/install/ros_navigation/share/colcon-core/packages/ros_navigation)
[0.332s] Level 1:colcon.colcon_core.environment:create_environment_scripts_only(ros_localization)
[0.332s] Level 1:colcon.colcon_core.environment:checking '/home/kunal-jazzy/ros2_ws/install/ros_localization' for CMake module files
[0.332s] Level 1:colcon.colcon_core.environment:checking '/home/kunal-jazzy/ros2_ws/install/ros_localization' for CMake config files
[0.333s] DEBUG:colcon.colcon_core.event_handler.log_command:Invoked command in '/home/kunal-jazzy/ros2_ws/build/ros_localization' returned '0': CMAKE_PREFIX_PATH=${CMAKE_PREFIX_PATH}:/home/kunal-jazzy/ROS2-Camera-Visualization/install/four_control:/opt/ros/jazzy DEBUGINFOD_URLS=https://debuginfod.ubuntu.com /usr/bin/cmake --install /home/kunal-jazzy/ros2_ws/build/ros_localization
[0.333s] Level 1:colcon.colcon_core.shell:create_environment_hook('ros_localization', 'cmake_prefix_path')
[0.333s] INFO:colcon.colcon_core.shell:Creating environment hook '/home/kunal-jazzy/ros2_ws/install/ros_localization/share/ros_localization/hook/cmake_prefix_path.ps1'
[0.333s] INFO:colcon.colcon_core.shell:Creating environment descriptor '/home/kunal-jazzy/ros2_ws/install/ros_localization/share/ros_localization/hook/cmake_prefix_path.dsv'
[0.333s] INFO:colcon.colcon_core.shell:Creating environment hook '/home/kunal-jazzy/ros2_ws/install/ros_localization/share/ros_localization/hook/cmake_prefix_path.sh'
[0.334s] Level 1:colcon.colcon_core.environment:checking '/home/kunal-jazzy/ros2_ws/install/ros_localization/bin'
[0.334s] Level 1:colcon.colcon_core.environment:checking '/home/kunal-jazzy/ros2_ws/install/ros_localization/lib/pkgconfig/ros_localization.pc'
[0.334s] Level 1:colcon.colcon_core.environment:checking '/home/kunal-jazzy/ros2_ws/install/ros_localization/lib/python3.12/site-packages'
[0.334s] Level 1:colcon.colcon_core.environment:checking '/home/kunal-jazzy/ros2_ws/install/ros_localization/bin'
[0.334s] INFO:colcon.colcon_core.shell:Creating package script '/home/kunal-jazzy/ros2_ws/install/ros_localization/share/ros_localization/package.ps1'
[0.334s] INFO:colcon.colcon_core.shell:Creating package descriptor '/home/kunal-jazzy/ros2_ws/install/ros_localization/share/ros_localization/package.dsv'
[0.335s] INFO:colcon.colcon_core.shell:Creating package script '/home/kunal-jazzy/ros2_ws/install/ros_localization/share/ros_localization/package.sh'
[0.335s] INFO:colcon.colcon_core.shell:Creating package script '/home/kunal-jazzy/ros2_ws/install/ros_localization/share/ros_localization/package.bash'
[0.335s] INFO:colcon.colcon_core.shell:Creating package script '/home/kunal-jazzy/ros2_ws/install/ros_localization/share/ros_localization/package.zsh'
[0.336s] Level 1:colcon.colcon_core.environment:create_file_with_runtime_dependencies(/home/kunal-jazzy/ros2_ws/install/ros_localization/share/colcon-core/packages/ros_localization)
[0.336s] Level 1:colcon.colcon_core.environment:create_environment_scripts_only(ros_localization)
[0.336s] Level 1:colcon.colcon_core.environment:checking '/home/kunal-jazzy/ros2_ws/install/ros_localization' for CMake module files
[0.346s] Level 1:colcon.colcon_core.environment:checking '/home/kunal-jazzy/ros2_ws/install/ros_localization' for CMake config files
[0.346s] Level 1:colcon.colcon_core.shell:create_environment_hook('ros_localization', 'cmake_prefix_path')
[0.346s] INFO:colcon.colcon_core.shell:Creating environment hook '/home/kunal-jazzy/ros2_ws/install/ros_localization/share/ros_localization/hook/cmake_prefix_path.ps1'
[0.346s] INFO:colcon.colcon_core.shell:Creating environment descriptor '/home/kunal-jazzy/ros2_ws/install/ros_localization/share/ros_localization/hook/cmake_prefix_path.dsv'
[0.347s] INFO:colcon.colcon_core.shell:Creating environment hook '/home/kunal-jazzy/ros2_ws/install/ros_localization/share/ros_localization/hook/cmake_prefix_path.sh'
[0.347s] Level 1:colcon.colcon_core.environment:checking '/home/kunal-jazzy/ros2_ws/install/ros_localization/bin'
[0.347s] Level 1:colcon.colcon_core.environment:checking '/home/kunal-jazzy/ros2_ws/install/ros_localization/lib/pkgconfig/ros_localization.pc'
[0.347s] Level 1:colcon.colcon_core.environment:checking '/home/kunal-jazzy/ros2_ws/install/ros_localization/lib/python3.12/site-packages'
[0.347s] Level 1:colcon.colcon_core.environment:checking '/home/kunal-jazzy/ros2_ws/install/ros_localization/bin'
[0.348s] INFO:colcon.colcon_core.shell:Creating package script '/home/kunal-jazzy/ros2_ws/install/ros_localization/share/ros_localization/package.ps1'
[0.348s] INFO:colcon.colcon_core.shell:Creating package descriptor '/home/kunal-jazzy/ros2_ws/install/ros_localization/share/ros_localization/package.dsv'
[0.348s] INFO:colcon.colcon_core.shell:Creating package script '/home/kunal-jazzy/ros2_ws/install/ros_localization/share/ros_localization/package.sh'
[0.348s] INFO:colcon.colcon_core.shell:Creating package script '/home/kunal-jazzy/ros2_ws/install/ros_localization/share/ros_localization/package.bash'
[0.349s] INFO:colcon.colcon_core.shell:Creating package script '/home/kunal-jazzy/ros2_ws/install/ros_localization/share/ros_localization/package.zsh'
[0.349s] Level 1:colcon.colcon_core.environment:create_file_with_runtime_dependencies(/home/kunal-jazzy/ros2_ws/install/ros_localization/share/colcon-core/packages/ros_localization)
[0.350s] Level 1:colcon.colcon_core.environment:create_environment_scripts_only(rosmaster_description)
[0.350s] DEBUG:colcon.colcon_core.event_handler.log_command:Invoked command in '/home/kunal-jazzy/ros2_ws/build/rosmaster_description' returned '0': CMAKE_PREFIX_PATH=${CMAKE_PREFIX_PATH}:/home/kunal-jazzy/ROS2-Camera-Visualization/install/four_control:/opt/ros/jazzy DEBUGINFOD_URLS=https://debuginfod.ubuntu.com /usr/bin/cmake --install /home/kunal-jazzy/ros2_ws/build/rosmaster_description
[0.350s] Level 1:colcon.colcon_core.environment:checking '/home/kunal-jazzy/ros2_ws/install/rosmaster_description' for CMake module files
[0.351s] Level 1:colcon.colcon_core.environment:checking '/home/kunal-jazzy/ros2_ws/install/rosmaster_description' for CMake config files
[0.351s] Level 1:colcon.colcon_core.shell:create_environment_hook('rosmaster_description', 'cmake_prefix_path')
[0.351s] INFO:colcon.colcon_core.shell:Creating environment hook '/home/kunal-jazzy/ros2_ws/install/rosmaster_description/share/rosmaster_description/hook/cmake_prefix_path.ps1'
[0.352s] INFO:colcon.colcon_core.shell:Creating environment descriptor '/home/kunal-jazzy/ros2_ws/install/rosmaster_description/share/rosmaster_description/hook/cmake_prefix_path.dsv'
[0.352s] INFO:colcon.colcon_core.shell:Creating environment hook '/home/kunal-jazzy/ros2_ws/install/rosmaster_description/share/rosmaster_description/hook/cmake_prefix_path.sh'
[0.352s] Level 1:colcon.colcon_core.environment:checking '/home/kunal-jazzy/ros2_ws/install/rosmaster_description/bin'
[0.352s] Level 1:colcon.colcon_core.environment:checking '/home/kunal-jazzy/ros2_ws/install/rosmaster_description/lib/pkgconfig/rosmaster_description.pc'
[0.353s] Level 1:colcon.colcon_core.environment:checking '/home/kunal-jazzy/ros2_ws/install/rosmaster_description/lib/python3.12/site-packages'
[0.353s] Level 1:colcon.colcon_core.environment:checking '/home/kunal-jazzy/ros2_ws/install/rosmaster_description/bin'
[0.353s] INFO:colcon.colcon_core.shell:Creating package script '/home/kunal-jazzy/ros2_ws/install/rosmaster_description/share/rosmaster_description/package.ps1'
[0.354s] INFO:colcon.colcon_core.shell:Creating package descriptor '/home/kunal-jazzy/ros2_ws/install/rosmaster_description/share/rosmaster_description/package.dsv'
[0.354s] INFO:colcon.colcon_core.shell:Creating package script '/home/kunal-jazzy/ros2_ws/install/rosmaster_description/share/rosmaster_description/package.sh'
[0.355s] INFO:colcon.colcon_core.shell:Creating package script '/home/kunal-jazzy/ros2_ws/install/rosmaster_description/share/rosmaster_description/package.bash'
[0.355s] INFO:colcon.colcon_core.shell:Creating package script '/home/kunal-jazzy/ros2_ws/install/rosmaster_description/share/rosmaster_description/package.zsh'
[0.355s] Level 1:colcon.colcon_core.environment:create_file_with_runtime_dependencies(/home/kunal-jazzy/ros2_ws/install/rosmaster_description/share/colcon-core/packages/rosmaster_description)
[0.356s] Level 1:colcon.colcon_core.environment:create_environment_scripts_only(rosmaster_description)
[0.356s] Level 1:colcon.colcon_core.environment:checking '/home/kunal-jazzy/ros2_ws/install/rosmaster_description' for CMake module files
[0.357s] Level 1:colcon.colcon_core.environment:checking '/home/kunal-jazzy/ros2_ws/install/rosmaster_description' for CMake config files
[0.357s] Level 1:colcon.colcon_core.shell:create_environment_hook('rosmaster_description', 'cmake_prefix_path')
[0.357s] INFO:colcon.colcon_core.shell:Creating environment hook '/home/kunal-jazzy/ros2_ws/install/rosmaster_description/share/rosmaster_description/hook/cmake_prefix_path.ps1'
[0.358s] INFO:colcon.colcon_core.shell:Creating environment descriptor '/home/kunal-jazzy/ros2_ws/install/rosmaster_description/share/rosmaster_description/hook/cmake_prefix_path.dsv'
[0.358s] INFO:colcon.colcon_core.shell:Creating environment hook '/home/kunal-jazzy/ros2_ws/install/rosmaster_description/share/rosmaster_description/hook/cmake_prefix_path.sh'
[0.359s] Level 1:colcon.colcon_core.environment:checking '/home/kunal-jazzy/ros2_ws/install/rosmaster_description/bin'
[0.359s] Level 1:colcon.colcon_core.environment:checking '/home/kunal-jazzy/ros2_ws/install/rosmaster_description/lib/pkgconfig/rosmaster_description.pc'
[0.359s] Level 1:colcon.colcon_core.environment:checking '/home/kunal-jazzy/ros2_ws/install/rosmaster_description/lib/python3.12/site-packages'
[0.360s] Level 1:colcon.colcon_core.environment:checking '/home/kunal-jazzy/ros2_ws/install/rosmaster_description/bin'
[0.360s] INFO:colcon.colcon_core.shell:Creating package script '/home/kunal-jazzy/ros2_ws/install/rosmaster_description/share/rosmaster_description/package.ps1'
[0.360s] INFO:colcon.colcon_core.shell:Creating package descriptor '/home/kunal-jazzy/ros2_ws/install/rosmaster_description/share/rosmaster_description/package.dsv'
[0.360s] INFO:colcon.colcon_core.shell:Creating package script '/home/kunal-jazzy/ros2_ws/install/rosmaster_description/share/rosmaster_description/package.sh'
[0.361s] INFO:colcon.colcon_core.shell:Creating package script '/home/kunal-jazzy/ros2_ws/install/rosmaster_description/share/rosmaster_description/package.bash'
[0.361s] INFO:colcon.colcon_core.shell:Creating package script '/home/kunal-jazzy/ros2_ws/install/rosmaster_description/share/rosmaster_description/package.zsh'
[0.361s] Level 1:colcon.colcon_core.environment:create_file_with_runtime_dependencies(/home/kunal-jazzy/ros2_ws/install/rosmaster_description/share/colcon-core/packages/rosmaster_description)
[0.361s] INFO:colcon.colcon_ros.task.ament_cmake.build:Building ROS package in '/home/kunal-jazzy/ros2_ws/src/ros2_ws' with build type 'ament_cmake'
[0.361s] INFO:colcon.colcon_cmake.task.cmake.build:Building CMake package in '/home/kunal-jazzy/ros2_ws/src/ros2_ws'
[0.362s] INFO:colcon.colcon_core.shell:Skip shell extension 'powershell' for command environment: Not usable outside of PowerShell
[0.362s] DEBUG:colcon.colcon_core.shell:Skip shell extension 'dsv' for command environment
[0.372s] DEBUG:colcon.colcon_core.event_handler.log_command:Invoking command in '/home/kunal-jazzy/ros2_ws/build/ros2_ws': CMAKE_PREFIX_PATH=/home/kunal-jazzy/ros2_ws/install/rosmaster_description:/home/kunal-jazzy/ros2_arm/install/ros2_arm:/home/kunal-jazzy/ros2_arm/install/arm_description:/home/kunal-jazzy/ros2_ws/install/ros2_ws:/home/kunal-jazzy/ros2_ws/install/ros_navigation:/home/kunal-jazzy/ros2_ws/install/ros_localization:/home/kunal-jazzy/ROS2-Camera-Visualization/install/four_worlds:/home/kunal-jazzy/ROS2-Camera-Visualization/install/four_control_bringup:/home/kunal-jazzy/ROS2-Camera-Visualization/install/four_wheel_description:/opt/ros/jazzy/opt/gz_sim_vendor:/opt/ros/jazzy/opt/gz_sensors_vendor:/opt/ros/jazzy/opt/gz_physics_vendor:/opt/ros/jazzy/opt/sdformat_vendor:/opt/ros/jazzy/opt/gz_gui_vendor:/opt/ros/jazzy/opt/gz_transport_vendor:/opt/ros/jazzy/opt/gz_rendering_vendor:/opt/ros/jazzy/opt/gz_plugin_vendor:/opt/ros/jazzy/opt/gz_fuel_tools_vendor:/opt/ros/jazzy/opt/gz_msgs_vendor:/opt/ros/jazzy/opt/gz_common_vendor:/opt/ros/jazzy/opt/gz_math_vendor:/opt/ros/jazzy/opt/gz_utils_vendor:/opt/ros/jazzy/opt/gz_tools_vendor:/opt/ros/jazzy/opt/gz_ogre_next_vendor:/opt/ros/jazzy/opt/gz_dartsim_vendor:/opt/ros/jazzy/opt/gz_cmake_vendor:/home/kunal-jazzy/ROS2-Camera-Visualization/install/four_control:/opt/ros/jazzy DEBUGINFOD_URLS=https://debuginfod.ubuntu.com /usr/bin/cmake --build /home/kunal-jazzy/ros2_ws/build/ros2_ws -- -j12 -l12
[0.424s] DEBUG:colcon.colcon_core.event_handler.log_command:Invoked command in '/home/kunal-jazzy/ros2_ws/build/ros2_ws' returned '0': CMAKE_PREFIX_PATH=/home/kunal-jazzy/ros2_ws/install/rosmaster_description:/home/kunal-jazzy/ros2_arm/install/ros2_arm:/home/kunal-jazzy/ros2_arm/install/arm_description:/home/kunal-jazzy/ros2_ws/install/ros2_ws:/home/kunal-jazzy/ros2_ws/install/ros_navigation:/home/kunal-jazzy/ros2_ws/install/ros_localization:/home/kunal-jazzy/ROS2-Camera-Visualization/install/four_worlds:/home/kunal-jazzy/ROS2-Camera-Visualization/install/four_control_bringup:/home/kunal-jazzy/ROS2-Camera-Visualization/install/four_wheel_description:/opt/ros/jazzy/opt/gz_sim_vendor:/opt/ros/jazzy/opt/gz_sensors_vendor:/opt/ros/jazzy/opt/gz_physics_vendor:/opt/ros/jazzy/opt/sdformat_vendor:/opt/ros/jazzy/opt/gz_gui_vendor:/opt/ros/jazzy/opt/gz_transport_vendor:/opt/ros/jazzy/opt/gz_rendering_vendor:/opt/ros/jazzy/opt/gz_plugin_vendor:/opt/ros/jazzy/opt/gz_fuel_tools_vendor:/opt/ros/jazzy/opt/gz_msgs_vendor:/opt/ros/jazzy/opt/gz_common_vendor:/opt/ros/jazzy/opt/gz_math_vendor:/opt/ros/jazzy/opt/gz_utils_vendor:/opt/ros/jazzy/opt/gz_tools_vendor:/opt/ros/jazzy/opt/gz_ogre_next_vendor:/opt/ros/jazzy/opt/gz_dartsim_vendor:/opt/ros/jazzy/opt/gz_cmake_vendor:/home/kunal-jazzy/ROS2-Camera-Visualization/install/four_control:/opt/ros/jazzy DEBUGINFOD_URLS=https://debuginfod.ubuntu.com /usr/bin/cmake --build /home/kunal-jazzy/ros2_ws/build/ros2_ws -- -j12 -l12
[0.425s] DEBUG:colcon.colcon_core.event_handler.log_command:Invoking command in '/home/kunal-jazzy/ros2_ws/build/ros2_ws': CMAKE_PREFIX_PATH=/home/kunal-jazzy/ros2_ws/install/rosmaster_description:/home/kunal-jazzy/ros2_arm/install/ros2_arm:/home/kunal-jazzy/ros2_arm/install/arm_description:/home/kunal-jazzy/ros2_ws/install/ros2_ws:/home/kunal-jazzy/ros2_ws/install/ros_navigation:/home/kunal-jazzy/ros2_ws/install/ros_localization:/home/kunal-jazzy/ROS2-Camera-Visualization/install/four_worlds:/home/kunal-jazzy/ROS2-Camera-Visualization/install/four_control_bringup:/home/kunal-jazzy/ROS2-Camera-Visualization/install/four_wheel_description:/opt/ros/jazzy/opt/gz_sim_vendor:/opt/ros/jazzy/opt/gz_sensors_vendor:/opt/ros/jazzy/opt/gz_physics_vendor:/opt/ros/jazzy/opt/sdformat_vendor:/opt/ros/jazzy/opt/gz_gui_vendor:/opt/ros/jazzy/opt/gz_transport_vendor:/opt/ros/jazzy/opt/gz_rendering_vendor:/opt/ros/jazzy/opt/gz_plugin_vendor:/opt/ros/jazzy/opt/gz_fuel_tools_vendor:/opt/ros/jazzy/opt/gz_msgs_vendor:/opt/ros/jazzy/opt/gz_common_vendor:/opt/ros/jazzy/opt/gz_math_vendor:/opt/ros/jazzy/opt/gz_utils_vendor:/opt/ros/jazzy/opt/gz_tools_vendor:/opt/ros/jazzy/opt/gz_ogre_next_vendor:/opt/ros/jazzy/opt/gz_dartsim_vendor:/opt/ros/jazzy/opt/gz_cmake_vendor:/home/kunal-jazzy/ROS2-Camera-Visualization/install/four_control:/opt/ros/jazzy DEBUGINFOD_URLS=https://debuginfod.ubuntu.com /usr/bin/cmake --install /home/kunal-jazzy/ros2_ws/build/ros2_ws
[0.436s] Level 1:colcon.colcon_core.environment:create_environment_scripts_only(ros2_ws)
[0.436s] Level 1:colcon.colcon_core.environment:checking '/home/kunal-jazzy/ros2_ws/install/ros2_ws' for CMake module files
[0.436s] DEBUG:colcon.colcon_core.event_handler.log_command:Invoked command in '/home/kunal-jazzy/ros2_ws/build/ros2_ws' returned '0': CMAKE_PREFIX_PATH=/home/kunal-jazzy/ros2_ws/install/rosmaster_description:/home/kunal-jazzy/ros2_arm/install/ros2_arm:/home/kunal-jazzy/ros2_arm/install/arm_description:/home/kunal-jazzy/ros2_ws/install/ros2_ws:/home/kunal-jazzy/ros2_ws/install/ros_navigation:/home/kunal-jazzy/ros2_ws/install/ros_localization:/home/kunal-jazzy/ROS2-Camera-Visualization/install/four_worlds:/home/kunal-jazzy/ROS2-Camera-Visualization/install/four_control_bringup:/home/kunal-jazzy/ROS2-Camera-Visualization/install/four_wheel_description:/opt/ros/jazzy/opt/gz_sim_vendor:/opt/ros/jazzy/opt/gz_sensors_vendor:/opt/ros/jazzy/opt/gz_physics_vendor:/opt/ros/jazzy/opt/sdformat_vendor:/opt/ros/jazzy/opt/gz_gui_vendor:/opt/ros/jazzy/opt/gz_transport_vendor:/opt/ros/jazzy/opt/gz_rendering_vendor:/opt/ros/jazzy/opt/gz_plugin_vendor:/opt/ros/jazzy/opt/gz_fuel_tools_vendor:/opt/ros/jazzy/opt/gz_msgs_vendor:/opt/ros/jazzy/opt/gz_common_vendor:/opt/ros/jazzy/opt/gz_math_vendor:/opt/ros/jazzy/opt/gz_utils_vendor:/opt/ros/jazzy/opt/gz_tools_vendor:/opt/ros/jazzy/opt/gz_ogre_next_vendor:/opt/ros/jazzy/opt/gz_dartsim_vendor:/opt/ros/jazzy/opt/gz_cmake_vendor:/home/kunal-jazzy/ROS2-Camera-Visualization/install/four_control:/opt/ros/jazzy DEBUGINFOD_URLS=https://debuginfod.ubuntu.com /usr/bin/cmake --install /home/kunal-jazzy/ros2_ws/build/ros2_ws
[0.437s] Level 1:colcon.colcon_core.environment:checking '/home/kunal-jazzy/ros2_ws/install/ros2_ws' for CMake config files
[0.437s] Level 1:colcon.colcon_core.shell:create_environment_hook('ros2_ws', 'cmake_prefix_path')
[0.437s] INFO:colcon.colcon_core.shell:Creating environment hook '/home/kunal-jazzy/ros2_ws/install/ros2_ws/share/ros2_ws/hook/cmake_prefix_path.ps1'
[0.438s] INFO:colcon.colcon_core.shell:Creating environment descriptor '/home/kunal-jazzy/ros2_ws/install/ros2_ws/share/ros2_ws/hook/cmake_prefix_path.dsv'
[0.438s] INFO:colcon.colcon_core.shell:Creating environment hook '/home/kunal-jazzy/ros2_ws/install/ros2_ws/share/ros2_ws/hook/cmake_prefix_path.sh'
[0.439s] Level 1:colcon.colcon_core.environment:checking '/home/kunal-jazzy/ros2_ws/install/ros2_ws/bin'
[0.439s] Level 1:colcon.colcon_core.environment:checking '/home/kunal-jazzy/ros2_ws/install/ros2_ws/lib/pkgconfig/ros2_ws.pc'
[0.439s] Level 1:colcon.colcon_core.environment:checking '/home/kunal-jazzy/ros2_ws/install/ros2_ws/lib/python3.12/site-packages'
[0.439s] Level 1:colcon.colcon_core.environment:checking '/home/kunal-jazzy/ros2_ws/install/ros2_ws/bin'
[0.439s] INFO:colcon.colcon_core.shell:Creating package script '/home/kunal-jazzy/ros2_ws/install/ros2_ws/share/ros2_ws/package.ps1'
[0.440s] INFO:colcon.colcon_core.shell:Creating package descriptor '/home/kunal-jazzy/ros2_ws/install/ros2_ws/share/ros2_ws/package.dsv'
[0.440s] INFO:colcon.colcon_core.shell:Creating package script '/home/kunal-jazzy/ros2_ws/install/ros2_ws/share/ros2_ws/package.sh'
[0.440s] INFO:colcon.colcon_core.shell:Creating package script '/home/kunal-jazzy/ros2_ws/install/ros2_ws/share/ros2_ws/package.bash'
[0.441s] INFO:colcon.colcon_core.shell:Creating package script '/home/kunal-jazzy/ros2_ws/install/ros2_ws/share/ros2_ws/package.zsh'
[0.441s] Level 1:colcon.colcon_core.environment:create_file_with_runtime_dependencies(/home/kunal-jazzy/ros2_ws/install/ros2_ws/share/colcon-core/packages/ros2_ws)
[0.441s] Level 1:colcon.colcon_core.environment:create_environment_scripts_only(ros2_ws)
[0.442s] Level 1:colcon.colcon_core.environment:checking '/home/kunal-jazzy/ros2_ws/install/ros2_ws' for CMake module files
[0.442s] Level 1:colcon.colcon_core.environment:checking '/home/kunal-jazzy/ros2_ws/install/ros2_ws' for CMake config files
[0.442s] Level 1:colcon.colcon_core.shell:create_environment_hook('ros2_ws', 'cmake_prefix_path')
[0.442s] INFO:colcon.colcon_core.shell:Creating environment hook '/home/kunal-jazzy/ros2_ws/install/ros2_ws/share/ros2_ws/hook/cmake_prefix_path.ps1'
[0.443s] INFO:colcon.colcon_core.shell:Creating environment descriptor '/home/kunal-jazzy/ros2_ws/install/ros2_ws/share/ros2_ws/hook/cmake_prefix_path.dsv'
[0.443s] INFO:colcon.colcon_core.shell:Creating environment hook '/home/kunal-jazzy/ros2_ws/install/ros2_ws/share/ros2_ws/hook/cmake_prefix_path.sh'
[0.443s] Level 1:colcon.colcon_core.environment:checking '/home/kunal-jazzy/ros2_ws/install/ros2_ws/bin'
[0.443s] Level 1:colcon.colcon_core.environment:checking '/home/kunal-jazzy/ros2_ws/install/ros2_ws/lib/pkgconfig/ros2_ws.pc'
[0.444s] Level 1:colcon.colcon_core.environment:checking '/home/kunal-jazzy/ros2_ws/install/ros2_ws/lib/python3.12/site-packages'
[0.444s] Level 1:colcon.colcon_core.environment:checking '/home/kunal-jazzy/ros2_ws/install/ros2_ws/bin'
[0.444s] INFO:colcon.colcon_core.shell:Creating package script '/home/kunal-jazzy/ros2_ws/install/ros2_ws/share/ros2_ws/package.ps1'
[0.444s] INFO:colcon.colcon_core.shell:Creating package descriptor '/home/kunal-jazzy/ros2_ws/install/ros2_ws/share/ros2_ws/package.dsv'
[0.444s] INFO:colcon.colcon_core.shell:Creating package script '/home/kunal-jazzy/ros2_ws/install/ros2_ws/share/ros2_ws/package.sh'
[0.445s] INFO:colcon.colcon_core.shell:Creating package script '/home/kunal-jazzy/ros2_ws/install/ros2_ws/share/ros2_ws/package.bash'
[0.445s] INFO:colcon.colcon_core.shell:Creating package script '/home/kunal-jazzy/ros2_ws/install/ros2_ws/share/ros2_ws/package.zsh'
[0.445s] Level 1:colcon.colcon_core.environment:create_file_with_runtime_dependencies(/home/kunal-jazzy/ros2_ws/install/ros2_ws/share/colcon-core/packages/ros2_ws)
[0.445s] DEBUG:colcon.colcon_parallel_executor.executor.parallel:closing loop
[0.445s] DEBUG:colcon.colcon_parallel_executor.executor.parallel:loop closed
[0.446s] DEBUG:colcon.colcon_parallel_executor.executor.parallel:run_until_complete finished with '0'
[0.446s] DEBUG:colcon.colcon_core.event_reactor:joining thread
[0.450s] INFO:colcon.colcon_core.plugin_system:Skipping extension 'colcon_notification.desktop_notification.terminal_notifier': Not used on non-Darwin systems
[0.450s] INFO:colcon.colcon_core.plugin_system:Skipping extension 'colcon_notification.desktop_notification.win32': Not used on non-Windows systems
[0.450s] INFO:colcon.colcon_notification.desktop_notification:Sending desktop notification using 'notify2'
[0.471s] DEBUG:colcon.colcon_core.event_reactor:joined thread
[0.471s] INFO:colcon.colcon_core.shell:Creating prefix script '/home/kunal-jazzy/ros2_ws/install/local_setup.ps1'
[0.472s] INFO:colcon.colcon_core.shell:Creating prefix util module '/home/kunal-jazzy/ros2_ws/install/_local_setup_util_ps1.py'
[0.473s] INFO:colcon.colcon_core.shell:Creating prefix chain script '/home/kunal-jazzy/ros2_ws/install/setup.ps1'
[0.475s] INFO:colcon.colcon_core.shell:Creating prefix script '/home/kunal-jazzy/ros2_ws/install/local_setup.sh'
[0.477s] INFO:colcon.colcon_core.shell:Creating prefix util module '/home/kunal-jazzy/ros2_ws/install/_local_setup_util_sh.py'
[0.477s] INFO:colcon.colcon_core.shell:Creating prefix chain script '/home/kunal-jazzy/ros2_ws/install/setup.sh'
[0.478s] INFO:colcon.colcon_core.shell:Creating prefix script '/home/kunal-jazzy/ros2_ws/install/local_setup.bash'
[0.479s] INFO:colcon.colcon_core.shell:Creating prefix chain script '/home/kunal-jazzy/ros2_ws/install/setup.bash'
[0.480s] INFO:colcon.colcon_core.shell:Creating prefix script '/home/kunal-jazzy/ros2_ws/install/local_setup.zsh'
[0.481s] INFO:colcon.colcon_core.shell:Creating prefix chain script '/home/kunal-jazzy/ros2_ws/install/setup.zsh'
