[0.261s] DEBUG:colcon:Command line arguments: ['/usr/bin/colcon', 'build']
[0.261s] DEBUG:colcon:Parsed command line arguments: Namespace(log_base=None, log_level=None, verb_name='build', build_base='build', install_base='install', merge_install=False, symlink_install=False, test_result_base=None, continue_on_error=False, executor='parallel', parallel_workers=12, event_handlers=None, ignore_user_meta=False, metas=['./colcon.meta'], base_paths=['.'], packages_ignore=None, packages_ignore_regex=None, paths=None, packages_up_to=None, packages_up_to_regex=None, packages_above=None, packages_above_and_dependencies=None, packages_above_depth=None, packages_select_by_dep=None, packages_skip_by_dep=None, packages_skip_up_to=None, packages_select_build_failed=False, packages_skip_build_finished=False, packages_select_test_failures=False, packages_skip_test_passed=False, packages_select=None, packages_skip=None, packages_select_regex=None, packages_skip_regex=None, packages_start=None, packages_end=None, allow_overriding=[], cmake_args=None, cmake_target=None, cmake_target_skip_unavailable=False, cmake_clean_cache=False, cmake_clean_first=False, cmake_force_configure=False, ament_cmake_args=None, catkin_cmake_args=None, catkin_skip_building_tests=False, verb_parser=<colcon_defaults.argument_parser.defaults.DefaultArgumentsDecorator object at 0x7830ef872780>, verb_extension=<colcon_core.verb.build.BuildVerb object at 0x7830ef9bd280>, main=<bound method BuildVerb.main of <colcon_core.verb.build.BuildVerb object at 0x7830ef9bd280>>)
[0.309s] Level 1:colcon.colcon_core.package_discovery:discover_packages(colcon_meta) check parameters
[0.309s] Level 1:colcon.colcon_core.package_discovery:discover_packages(recursive) check parameters
[0.309s] Level 1:colcon.colcon_core.package_discovery:discover_packages(ignore) check parameters
[0.309s] Level 1:colcon.colcon_core.package_discovery:discover_packages(path) check parameters
[0.309s] Level 1:colcon.colcon_core.package_discovery:discover_packages(colcon_meta) discover
[0.310s] Level 1:colcon.colcon_core.package_discovery:discover_packages(recursive) discover
[0.310s] INFO:colcon.colcon_core.package_discovery:Crawling recursively for packages in '/home/kunal-jazzy/ros2_ws'
[0.310s] Level 1:colcon.colcon_core.package_identification:_identify(.) by extensions ['ignore', 'ignore_ament_install']
[0.310s] Level 1:colcon.colcon_core.package_identification:_identify(.) by extension 'ignore'
[0.310s] Level 1:colcon.colcon_core.package_identification:_identify(.) by extension 'ignore_ament_install'
[0.310s] Level 1:colcon.colcon_core.package_identification:_identify(.) by extensions ['colcon_pkg']
[0.310s] Level 1:colcon.colcon_core.package_identification:_identify(.) by extension 'colcon_pkg'
[0.310s] Level 1:colcon.colcon_core.package_identification:_identify(.) by extensions ['colcon_meta']
[0.310s] Level 1:colcon.colcon_core.package_identification:_identify(.) by extension 'colcon_meta'
[0.310s] Level 1:colcon.colcon_core.package_identification:_identify(.) by extensions ['ros']
[0.310s] Level 1:colcon.colcon_core.package_identification:_identify(.) by extension 'ros'
[0.341s] Level 1:colcon.colcon_core.package_identification:_identify(.) by extensions ['cmake', 'python']
[0.341s] Level 1:colcon.colcon_core.package_identification:_identify(.) by extension 'cmake'
[0.341s] Level 1:colcon.colcon_core.package_identification:_identify(.) by extension 'python'
[0.341s] Level 1:colcon.colcon_core.package_identification:_identify(.) by extensions ['python_setup_py']
[0.341s] Level 1:colcon.colcon_core.package_identification:_identify(.) by extension 'python_setup_py'
[0.341s] Level 1:colcon.colcon_core.package_identification:_identify(build) by extensions ['ignore', 'ignore_ament_install']
[0.341s] Level 1:colcon.colcon_core.package_identification:_identify(build) by extension 'ignore'
[0.341s] Level 1:colcon.colcon_core.package_identification:_identify(build) ignored
[0.341s] Level 1:colcon.colcon_core.package_identification:_identify(install) by extensions ['ignore', 'ignore_ament_install']
[0.342s] Level 1:colcon.colcon_core.package_identification:_identify(install) by extension 'ignore'
[0.342s] Level 1:colcon.colcon_core.package_identification:_identify(install) ignored
[0.342s] Level 1:colcon.colcon_core.package_identification:_identify(log) by extensions ['ignore', 'ignore_ament_install']
[0.342s] Level 1:colcon.colcon_core.package_identification:_identify(log) by extension 'ignore'
[0.342s] Level 1:colcon.colcon_core.package_identification:_identify(log) ignored
[0.342s] Level 1:colcon.colcon_core.package_identification:_identify(src) by extensions ['ignore', 'ignore_ament_install']
[0.342s] Level 1:colcon.colcon_core.package_identification:_identify(src) by extension 'ignore'
[0.342s] Level 1:colcon.colcon_core.package_identification:_identify(src) by extension 'ignore_ament_install'
[0.342s] Level 1:colcon.colcon_core.package_identification:_identify(src) by extensions ['colcon_pkg']
[0.342s] Level 1:colcon.colcon_core.package_identification:_identify(src) by extension 'colcon_pkg'
[0.342s] Level 1:colcon.colcon_core.package_identification:_identify(src) by extensions ['colcon_meta']
[0.342s] Level 1:colcon.colcon_core.package_identification:_identify(src) by extension 'colcon_meta'
[0.342s] Level 1:colcon.colcon_core.package_identification:_identify(src) by extensions ['ros']
[0.342s] Level 1:colcon.colcon_core.package_identification:_identify(src) by extension 'ros'
[0.342s] Level 1:colcon.colcon_core.package_identification:_identify(src) by extensions ['cmake', 'python']
[0.342s] Level 1:colcon.colcon_core.package_identification:_identify(src) by extension 'cmake'
[0.342s] Level 1:colcon.colcon_core.package_identification:_identify(src) by extension 'python'
[0.342s] Level 1:colcon.colcon_core.package_identification:_identify(src) by extensions ['python_setup_py']
[0.342s] Level 1:colcon.colcon_core.package_identification:_identify(src) by extension 'python_setup_py'
[0.343s] Level 1:colcon.colcon_core.package_identification:_identify(src/ros_localization) by extensions ['ignore', 'ignore_ament_install']
[0.343s] Level 1:colcon.colcon_core.package_identification:_identify(src/ros_localization) by extension 'ignore'
[0.343s] Level 1:colcon.colcon_core.package_identification:_identify(src/ros_localization) by extension 'ignore_ament_install'
[0.343s] Level 1:colcon.colcon_core.package_identification:_identify(src/ros_localization) by extensions ['colcon_pkg']
[0.343s] Level 1:colcon.colcon_core.package_identification:_identify(src/ros_localization) by extension 'colcon_pkg'
[0.343s] Level 1:colcon.colcon_core.package_identification:_identify(src/ros_localization) by extensions ['colcon_meta']
[0.343s] Level 1:colcon.colcon_core.package_identification:_identify(src/ros_localization) by extension 'colcon_meta'
[0.343s] Level 1:colcon.colcon_core.package_identification:_identify(src/ros_localization) by extensions ['ros']
[0.343s] Level 1:colcon.colcon_core.package_identification:_identify(src/ros_localization) by extension 'ros'
[0.346s] DEBUG:colcon.colcon_core.package_identification:Package 'src/ros_localization' with type 'ros.ament_cmake' and name 'ros_localization'
[0.346s] Level 1:colcon.colcon_core.package_identification:_identify(src/ros_navigation) by extensions ['ignore', 'ignore_ament_install']
[0.346s] Level 1:colcon.colcon_core.package_identification:_identify(src/ros_navigation) by extension 'ignore'
[0.346s] Level 1:colcon.colcon_core.package_identification:_identify(src/ros_navigation) by extension 'ignore_ament_install'
[0.346s] Level 1:colcon.colcon_core.package_identification:_identify(src/ros_navigation) by extensions ['colcon_pkg']
[0.346s] Level 1:colcon.colcon_core.package_identification:_identify(src/ros_navigation) by extension 'colcon_pkg'
[0.346s] Level 1:colcon.colcon_core.package_identification:_identify(src/ros_navigation) by extensions ['colcon_meta']
[0.346s] Level 1:colcon.colcon_core.package_identification:_identify(src/ros_navigation) by extension 'colcon_meta'
[0.346s] Level 1:colcon.colcon_core.package_identification:_identify(src/ros_navigation) by extensions ['ros']
[0.346s] Level 1:colcon.colcon_core.package_identification:_identify(src/ros_navigation) by extension 'ros'
[0.348s] DEBUG:colcon.colcon_core.package_identification:Package 'src/ros_navigation' with type 'ros.ament_cmake' and name 'ros_navigation'
[0.348s] Level 1:colcon.colcon_core.package_discovery:discover_packages(recursive) using defaults
[0.348s] Level 1:colcon.colcon_core.package_discovery:discover_packages(ignore) discover
[0.348s] Level 1:colcon.colcon_core.package_discovery:discover_packages(ignore) using defaults
[0.348s] Level 1:colcon.colcon_core.package_discovery:discover_packages(path) discover
[0.348s] Level 1:colcon.colcon_core.package_discovery:discover_packages(path) using defaults
[0.377s] Level 1:colcon.colcon_core.package_discovery:discover_packages(prefix_path) check parameters
[0.377s] Level 1:colcon.colcon_core.package_discovery:discover_packages(prefix_path) discover
[0.381s] DEBUG:colcon.colcon_installed_package_information.package_discovery:Found 4 installed packages in /home/kunal-jazzy/ROS2-Camera-Visualization/install
[0.383s] DEBUG:colcon.colcon_installed_package_information.package_discovery:Found 486 installed packages in /opt/ros/jazzy
[0.385s] Level 1:colcon.colcon_core.package_discovery:discover_packages(prefix_path) using defaults
[0.456s] Level 5:colcon.colcon_core.verb:set package 'ros_localization' build argument 'cmake_args' from command line to 'None'
[0.456s] Level 5:colcon.colcon_core.verb:set package 'ros_localization' build argument 'cmake_target' from command line to 'None'
[0.456s] Level 5:colcon.colcon_core.verb:set package 'ros_localization' build argument 'cmake_target_skip_unavailable' from command line to 'False'
[0.456s] Level 5:colcon.colcon_core.verb:set package 'ros_localization' build argument 'cmake_clean_cache' from command line to 'False'
[0.456s] Level 5:colcon.colcon_core.verb:set package 'ros_localization' build argument 'cmake_clean_first' from command line to 'False'
[0.456s] Level 5:colcon.colcon_core.verb:set package 'ros_localization' build argument 'cmake_force_configure' from command line to 'False'
[0.456s] Level 5:colcon.colcon_core.verb:set package 'ros_localization' build argument 'ament_cmake_args' from command line to 'None'
[0.456s] Level 5:colcon.colcon_core.verb:set package 'ros_localization' build argument 'catkin_cmake_args' from command line to 'None'
[0.456s] Level 5:colcon.colcon_core.verb:set package 'ros_localization' build argument 'catkin_skip_building_tests' from command line to 'False'
[0.456s] DEBUG:colcon.colcon_core.verb:Building package 'ros_localization' with the following arguments: {'ament_cmake_args': None, 'build_base': '/home/kunal-jazzy/ros2_ws/build/ros_localization', 'catkin_cmake_args': None, 'catkin_skip_building_tests': False, 'cmake_args': None, 'cmake_clean_cache': False, 'cmake_clean_first': False, 'cmake_force_configure': False, 'cmake_target': None, 'cmake_target_skip_unavailable': False, 'install_base': '/home/kunal-jazzy/ros2_ws/install/ros_localization', 'merge_install': False, 'path': '/home/kunal-jazzy/ros2_ws/src/ros_localization', 'symlink_install': False, 'test_result_base': None}
[0.457s] Level 5:colcon.colcon_core.verb:set package 'ros_navigation' build argument 'cmake_args' from command line to 'None'
[0.457s] Level 5:colcon.colcon_core.verb:set package 'ros_navigation' build argument 'cmake_target' from command line to 'None'
[0.457s] Level 5:colcon.colcon_core.verb:set package 'ros_navigation' build argument 'cmake_target_skip_unavailable' from command line to 'False'
[0.457s] Level 5:colcon.colcon_core.verb:set package 'ros_navigation' build argument 'cmake_clean_cache' from command line to 'False'
[0.457s] Level 5:colcon.colcon_core.verb:set package 'ros_navigation' build argument 'cmake_clean_first' from command line to 'False'
[0.457s] Level 5:colcon.colcon_core.verb:set package 'ros_navigation' build argument 'cmake_force_configure' from command line to 'False'
[0.457s] Level 5:colcon.colcon_core.verb:set package 'ros_navigation' build argument 'ament_cmake_args' from command line to 'None'
[0.457s] Level 5:colcon.colcon_core.verb:set package 'ros_navigation' build argument 'catkin_cmake_args' from command line to 'None'
[0.457s] Level 5:colcon.colcon_core.verb:set package 'ros_navigation' build argument 'catkin_skip_building_tests' from command line to 'False'
[0.457s] DEBUG:colcon.colcon_core.verb:Building package 'ros_navigation' with the following arguments: {'ament_cmake_args': None, 'build_base': '/home/kunal-jazzy/ros2_ws/build/ros_navigation', 'catkin_cmake_args': None, 'catkin_skip_building_tests': False, 'cmake_args': None, 'cmake_clean_cache': False, 'cmake_clean_first': False, 'cmake_force_configure': False, 'cmake_target': None, 'cmake_target_skip_unavailable': False, 'install_base': '/home/kunal-jazzy/ros2_ws/install/ros_navigation', 'merge_install': False, 'path': '/home/kunal-jazzy/ros2_ws/src/ros_navigation', 'symlink_install': False, 'test_result_base': None}
[0.457s] INFO:colcon.colcon_core.executor:Executing jobs using 'parallel' executor
[0.458s] DEBUG:colcon.colcon_parallel_executor.executor.parallel:run_until_complete
[0.458s] INFO:colcon.colcon_ros.task.ament_cmake.build:Building ROS package in '/home/kunal-jazzy/ros2_ws/src/ros_localization' with build type 'ament_cmake'
[0.459s] INFO:colcon.colcon_cmake.task.cmake.build:Building CMake package in '/home/kunal-jazzy/ros2_ws/src/ros_localization'
[0.465s] INFO:colcon.colcon_core.plugin_system:Skipping extension 'colcon_core.shell.bat': Not used on non-Windows systems
[0.466s] INFO:colcon.colcon_core.shell:Skip shell extension 'powershell' for command environment: Not usable outside of PowerShell
[0.466s] DEBUG:colcon.colcon_core.shell:Skip shell extension 'dsv' for command environment
[0.471s] INFO:colcon.colcon_ros.task.ament_cmake.build:Building ROS package in '/home/kunal-jazzy/ros2_ws/src/ros_navigation' with build type 'ament_cmake'
[0.471s] INFO:colcon.colcon_cmake.task.cmake.build:Building CMake package in '/home/kunal-jazzy/ros2_ws/src/ros_navigation'
[0.471s] INFO:colcon.colcon_core.shell:Skip shell extension 'powershell' for command environment: Not usable outside of PowerShell
[0.472s] DEBUG:colcon.colcon_core.shell:Skip shell extension 'dsv' for command environment
[0.479s] DEBUG:colcon.colcon_core.event_handler.log_command:Invoking command in '/home/kunal-jazzy/ros2_ws/build/ros_localization': CMAKE_PREFIX_PATH=${CMAKE_PREFIX_PATH}:/home/kunal-jazzy/ROS2-Camera-Visualization/install/four_control:/opt/ros/jazzy DEBUGINFOD_URLS=https://debuginfod.ubuntu.com /usr/bin/cmake /home/kunal-jazzy/ros2_ws/src/ros_localization -DCMAKE_INSTALL_PREFIX=/home/kunal-jazzy/ros2_ws/install/ros_localization
[0.487s] DEBUG:colcon.colcon_core.event_handler.log_command:Invoking command in '/home/kunal-jazzy/ros2_ws/build/ros_navigation': CMAKE_PREFIX_PATH=${CMAKE_PREFIX_PATH}:/home/kunal-jazzy/ROS2-Camera-Visualization/install/four_control:/opt/ros/jazzy DEBUGINFOD_URLS=https://debuginfod.ubuntu.com /usr/bin/cmake /home/kunal-jazzy/ros2_ws/src/ros_navigation -DCMAKE_INSTALL_PREFIX=/home/kunal-jazzy/ros2_ws/install/ros_navigation
[2.323s] DEBUG:colcon.colcon_core.event_handler.log_command:Invoked command in '/home/kunal-jazzy/ros2_ws/build/ros_localization' returned '0': CMAKE_PREFIX_PATH=${CMAKE_PREFIX_PATH}:/home/kunal-jazzy/ROS2-Camera-Visualization/install/four_control:/opt/ros/jazzy DEBUGINFOD_URLS=https://debuginfod.ubuntu.com /usr/bin/cmake /home/kunal-jazzy/ros2_ws/src/ros_localization -DCMAKE_INSTALL_PREFIX=/home/kunal-jazzy/ros2_ws/install/ros_localization
[2.326s] DEBUG:colcon.colcon_core.event_handler.log_command:Invoking command in '/home/kunal-jazzy/ros2_ws/build/ros_localization': CMAKE_PREFIX_PATH=${CMAKE_PREFIX_PATH}:/home/kunal-jazzy/ROS2-Camera-Visualization/install/four_control:/opt/ros/jazzy DEBUGINFOD_URLS=https://debuginfod.ubuntu.com /usr/bin/cmake --build /home/kunal-jazzy/ros2_ws/build/ros_localization -- -j12 -l12
[2.388s] DEBUG:colcon.colcon_core.event_handler.log_command:Invoked command in '/home/kunal-jazzy/ros2_ws/build/ros_localization' returned '0': CMAKE_PREFIX_PATH=${CMAKE_PREFIX_PATH}:/home/kunal-jazzy/ROS2-Camera-Visualization/install/four_control:/opt/ros/jazzy DEBUGINFOD_URLS=https://debuginfod.ubuntu.com /usr/bin/cmake --build /home/kunal-jazzy/ros2_ws/build/ros_localization -- -j12 -l12
[2.401s] DEBUG:colcon.colcon_core.event_handler.log_command:Invoking command in '/home/kunal-jazzy/ros2_ws/build/ros_localization': CMAKE_PREFIX_PATH=${CMAKE_PREFIX_PATH}:/home/kunal-jazzy/ROS2-Camera-Visualization/install/four_control:/opt/ros/jazzy DEBUGINFOD_URLS=https://debuginfod.ubuntu.com /usr/bin/cmake --install /home/kunal-jazzy/ros2_ws/build/ros_localization
[2.417s] Level 1:colcon.colcon_core.environment:create_environment_scripts_only(ros_localization)
[2.417s] DEBUG:colcon.colcon_core.event_handler.log_command:Invoked command in '/home/kunal-jazzy/ros2_ws/build/ros_localization' returned '0': CMAKE_PREFIX_PATH=${CMAKE_PREFIX_PATH}:/home/kunal-jazzy/ROS2-Camera-Visualization/install/four_control:/opt/ros/jazzy DEBUGINFOD_URLS=https://debuginfod.ubuntu.com /usr/bin/cmake --install /home/kunal-jazzy/ros2_ws/build/ros_localization
[2.422s] Level 1:colcon.colcon_core.environment:checking '/home/kunal-jazzy/ros2_ws/install/ros_localization' for CMake module files
[2.423s] Level 1:colcon.colcon_core.environment:checking '/home/kunal-jazzy/ros2_ws/install/ros_localization' for CMake config files
[2.423s] Level 1:colcon.colcon_core.shell:create_environment_hook('ros_localization', 'cmake_prefix_path')
[2.423s] INFO:colcon.colcon_core.shell:Creating environment hook '/home/kunal-jazzy/ros2_ws/install/ros_localization/share/ros_localization/hook/cmake_prefix_path.ps1'
[2.424s] INFO:colcon.colcon_core.shell:Creating environment descriptor '/home/kunal-jazzy/ros2_ws/install/ros_localization/share/ros_localization/hook/cmake_prefix_path.dsv'
[2.425s] INFO:colcon.colcon_core.shell:Creating environment hook '/home/kunal-jazzy/ros2_ws/install/ros_localization/share/ros_localization/hook/cmake_prefix_path.sh'
[2.426s] Level 1:colcon.colcon_core.environment:checking '/home/kunal-jazzy/ros2_ws/install/ros_localization/bin'
[2.426s] Level 1:colcon.colcon_core.environment:checking '/home/kunal-jazzy/ros2_ws/install/ros_localization/lib/pkgconfig/ros_localization.pc'
[2.426s] Level 1:colcon.colcon_core.environment:checking '/home/kunal-jazzy/ros2_ws/install/ros_localization/lib/python3.12/site-packages'
[2.426s] Level 1:colcon.colcon_core.environment:checking '/home/kunal-jazzy/ros2_ws/install/ros_localization/bin'
[2.427s] INFO:colcon.colcon_core.shell:Creating package script '/home/kunal-jazzy/ros2_ws/install/ros_localization/share/ros_localization/package.ps1'
[2.428s] INFO:colcon.colcon_core.shell:Creating package descriptor '/home/kunal-jazzy/ros2_ws/install/ros_localization/share/ros_localization/package.dsv'
[2.428s] INFO:colcon.colcon_core.shell:Creating package script '/home/kunal-jazzy/ros2_ws/install/ros_localization/share/ros_localization/package.sh'
[2.429s] INFO:colcon.colcon_core.shell:Creating package script '/home/kunal-jazzy/ros2_ws/install/ros_localization/share/ros_localization/package.bash'
[2.430s] INFO:colcon.colcon_core.shell:Creating package script '/home/kunal-jazzy/ros2_ws/install/ros_localization/share/ros_localization/package.zsh'
[2.431s] Level 1:colcon.colcon_core.environment:create_file_with_runtime_dependencies(/home/kunal-jazzy/ros2_ws/install/ros_localization/share/colcon-core/packages/ros_localization)
[2.432s] Level 1:colcon.colcon_core.environment:create_environment_scripts_only(ros_localization)
[2.432s] Level 1:colcon.colcon_core.environment:checking '/home/kunal-jazzy/ros2_ws/install/ros_localization' for CMake module files
[2.433s] Level 1:colcon.colcon_core.environment:checking '/home/kunal-jazzy/ros2_ws/install/ros_localization' for CMake config files
[2.433s] Level 1:colcon.colcon_core.shell:create_environment_hook('ros_localization', 'cmake_prefix_path')
[2.433s] INFO:colcon.colcon_core.shell:Creating environment hook '/home/kunal-jazzy/ros2_ws/install/ros_localization/share/ros_localization/hook/cmake_prefix_path.ps1'
[2.433s] INFO:colcon.colcon_core.shell:Creating environment descriptor '/home/kunal-jazzy/ros2_ws/install/ros_localization/share/ros_localization/hook/cmake_prefix_path.dsv'
[2.434s] INFO:colcon.colcon_core.shell:Creating environment hook '/home/kunal-jazzy/ros2_ws/install/ros_localization/share/ros_localization/hook/cmake_prefix_path.sh'
[2.434s] Level 1:colcon.colcon_core.environment:checking '/home/kunal-jazzy/ros2_ws/install/ros_localization/bin'
[2.434s] Level 1:colcon.colcon_core.environment:checking '/home/kunal-jazzy/ros2_ws/install/ros_localization/lib/pkgconfig/ros_localization.pc'
[2.435s] Level 1:colcon.colcon_core.environment:checking '/home/kunal-jazzy/ros2_ws/install/ros_localization/lib/python3.12/site-packages'
[2.435s] Level 1:colcon.colcon_core.environment:checking '/home/kunal-jazzy/ros2_ws/install/ros_localization/bin'
[2.435s] INFO:colcon.colcon_core.shell:Creating package script '/home/kunal-jazzy/ros2_ws/install/ros_localization/share/ros_localization/package.ps1'
[2.436s] INFO:colcon.colcon_core.shell:Creating package descriptor '/home/kunal-jazzy/ros2_ws/install/ros_localization/share/ros_localization/package.dsv'
[2.436s] INFO:colcon.colcon_core.shell:Creating package script '/home/kunal-jazzy/ros2_ws/install/ros_localization/share/ros_localization/package.sh'
[2.436s] INFO:colcon.colcon_core.shell:Creating package script '/home/kunal-jazzy/ros2_ws/install/ros_localization/share/ros_localization/package.bash'
[2.437s] INFO:colcon.colcon_core.shell:Creating package script '/home/kunal-jazzy/ros2_ws/install/ros_localization/share/ros_localization/package.zsh'
[2.437s] Level 1:colcon.colcon_core.environment:create_file_with_runtime_dependencies(/home/kunal-jazzy/ros2_ws/install/ros_localization/share/colcon-core/packages/ros_localization)
[4.566s] DEBUG:colcon.colcon_core.event_handler.log_command:Invoked command in '/home/kunal-jazzy/ros2_ws/build/ros_navigation' returned '0': CMAKE_PREFIX_PATH=${CMAKE_PREFIX_PATH}:/home/kunal-jazzy/ROS2-Camera-Visualization/install/four_control:/opt/ros/jazzy DEBUGINFOD_URLS=https://debuginfod.ubuntu.com /usr/bin/cmake /home/kunal-jazzy/ros2_ws/src/ros_navigation -DCMAKE_INSTALL_PREFIX=/home/kunal-jazzy/ros2_ws/install/ros_navigation
[4.567s] DEBUG:colcon.colcon_core.event_handler.log_command:Invoking command in '/home/kunal-jazzy/ros2_ws/build/ros_navigation': CMAKE_PREFIX_PATH=${CMAKE_PREFIX_PATH}:/home/kunal-jazzy/ROS2-Camera-Visualization/install/four_control:/opt/ros/jazzy DEBUGINFOD_URLS=https://debuginfod.ubuntu.com /usr/bin/cmake --build /home/kunal-jazzy/ros2_ws/build/ros_navigation -- -j12 -l12
[4.634s] DEBUG:colcon.colcon_core.event_handler.log_command:Invoked command in '/home/kunal-jazzy/ros2_ws/build/ros_navigation' returned '0': CMAKE_PREFIX_PATH=${CMAKE_PREFIX_PATH}:/home/kunal-jazzy/ROS2-Camera-Visualization/install/four_control:/opt/ros/jazzy DEBUGINFOD_URLS=https://debuginfod.ubuntu.com /usr/bin/cmake --build /home/kunal-jazzy/ros2_ws/build/ros_navigation -- -j12 -l12
[4.635s] DEBUG:colcon.colcon_core.event_handler.log_command:Invoking command in '/home/kunal-jazzy/ros2_ws/build/ros_navigation': CMAKE_PREFIX_PATH=${CMAKE_PREFIX_PATH}:/home/kunal-jazzy/ROS2-Camera-Visualization/install/four_control:/opt/ros/jazzy DEBUGINFOD_URLS=https://debuginfod.ubuntu.com /usr/bin/cmake --install /home/kunal-jazzy/ros2_ws/build/ros_navigation
[4.650s] Level 1:colcon.colcon_core.environment:create_environment_scripts_only(ros_navigation)
[4.651s] Level 1:colcon.colcon_core.environment:checking '/home/kunal-jazzy/ros2_ws/install/ros_navigation' for CMake module files
[4.651s] DEBUG:colcon.colcon_core.event_handler.log_command:Invoked command in '/home/kunal-jazzy/ros2_ws/build/ros_navigation' returned '0': CMAKE_PREFIX_PATH=${CMAKE_PREFIX_PATH}:/home/kunal-jazzy/ROS2-Camera-Visualization/install/four_control:/opt/ros/jazzy DEBUGINFOD_URLS=https://debuginfod.ubuntu.com /usr/bin/cmake --install /home/kunal-jazzy/ros2_ws/build/ros_navigation
[4.652s] Level 1:colcon.colcon_core.environment:checking '/home/kunal-jazzy/ros2_ws/install/ros_navigation' for CMake config files
[4.652s] Level 1:colcon.colcon_core.shell:create_environment_hook('ros_navigation', 'cmake_prefix_path')
[4.652s] INFO:colcon.colcon_core.shell:Creating environment hook '/home/kunal-jazzy/ros2_ws/install/ros_navigation/share/ros_navigation/hook/cmake_prefix_path.ps1'
[4.653s] INFO:colcon.colcon_core.shell:Creating environment descriptor '/home/kunal-jazzy/ros2_ws/install/ros_navigation/share/ros_navigation/hook/cmake_prefix_path.dsv'
[4.653s] INFO:colcon.colcon_core.shell:Creating environment hook '/home/kunal-jazzy/ros2_ws/install/ros_navigation/share/ros_navigation/hook/cmake_prefix_path.sh'
[4.654s] Level 1:colcon.colcon_core.environment:checking '/home/kunal-jazzy/ros2_ws/install/ros_navigation/bin'
[4.654s] Level 1:colcon.colcon_core.environment:checking '/home/kunal-jazzy/ros2_ws/install/ros_navigation/lib/pkgconfig/ros_navigation.pc'
[4.654s] Level 1:colcon.colcon_core.environment:checking '/home/kunal-jazzy/ros2_ws/install/ros_navigation/lib/python3.12/site-packages'
[4.655s] Level 1:colcon.colcon_core.environment:checking '/home/kunal-jazzy/ros2_ws/install/ros_navigation/bin'
[4.655s] INFO:colcon.colcon_core.shell:Creating package script '/home/kunal-jazzy/ros2_ws/install/ros_navigation/share/ros_navigation/package.ps1'
[4.655s] INFO:colcon.colcon_core.shell:Creating package descriptor '/home/kunal-jazzy/ros2_ws/install/ros_navigation/share/ros_navigation/package.dsv'
[4.656s] INFO:colcon.colcon_core.shell:Creating package script '/home/kunal-jazzy/ros2_ws/install/ros_navigation/share/ros_navigation/package.sh'
[4.656s] INFO:colcon.colcon_core.shell:Creating package script '/home/kunal-jazzy/ros2_ws/install/ros_navigation/share/ros_navigation/package.bash'
[4.657s] INFO:colcon.colcon_core.shell:Creating package script '/home/kunal-jazzy/ros2_ws/install/ros_navigation/share/ros_navigation/package.zsh'
[4.657s] Level 1:colcon.colcon_core.environment:create_file_with_runtime_dependencies(/home/kunal-jazzy/ros2_ws/install/ros_navigation/share/colcon-core/packages/ros_navigation)
[4.658s] Level 1:colcon.colcon_core.environment:create_environment_scripts_only(ros_navigation)
[4.658s] Level 1:colcon.colcon_core.environment:checking '/home/kunal-jazzy/ros2_ws/install/ros_navigation' for CMake module files
[4.658s] Level 1:colcon.colcon_core.environment:checking '/home/kunal-jazzy/ros2_ws/install/ros_navigation' for CMake config files
[4.659s] Level 1:colcon.colcon_core.shell:create_environment_hook('ros_navigation', 'cmake_prefix_path')
[4.659s] INFO:colcon.colcon_core.shell:Creating environment hook '/home/kunal-jazzy/ros2_ws/install/ros_navigation/share/ros_navigation/hook/cmake_prefix_path.ps1'
[4.659s] INFO:colcon.colcon_core.shell:Creating environment descriptor '/home/kunal-jazzy/ros2_ws/install/ros_navigation/share/ros_navigation/hook/cmake_prefix_path.dsv'
[4.660s] INFO:colcon.colcon_core.shell:Creating environment hook '/home/kunal-jazzy/ros2_ws/install/ros_navigation/share/ros_navigation/hook/cmake_prefix_path.sh'
[4.660s] Level 1:colcon.colcon_core.environment:checking '/home/kunal-jazzy/ros2_ws/install/ros_navigation/bin'
[4.660s] Level 1:colcon.colcon_core.environment:checking '/home/kunal-jazzy/ros2_ws/install/ros_navigation/lib/pkgconfig/ros_navigation.pc'
[4.661s] Level 1:colcon.colcon_core.environment:checking '/home/kunal-jazzy/ros2_ws/install/ros_navigation/lib/python3.12/site-packages'
[4.661s] Level 1:colcon.colcon_core.environment:checking '/home/kunal-jazzy/ros2_ws/install/ros_navigation/bin'
[4.662s] INFO:colcon.colcon_core.shell:Creating package script '/home/kunal-jazzy/ros2_ws/install/ros_navigation/share/ros_navigation/package.ps1'
[4.662s] INFO:colcon.colcon_core.shell:Creating package descriptor '/home/kunal-jazzy/ros2_ws/install/ros_navigation/share/ros_navigation/package.dsv'
[4.663s] INFO:colcon.colcon_core.shell:Creating package script '/home/kunal-jazzy/ros2_ws/install/ros_navigation/share/ros_navigation/package.sh'
[4.663s] INFO:colcon.colcon_core.shell:Creating package script '/home/kunal-jazzy/ros2_ws/install/ros_navigation/share/ros_navigation/package.bash'
[4.664s] INFO:colcon.colcon_core.shell:Creating package script '/home/kunal-jazzy/ros2_ws/install/ros_navigation/share/ros_navigation/package.zsh'
[4.664s] Level 1:colcon.colcon_core.environment:create_file_with_runtime_dependencies(/home/kunal-jazzy/ros2_ws/install/ros_navigation/share/colcon-core/packages/ros_navigation)
[4.664s] DEBUG:colcon.colcon_parallel_executor.executor.parallel:closing loop
[4.664s] DEBUG:colcon.colcon_parallel_executor.executor.parallel:loop closed
[4.665s] DEBUG:colcon.colcon_parallel_executor.executor.parallel:run_until_complete finished with '0'
[4.665s] DEBUG:colcon.colcon_core.event_reactor:joining thread
[4.676s] INFO:colcon.colcon_core.plugin_system:Skipping extension 'colcon_notification.desktop_notification.terminal_notifier': Not used on non-Darwin systems
[4.677s] INFO:colcon.colcon_core.plugin_system:Skipping extension 'colcon_notification.desktop_notification.win32': Not used on non-Windows systems
[4.677s] INFO:colcon.colcon_notification.desktop_notification:Sending desktop notification using 'notify2'
[4.706s] DEBUG:colcon.colcon_core.event_reactor:joined thread
[4.707s] INFO:colcon.colcon_core.shell:Creating prefix script '/home/kunal-jazzy/ros2_ws/install/local_setup.ps1'
[4.708s] INFO:colcon.colcon_core.shell:Creating prefix util module '/home/kunal-jazzy/ros2_ws/install/_local_setup_util_ps1.py'
[4.710s] INFO:colcon.colcon_core.shell:Creating prefix chain script '/home/kunal-jazzy/ros2_ws/install/setup.ps1'
[4.712s] INFO:colcon.colcon_core.shell:Creating prefix script '/home/kunal-jazzy/ros2_ws/install/local_setup.sh'
[4.714s] INFO:colcon.colcon_core.shell:Creating prefix util module '/home/kunal-jazzy/ros2_ws/install/_local_setup_util_sh.py'
[4.715s] INFO:colcon.colcon_core.shell:Creating prefix chain script '/home/kunal-jazzy/ros2_ws/install/setup.sh'
[4.717s] INFO:colcon.colcon_core.shell:Creating prefix script '/home/kunal-jazzy/ros2_ws/install/local_setup.bash'
[4.718s] INFO:colcon.colcon_core.shell:Creating prefix chain script '/home/kunal-jazzy/ros2_ws/install/setup.bash'
[4.721s] INFO:colcon.colcon_core.shell:Creating prefix script '/home/kunal-jazzy/ros2_ws/install/local_setup.zsh'
[4.722s] INFO:colcon.colcon_core.shell:Creating prefix chain script '/home/kunal-jazzy/ros2_ws/install/setup.zsh'
