-- Found ament_cmake: 2.5.5 (/opt/ros/jazzy/share/ament_cmake/cmake)
-- Found urdf_tutorial: 1.1.0 (/opt/ros/jazzy/share/urdf_tutorial/cmake)
-- Found ament_lint_auto: 0.17.4 (/opt/ros/jazzy/share/ament_lint_auto/cmake)
-- Added test 'lint_cmake' to check CMake code style
-- Added test 'xmllint' to check XML markup files
-- Configuring done (0.2s)
-- Generating done (0.0s)
-- Build files have been written to: /home/kunal-jazzy/ros2_ws/build/rosmaster_description
-- Install configuration: ""
-- Installing: /home/kunal-jazzy/ros2_ws/install/rosmaster_description/share/rosmaster_description/config
-- Installing: /home/kunal-jazzy/ros2_ws/install/rosmaster_description/share/rosmaster_description/launch
-- Installing: /home/kunal-jazzy/ros2_ws/install/rosmaster_description/share/rosmaster_description/meshes
-- Installing: /home/kunal-jazzy/ros2_ws/install/rosmaster_description/share/rosmaster_description/meshes/rplidar
-- Installing: /home/kunal-jazzy/ros2_ws/install/rosmaster_description/share/rosmaster_description/meshes/rplidar/rplidar_s2.stl
-- Installing: /home/kunal-jazzy/ros2_ws/install/rosmaster_description/share/rosmaster_description/meshes/rosmaster_x3
-- Installing: /home/kunal-jazzy/ros2_ws/install/rosmaster_description/share/rosmaster_description/meshes/rosmaster_x3/visual
-- Installing: /home/kunal-jazzy/ros2_ws/install/rosmaster_description/share/rosmaster_description/meshes/rosmaster_x3/visual/back_left_wheel_X3.STL
-- Installing: /home/kunal-jazzy/ros2_ws/install/rosmaster_description/share/rosmaster_description/meshes/rosmaster_x3/visual/back_right_wheel_X3.STL
-- Installing: /home/kunal-jazzy/ros2_ws/install/rosmaster_description/share/rosmaster_description/meshes/rosmaster_x3/visual/laser_link.STL
-- Installing: /home/kunal-jazzy/ros2_ws/install/rosmaster_description/share/rosmaster_description/meshes/rosmaster_x3/visual/base_link_X3.STL
-- Installing: /home/kunal-jazzy/ros2_ws/install/rosmaster_description/share/rosmaster_description/meshes/rosmaster_x3/visual/front_right_wheel_X3.STL
-- Installing: /home/kunal-jazzy/ros2_ws/install/rosmaster_description/share/rosmaster_description/meshes/rosmaster_x3/visual/camera_link.STL
-- Installing: /home/kunal-jazzy/ros2_ws/install/rosmaster_description/share/rosmaster_description/meshes/rosmaster_x3/visual/front_left_wheel_X3.STL
-- Installing: /home/kunal-jazzy/ros2_ws/install/rosmaster_description/share/rosmaster_description/meshes/intel_realsense
-- Installing: /home/kunal-jazzy/ros2_ws/install/rosmaster_description/share/rosmaster_description/meshes/intel_realsense/visual
-- Installing: /home/kunal-jazzy/ros2_ws/install/rosmaster_description/share/rosmaster_description/meshes/intel_realsense/visual/d435.stl
-- Installing: /home/kunal-jazzy/ros2_ws/install/rosmaster_description/share/rosmaster_description/urdf
-- Installing: /home/kunal-jazzy/ros2_ws/install/rosmaster_description/share/rosmaster_description/urdf/control
-- Installing: /home/kunal-jazzy/ros2_ws/install/rosmaster_description/share/rosmaster_description/urdf/robots
-- Installing: /home/kunal-jazzy/ros2_ws/install/rosmaster_description/share/rosmaster_description/urdf/sensors
-- Installing: /home/kunal-jazzy/ros2_ws/install/rosmaster_description/share/rosmaster_description/urdf/mech
-- Installing: /home/kunal-jazzy/ros2_ws/install/rosmaster_description/share/rosmaster_description/rviz
-- Installing: /home/kunal-jazzy/ros2_ws/install/rosmaster_description/share/ament_index/resource_index/package_run_dependencies/rosmaster_description
-- Up-to-date: /home/kunal-jazzy/ros2_ws/install/rosmaster_description/share/ament_index/resource_index/parent_prefix_path/rosmaster_description
-- Up-to-date: /home/kunal-jazzy/ros2_ws/install/rosmaster_description/share/rosmaster_description/environment/ament_prefix_path.sh
-- Up-to-date: /home/kunal-jazzy/ros2_ws/install/rosmaster_description/share/rosmaster_description/environment/ament_prefix_path.dsv
-- Up-to-date: /home/kunal-jazzy/ros2_ws/install/rosmaster_description/share/rosmaster_description/environment/path.sh
-- Up-to-date: /home/kunal-jazzy/ros2_ws/install/rosmaster_description/share/rosmaster_description/environment/path.dsv
-- Up-to-date: /home/kunal-jazzy/ros2_ws/install/rosmaster_description/share/rosmaster_description/local_setup.bash
-- Up-to-date: /home/kunal-jazzy/ros2_ws/install/rosmaster_description/share/rosmaster_description/local_setup.sh
-- Up-to-date: /home/kunal-jazzy/ros2_ws/install/rosmaster_description/share/rosmaster_description/local_setup.zsh
-- Up-to-date: /home/kunal-jazzy/ros2_ws/install/rosmaster_description/share/rosmaster_description/local_setup.dsv
-- Installing: /home/kunal-jazzy/ros2_ws/install/rosmaster_description/share/rosmaster_description/package.dsv
-- Up-to-date: /home/kunal-jazzy/ros2_ws/install/rosmaster_description/share/ament_index/resource_index/packages/rosmaster_description
-- Up-to-date: /home/kunal-jazzy/ros2_ws/install/rosmaster_description/share/rosmaster_description/cmake/rosmaster_descriptionConfig.cmake
-- Up-to-date: /home/kunal-jazzy/ros2_ws/install/rosmaster_description/share/rosmaster_description/cmake/rosmaster_descriptionConfig-version.cmake
-- Installing: /home/kunal-jazzy/ros2_ws/install/rosmaster_description/share/rosmaster_description/package.xml
