[0.011s] Invoking command in '/home/kunal-jazzy/ros2_ws/build/mecanum_drive_controller': CMAKE_PREFIX_PATH=${CMAKE_PREFIX_PATH}:/home/kunal-jazzy/ROS2-Camera-Visualization/install/four_control:/opt/ros/jazzy DEBUGINFOD_URLS=https://debuginfod.ubuntu.com /usr/bin/cmake /home/kunal-jazzy/ros2_ws/src/mecanum_drive_controller -DCMAKE_INSTALL_PREFIX=/home/kunal-jazzy/ros2_ws/install/mecanum_drive_controller
[0.236s] -- The CXX compiler identification is GNU 13.3.0
[0.270s] -- Detecting CXX compiler ABI info
[0.406s] -- Detecting CXX compiler ABI info - done
[0.413s] -- Check for working CXX compiler: /usr/bin/c++ - skipped
[0.413s] -- Detecting CXX compile features
[0.414s] -- Detecting CXX compile features - done
[0.425s] -- Found ament_cmake: 2.5.5 (/opt/ros/jazzy/share/ament_cmake/cmake)
[0.551s] -- Found Python3: /usr/bin/python3 (found version "3.12.3") found components: Interpreter 
[0.684s] -- Found controller_interface: 4.42.2 (/opt/ros/jazzy/share/controller_interface/cmake)
[0.753s] -- Found rosidl_generator_c: 4.6.7 (/opt/ros/jazzy/share/rosidl_generator_c/cmake)
[0.772s] -- Found rosidl_generator_cpp: 4.6.7 (/opt/ros/jazzy/share/rosidl_generator_cpp/cmake)
[0.793s] -- Using all available rosidl_typesupport_c: rosidl_typesupport_fastrtps_c;rosidl_typesupport_introspection_c
[0.816s] -- Using all available rosidl_typesupport_cpp: rosidl_typesupport_fastrtps_cpp;rosidl_typesupport_introspection_cpp
[1.040s] -- Found TinyXML2 via Config file: /usr/lib/x86_64-linux-gnu/cmake/tinyxml2
[1.092s] -- Found rmw_implementation_cmake: 7.3.3 (/opt/ros/jazzy/share/rmw_implementation_cmake/cmake)
[1.097s] -- Found rmw_fastrtps_cpp: 8.4.3 (/opt/ros/jazzy/share/rmw_fastrtps_cpp/cmake)
[1.128s] -- Found TinyXML2 via Config file: /usr/lib/x86_64-linux-gnu/cmake/tinyxml2
[1.240s] -- Found OpenSSL: /usr/lib/x86_64-linux-gnu/libcrypto.so (found version "3.0.13")  
[1.244s] -- Found TinyXML2 via Config file: /usr/lib/x86_64-linux-gnu/cmake/tinyxml2
[1.260s] -- Found FastRTPS: /opt/ros/jazzy/include (Required is at least version "2.13") 
[1.262s] -- Found TinyXML2 via Config file: /usr/lib/x86_64-linux-gnu/cmake/tinyxml2
[1.270s] -- Found TinyXML2 via Config file: /usr/lib/x86_64-linux-gnu/cmake/tinyxml2
[1.281s] -- Using RMW implementation 'rmw_fastrtps_cpp' as default
[1.614s] -- Found generate_parameter_library: 0.6.0 (/opt/ros/jazzy/share/generate_parameter_library/cmake)
[1.618s] -- Found parameter_traits: 0.6.0 (/opt/ros/jazzy/share/parameter_traits/cmake)
[1.647s] -- Found nav_msgs: 5.3.6 (/opt/ros/jazzy/share/nav_msgs/cmake)
[1.677s] -- Found tf2: 0.36.19 (/opt/ros/jazzy/share/tf2/cmake)
[1.683s] -- Found tf2_msgs: 0.36.19 (/opt/ros/jazzy/share/tf2_msgs/cmake)
[1.715s] -- Found ament_cmake_gmock: 2.5.5 (/opt/ros/jazzy/share/ament_cmake_gmock/cmake)
[1.719s] -- Found controller_manager: 4.42.2 (/opt/ros/jazzy/share/controller_manager/cmake)
[1.795s] -- Found ros2_control_test_assets: 4.42.2 (/opt/ros/jazzy/share/ros2_control_test_assets/cmake)
[1.873s] -- Configuring done (1.8s)
[1.899s] -- Generating done (0.0s)
[1.905s] -- Build files have been written to: /home/kunal-jazzy/ros2_ws/build/mecanum_drive_controller
[1.914s] Invoked command in '/home/kunal-jazzy/ros2_ws/build/mecanum_drive_controller' returned '0': CMAKE_PREFIX_PATH=${CMAKE_PREFIX_PATH}:/home/kunal-jazzy/ROS2-Camera-Visualization/install/four_control:/opt/ros/jazzy DEBUGINFOD_URLS=https://debuginfod.ubuntu.com /usr/bin/cmake /home/kunal-jazzy/ros2_ws/src/mecanum_drive_controller -DCMAKE_INSTALL_PREFIX=/home/kunal-jazzy/ros2_ws/install/mecanum_drive_controller
[1.915s] Invoking command in '/home/kunal-jazzy/ros2_ws/build/mecanum_drive_controller': CMAKE_PREFIX_PATH=${CMAKE_PREFIX_PATH}:/home/kunal-jazzy/ROS2-Camera-Visualization/install/four_control:/opt/ros/jazzy DEBUGINFOD_URLS=https://debuginfod.ubuntu.com /usr/bin/cmake --build /home/kunal-jazzy/ros2_ws/build/mecanum_drive_controller -- -j12 -l12
[1.963s] [ 16%] [34m[1mRunning `/opt/ros/jazzy/bin/generate_parameter_library_cpp /home/kunal-jazzy/ros2_ws/build/mecanum_drive_controller/include/mecanum_drive_controller/mecanum_drive_controller_parameters.hpp /home/kunal-jazzy/ros2_ws/src/mecanum_drive_controller/src/mecanum_drive_controller_parameter.yaml `[0m
[2.997s] [ 33%] [34m[1mCreating deprecated header file /home/kunal-jazzy/ros2_ws/build/mecanum_drive_controller/include/mecanum_drive_controller_parameters.hpp[0m
[3.014s] [ 33%] Built target mecanum_drive_controller_parameters
[3.035s] [ 50%] [32mBuilding CXX object CMakeFiles/mecanum_drive_controller.dir/src/mecanum_drive_controller.cpp.o[0m
[3.035s] [ 66%] [32mBuilding CXX object CMakeFiles/mecanum_drive_controller.dir/src/speed_limiter.cpp.o[0m
[3.035s] [ 83%] [32mBuilding CXX object CMakeFiles/mecanum_drive_controller.dir/src/odometry.cpp.o[0m
[5.078s] In file included from [01m[K/home/kunal-jazzy/ros2_ws/src/mecanum_drive_controller/include/mecanum_drive_controller/mecanum_drive_controller.hpp:37[m[K,
[5.078s]                  from [01m[K/home/kunal-jazzy/ros2_ws/src/mecanum_drive_controller/src/mecanum_drive_controller.cpp:42[m[K:
[5.078s] [01m[K/opt/ros/jazzy/include/realtime_tools/realtime_tools/realtime_box.hpp:40:151:[m[K [01;36m[Knote: [m[K‘[01m[K#pragma message: 'RealtimeBox' is deprecated. Please update your code to use 'realtime_thread_safe_box.hpp' header, and class name 'RealtimeThreadSafeBox' instead.[m[K’
[5.078s]    40 | pp' header, and class name 'RealtimeThreadSafeBox' instead."[01;36m[K)[m[K  //NOLINT
[5.078s]       |                                                             [01;36m[K^[m[K
[5.078s] 
[11.817s] [100%] [32m[1mLinking CXX shared library libmecanum_drive_controller.so[0m
[12.359s] [100%] Built target mecanum_drive_controller
[12.368s] Invoked command in '/home/kunal-jazzy/ros2_ws/build/mecanum_drive_controller' returned '0': CMAKE_PREFIX_PATH=${CMAKE_PREFIX_PATH}:/home/kunal-jazzy/ROS2-Camera-Visualization/install/four_control:/opt/ros/jazzy DEBUGINFOD_URLS=https://debuginfod.ubuntu.com /usr/bin/cmake --build /home/kunal-jazzy/ros2_ws/build/mecanum_drive_controller -- -j12 -l12
[12.376s] Invoking command in '/home/kunal-jazzy/ros2_ws/build/mecanum_drive_controller': CMAKE_PREFIX_PATH=${CMAKE_PREFIX_PATH}:/home/kunal-jazzy/ROS2-Camera-Visualization/install/four_control:/opt/ros/jazzy DEBUGINFOD_URLS=https://debuginfod.ubuntu.com /usr/bin/cmake --install /home/kunal-jazzy/ros2_ws/build/mecanum_drive_controller
[12.396s] -- Install configuration: ""
[12.396s] -- Installing: /home/kunal-jazzy/ros2_ws/install/mecanum_drive_controller/include/mecanum_drive_controller
[12.396s] -- Installing: /home/kunal-jazzy/ros2_ws/install/mecanum_drive_controller/include/mecanum_drive_controller/mecanum_drive_controller_parameters.hpp
[12.396s] -- Installing: /home/kunal-jazzy/ros2_ws/install/mecanum_drive_controller/share/mecanum_drive_controller/mecanum_drive_plugin.xml
[12.396s] -- Up-to-date: /home/kunal-jazzy/ros2_ws/install/mecanum_drive_controller/include/mecanum_drive_controller
[12.396s] -- Installing: /home/kunal-jazzy/ros2_ws/install/mecanum_drive_controller/include/mecanum_drive_controller/mecanum_drive_controller
[12.396s] -- Installing: /home/kunal-jazzy/ros2_ws/install/mecanum_drive_controller/include/mecanum_drive_controller/mecanum_drive_controller/visibility_control.h
[12.396s] -- Installing: /home/kunal-jazzy/ros2_ws/install/mecanum_drive_controller/include/mecanum_drive_controller/mecanum_drive_controller/odometry.hpp
[12.396s] -- Installing: /home/kunal-jazzy/ros2_ws/install/mecanum_drive_controller/include/mecanum_drive_controller/mecanum_drive_controller/speed_limiter.hpp
[12.396s] -- Installing: /home/kunal-jazzy/ros2_ws/install/mecanum_drive_controller/include/mecanum_drive_controller/mecanum_drive_controller/mecanum_drive_controller.hpp
[12.396s] -- Installing: /home/kunal-jazzy/ros2_ws/install/mecanum_drive_controller/lib/libmecanum_drive_controller.so
[12.396s] -- Set non-toolchain portion of runtime path of "/home/kunal-jazzy/ros2_ws/install/mecanum_drive_controller/lib/libmecanum_drive_controller.so" to ""
[12.397s] -- Installing: /home/kunal-jazzy/ros2_ws/install/mecanum_drive_controller/share/mecanum_drive_controller/environment/library_path.sh
[12.397s] -- Installing: /home/kunal-jazzy/ros2_ws/install/mecanum_drive_controller/share/mecanum_drive_controller/environment/library_path.dsv
[12.397s] -- Installing: /home/kunal-jazzy/ros2_ws/install/mecanum_drive_controller/share/ament_index/resource_index/package_run_dependencies/mecanum_drive_controller
[12.397s] -- Installing: /home/kunal-jazzy/ros2_ws/install/mecanum_drive_controller/share/ament_index/resource_index/parent_prefix_path/mecanum_drive_controller
[12.397s] -- Installing: /home/kunal-jazzy/ros2_ws/install/mecanum_drive_controller/share/mecanum_drive_controller/environment/ament_prefix_path.sh
[12.397s] -- Installing: /home/kunal-jazzy/ros2_ws/install/mecanum_drive_controller/share/mecanum_drive_controller/environment/ament_prefix_path.dsv
[12.397s] -- Installing: /home/kunal-jazzy/ros2_ws/install/mecanum_drive_controller/share/mecanum_drive_controller/environment/path.sh
[12.397s] -- Installing: /home/kunal-jazzy/ros2_ws/install/mecanum_drive_controller/share/mecanum_drive_controller/environment/path.dsv
[12.397s] -- Installing: /home/kunal-jazzy/ros2_ws/install/mecanum_drive_controller/share/mecanum_drive_controller/local_setup.bash
[12.397s] -- Installing: /home/kunal-jazzy/ros2_ws/install/mecanum_drive_controller/share/mecanum_drive_controller/local_setup.sh
[12.397s] -- Installing: /home/kunal-jazzy/ros2_ws/install/mecanum_drive_controller/share/mecanum_drive_controller/local_setup.zsh
[12.397s] -- Installing: /home/kunal-jazzy/ros2_ws/install/mecanum_drive_controller/share/mecanum_drive_controller/local_setup.dsv
[12.397s] -- Installing: /home/kunal-jazzy/ros2_ws/install/mecanum_drive_controller/share/mecanum_drive_controller/package.dsv
[12.397s] -- Installing: /home/kunal-jazzy/ros2_ws/install/mecanum_drive_controller/share/ament_index/resource_index/packages/mecanum_drive_controller
[12.397s] -- Installing: /home/kunal-jazzy/ros2_ws/install/mecanum_drive_controller/share/ament_index/resource_index/controller_interface__pluginlib__plugin/mecanum_drive_controller
[12.397s] -- Installing: /home/kunal-jazzy/ros2_ws/install/mecanum_drive_controller/share/mecanum_drive_controller/cmake/export_mecanum_drive_controllerExport.cmake
[12.398s] -- Installing: /home/kunal-jazzy/ros2_ws/install/mecanum_drive_controller/share/mecanum_drive_controller/cmake/export_mecanum_drive_controllerExport-noconfig.cmake
[12.398s] -- Installing: /home/kunal-jazzy/ros2_ws/install/mecanum_drive_controller/share/mecanum_drive_controller/cmake/ament_cmake_export_dependencies-extras.cmake
[12.398s] -- Installing: /home/kunal-jazzy/ros2_ws/install/mecanum_drive_controller/share/mecanum_drive_controller/cmake/ament_cmake_export_targets-extras.cmake
[12.398s] -- Installing: /home/kunal-jazzy/ros2_ws/install/mecanum_drive_controller/share/mecanum_drive_controller/cmake/mecanum_drive_controllerConfig.cmake
[12.398s] -- Installing: /home/kunal-jazzy/ros2_ws/install/mecanum_drive_controller/share/mecanum_drive_controller/cmake/mecanum_drive_controllerConfig-version.cmake
[12.398s] -- Installing: /home/kunal-jazzy/ros2_ws/install/mecanum_drive_controller/share/mecanum_drive_controller/package.xml
[12.398s] Invoked command in '/home/kunal-jazzy/ros2_ws/build/mecanum_drive_controller' returned '0': CMAKE_PREFIX_PATH=${CMAKE_PREFIX_PATH}:/home/kunal-jazzy/ROS2-Camera-Visualization/install/four_control:/opt/ros/jazzy DEBUGINFOD_URLS=https://debuginfod.ubuntu.com /usr/bin/cmake --install /home/kunal-jazzy/ros2_ws/build/mecanum_drive_controller
