-- Install configuration: ""
-- Up-to-date: /home/kunal-jazzy/ros2_ws/install/ros_bringup/share/ros_bringup/launch
-- Up-to-date: /home/kunal-jazzy/ros2_ws/install/ros_bringup/share/ros_bringup/launch/load_ros2_controllers.launch.py
-- Up-to-date: /home/kunal-jazzy/ros2_ws/install/ros_bringup/share/ros_bringup/scripts
-- Up-to-date: /home/kunal-jazzy/ros2_ws/install/ros_bringup/share/ros_bringup/scripts/rosmaster_x3_gazebo.sh
-- Up-to-date: /home/kunal-jazzy/ros2_ws/install/ros_bringup/share/ament_index/resource_index/package_run_dependencies/ros_bringup
-- Up-to-date: /home/kunal-jazzy/ros2_ws/install/ros_bringup/share/ament_index/resource_index/parent_prefix_path/ros_bringup
-- Up-to-date: /home/kunal-jazzy/ros2_ws/install/ros_bringup/share/ros_bringup/environment/ament_prefix_path.sh
-- Up-to-date: /home/kunal-jazzy/ros2_ws/install/ros_bringup/share/ros_bringup/environment/ament_prefix_path.dsv
-- Up-to-date: /home/kunal-jazzy/ros2_ws/install/ros_bringup/share/ros_bringup/environment/path.sh
-- Up-to-date: /home/kunal-jazzy/ros2_ws/install/ros_bringup/share/ros_bringup/environment/path.dsv
-- Up-to-date: /home/kunal-jazzy/ros2_ws/install/ros_bringup/share/ros_bringup/local_setup.bash
-- Up-to-date: /home/kunal-jazzy/ros2_ws/install/ros_bringup/share/ros_bringup/local_setup.sh
-- Up-to-date: /home/kunal-jazzy/ros2_ws/install/ros_bringup/share/ros_bringup/local_setup.zsh
-- Up-to-date: /home/kunal-jazzy/ros2_ws/install/ros_bringup/share/ros_bringup/local_setup.dsv
-- Installing: /home/kunal-jazzy/ros2_ws/install/ros_bringup/share/ros_bringup/package.dsv
-- Up-to-date: /home/kunal-jazzy/ros2_ws/install/ros_bringup/share/ament_index/resource_index/packages/ros_bringup
-- Up-to-date: /home/kunal-jazzy/ros2_ws/install/ros_bringup/share/ros_bringup/cmake/ros_bringupConfig.cmake
-- Up-to-date: /home/kunal-jazzy/ros2_ws/install/ros_bringup/share/ros_bringup/cmake/ros_bringupConfig-version.cmake
-- Up-to-date: /home/kunal-jazzy/ros2_ws/install/ros_bringup/share/ros_bringup/package.xml
