[0.092s] Invoking command in '/home/kunal-jazzy/ros2_ws/build/ros_bringup': CMAKE_PREFIX_PATH=${CMAKE_PREFIX_PATH}:/home/kunal-jazzy/ROS2-Camera-Visualization/install/four_control:/opt/ros/jazzy DEBUGINFOD_URLS=https://debuginfod.ubuntu.com /usr/bin/cmake --build /home/kunal-jazzy/ros2_ws/build/ros_bringup -- -j12 -l12
[0.238s] Invoked command in '/home/kunal-jazzy/ros2_ws/build/ros_bringup' returned '0': CMAKE_PREFIX_PATH=${CMAKE_PREFIX_PATH}:/home/kunal-jazzy/ROS2-Camera-Visualization/install/four_control:/opt/ros/jazzy DEBUGINFOD_URLS=https://debuginfod.ubuntu.com /usr/bin/cmake --build /home/kunal-jazzy/ros2_ws/build/ros_bringup -- -j12 -l12
[0.240s] Invoking command in '/home/kunal-jazzy/ros2_ws/build/ros_bringup': CMAKE_PREFIX_PATH=${CMAKE_PREFIX_PATH}:/home/kunal-jazzy/ROS2-Camera-Visualization/install/four_control:/opt/ros/jazzy DEBUGINFOD_URLS=https://debuginfod.ubuntu.com /usr/bin/cmake --install /home/kunal-jazzy/ros2_ws/build/ros_bringup
[0.254s] -- Install configuration: ""
[0.254s] -- Up-to-date: /home/kunal-jazzy/ros2_ws/install/ros_bringup/share/ros_bringup/launch
[0.255s] -- Up-to-date: /home/kunal-jazzy/ros2_ws/install/ros_bringup/share/ros_bringup/launch/load_ros2_controllers.launch.py
[0.255s] -- Up-to-date: /home/kunal-jazzy/ros2_ws/install/ros_bringup/share/ros_bringup/scripts
[0.255s] -- Up-to-date: /home/kunal-jazzy/ros2_ws/install/ros_bringup/share/ros_bringup/scripts/rosmaster_x3_gazebo.sh
[0.256s] -- Up-to-date: /home/kunal-jazzy/ros2_ws/install/ros_bringup/share/ament_index/resource_index/package_run_dependencies/ros_bringup
[0.256s] -- Up-to-date: /home/kunal-jazzy/ros2_ws/install/ros_bringup/share/ament_index/resource_index/parent_prefix_path/ros_bringup
[0.256s] -- Up-to-date: /home/kunal-jazzy/ros2_ws/install/ros_bringup/share/ros_bringup/environment/ament_prefix_path.sh
[0.256s] -- Up-to-date: /home/kunal-jazzy/ros2_ws/install/ros_bringup/share/ros_bringup/environment/ament_prefix_path.dsv
[0.256s] -- Up-to-date: /home/kunal-jazzy/ros2_ws/install/ros_bringup/share/ros_bringup/environment/path.sh
[0.256s] -- Up-to-date: /home/kunal-jazzy/ros2_ws/install/ros_bringup/share/ros_bringup/environment/path.dsv
[0.256s] -- Up-to-date: /home/kunal-jazzy/ros2_ws/install/ros_bringup/share/ros_bringup/local_setup.bash
[0.256s] -- Up-to-date: /home/kunal-jazzy/ros2_ws/install/ros_bringup/share/ros_bringup/local_setup.sh
[0.257s] -- Up-to-date: /home/kunal-jazzy/ros2_ws/install/ros_bringup/share/ros_bringup/local_setup.zsh
[0.257s] -- Up-to-date: /home/kunal-jazzy/ros2_ws/install/ros_bringup/share/ros_bringup/local_setup.dsv
[0.257s] -- Installing: /home/kunal-jazzy/ros2_ws/install/ros_bringup/share/ros_bringup/package.dsv
[0.258s] -- Up-to-date: /home/kunal-jazzy/ros2_ws/install/ros_bringup/share/ament_index/resource_index/packages/ros_bringup
[0.258s] -- Up-to-date: /home/kunal-jazzy/ros2_ws/install/ros_bringup/share/ros_bringup/cmake/ros_bringupConfig.cmake
[0.258s] -- Up-to-date: /home/kunal-jazzy/ros2_ws/install/ros_bringup/share/ros_bringup/cmake/ros_bringupConfig-version.cmake
[0.258s] -- Up-to-date: /home/kunal-jazzy/ros2_ws/install/ros_bringup/share/ros_bringup/package.xml
[0.351s] Invoked command in '/home/kunal-jazzy/ros2_ws/build/ros_bringup' returned '0': CMAKE_PREFIX_PATH=${CMAKE_PREFIX_PATH}:/home/kunal-jazzy/ROS2-Camera-Visualization/install/four_control:/opt/ros/jazzy DEBUGINFOD_URLS=https://debuginfod.ubuntu.com /usr/bin/cmake --install /home/kunal-jazzy/ros2_ws/build/ros_bringup
