[0.015s] Invoking command in '/home/kunal-jazzy/ros2_ws/build/ros_navigation': CMAKE_PREFIX_PATH=${CMAKE_PREFIX_PATH}:/home/kunal-jazzy/ROS2-Camera-Visualization/install/four_control:/opt/ros/jazzy DEBUGINFOD_URLS=https://debuginfod.ubuntu.com /usr/bin/cmake /home/kunal-jazzy/ros2_ws/src/ros_navigation -DCMAKE_INSTALL_PREFIX=/home/kunal-jazzy/ros2_ws/install/ros_navigation
[0.242s] -- The C compiler identification is GNU 13.3.0
[0.408s] -- The CXX compiler identification is GNU 13.3.0
[0.442s] -- Detecting C compiler ABI info
[0.596s] -- Detecting C compiler ABI info - done
[0.613s] -- Check for working C compiler: /usr/bin/cc - skipped
[0.614s] -- Detecting C compile features
[0.615s] -- Detecting C compile features - done
[0.631s] -- Detecting CXX compiler ABI info
[0.792s] -- Detecting CXX compiler ABI info - done
[0.805s] -- Check for working CXX compiler: /usr/bin/c++ - skipped
[0.805s] -- Detecting CXX compile features
[0.806s] -- Detecting CXX compile features - done
[0.820s] -- Found ament_cmake: 2.5.5 (/opt/ros/jazzy/share/ament_cmake/cmake)
[1.065s] -- Found Python3: /usr/bin/python3 (found version "3.12.3") found components: Interpreter 
[1.246s] -- Found geometry_msgs: 5.3.6 (/opt/ros/jazzy/share/geometry_msgs/cmake)
[1.336s] -- Found rosidl_generator_c: 4.6.7 (/opt/ros/jazzy/share/rosidl_generator_c/cmake)
[1.361s] -- Found rosidl_generator_cpp: 4.6.7 (/opt/ros/jazzy/share/rosidl_generator_cpp/cmake)
[1.391s] -- Using all available rosidl_typesupport_c: rosidl_typesupport_fastrtps_c;rosidl_typesupport_introspection_c
[1.427s] -- Using all available rosidl_typesupport_cpp: rosidl_typesupport_fastrtps_cpp;rosidl_typesupport_introspection_cpp
[1.508s] -- Found navigation2: 1.3.10 (/opt/ros/jazzy/share/navigation2/cmake)
[1.513s] -- Found nav2_bringup: 1.3.10 (/opt/ros/jazzy/share/nav2_bringup/cmake)
[1.517s] -- Found rclcpp: 28.1.16 (/opt/ros/jazzy/share/rclcpp/cmake)
[1.624s] -- Found rmw_implementation_cmake: 7.3.3 (/opt/ros/jazzy/share/rmw_implementation_cmake/cmake)
[1.631s] -- Found rmw_fastrtps_cpp: 8.4.3 (/opt/ros/jazzy/share/rmw_fastrtps_cpp/cmake)
[1.775s] -- Found OpenSSL: /usr/lib/x86_64-linux-gnu/libcrypto.so (found version "3.0.13")  
[1.803s] -- Found FastRTPS: /opt/ros/jazzy/include (Required is at least version "2.13") 
[1.835s] -- Using RMW implementation 'rmw_fastrtps_cpp' as default
[1.971s] -- Found rclpy: 7.1.9 (/opt/ros/jazzy/share/rclpy/cmake)
[1.976s] -- Found slam_toolbox: 2.8.3 (/opt/ros/jazzy/share/slam_toolbox/cmake)
[2.429s] -- Found eigen3_cmake_module: 0.3.0 (/opt/ros/jazzy/share/eigen3_cmake_module/cmake)
[2.431s] -- Found Eigen3: TRUE (found version "3.4.0") 
[2.431s] -- Ensuring Eigen3 include directory is part of orocos-kdl CMake target
[2.650s] -- Setting OGRE_DIR to: '/opt/ros/jazzy/share/rviz_ogre_vendor/cmake/../../../opt/rviz_ogre_vendor/lib/OGRE/cmake'
[2.654s] -- Found OGRE
[2.654s] --   static     : OFF
[2.654s] --   components : MeshLodGenerator;Overlay;Paging;Property;RTShaderSystem;Terrain;Volume
[2.654s] --   plugins    : Plugin_BSPSceneManager;Plugin_OctreeSceneManager;Plugin_PCZSceneManager;Plugin_ParticleFX;RenderSystem_GL;RenderSystem_GL3Plus;Codec_STBI
[2.655s] --   media      : /opt/ros/jazzy/opt/rviz_ogre_vendor/share/OGRE/Media
[2.655s] -- OGRE_LIBRARIES: OgreMeshLodGenerator;OgreOverlay;OgrePaging;OgreProperty;OgreRTShaderSystem;OgreTerrain;OgreVolume;OgreMain
[2.655s] -- OGRE_LIBRARY_DIRS: /opt/ros/jazzy/opt/rviz_ogre_vendor/lib
[2.655s] -- OGRE_PLUGINS: Plugin_BSPSceneManager;Plugin_OctreeSceneManager;Plugin_PCZSceneManager;Plugin_ParticleFX;RenderSystem_GL;RenderSystem_GL3Plus;Codec_STBI
[2.655s] -- OGRE_PLUGIN_DIR: /opt/ros/jazzy/opt/rviz_ogre_vendor/lib/OGRE
[2.655s] -- rviz_ogre_vendor::OgreOverlay for IMPORTED_LOCATION_RELEASE: /opt/ros/jazzy/opt/rviz_ogre_vendor/lib/libOgreOverlay.so
[2.655s] -- rviz_ogre_vendor::OgreOverlay for IMPORTED_LOCATION_DEBUG: /opt/ros/jazzy/opt/rviz_ogre_vendor/lib/libOgreOverlay.so
[2.655s] -- rviz_ogre_vendor::OgreMain for IMPORTED_LOCATION_RELEASE: /opt/ros/jazzy/opt/rviz_ogre_vendor/lib/libOgreMain.so
[2.655s] -- rviz_ogre_vendor::OgreMain for IMPORTED_LOCATION_DEBUG: /opt/ros/jazzy/opt/rviz_ogre_vendor/lib/libOgreMain.so
[2.713s] -- Found ZLIB: /usr/lib/x86_64-linux-gnu/libz.so (found version "1.3")  
[2.731s] -- Found OpenGL: /usr/lib/x86_64-linux-gnu/libOpenGL.so   
[2.957s] -- Found X11: /usr/include   
[2.957s] -- Looking for XOpenDisplay in /usr/lib/x86_64-linux-gnu/libX11.so;/usr/lib/x86_64-linux-gnu/libXext.so
[3.086s] -- Looking for XOpenDisplay in /usr/lib/x86_64-linux-gnu/libX11.so;/usr/lib/x86_64-linux-gnu/libXext.so - found
[3.086s] -- Looking for gethostbyname
[3.206s] -- Looking for gethostbyname - found
[3.206s] -- Looking for connect
[3.323s] -- Looking for connect - found
[3.323s] -- Looking for remove
[3.446s] -- Looking for remove - found
[3.446s] -- Looking for shmat
[3.565s] -- Looking for shmat - found
[3.565s] -- Looking for IceConnectionNumber in ICE
[3.684s] -- Looking for IceConnectionNumber in ICE - found
[3.716s] -- Setting yaml-cpp_DIR to: '/opt/ros/jazzy/share/yaml_cpp_vendor/cmake/../../../opt/yaml_cpp_vendor/share/cmake/yaml-cpp'
[3.906s] -- Found ament_lint_auto: 0.17.4 (/opt/ros/jazzy/share/ament_lint_auto/cmake)
[4.064s] -- Added test 'lint_cmake' to check CMake code style
[4.066s] -- Added test 'xmllint' to check XML markup files
[4.068s] -- Configuring done (4.0s)
[4.076s] -- Generating done (0.0s)
[4.080s] -- Build files have been written to: /home/kunal-jazzy/ros2_ws/build/ros_navigation
[4.094s] Invoked command in '/home/kunal-jazzy/ros2_ws/build/ros_navigation' returned '0': CMAKE_PREFIX_PATH=${CMAKE_PREFIX_PATH}:/home/kunal-jazzy/ROS2-Camera-Visualization/install/four_control:/opt/ros/jazzy DEBUGINFOD_URLS=https://debuginfod.ubuntu.com /usr/bin/cmake /home/kunal-jazzy/ros2_ws/src/ros_navigation -DCMAKE_INSTALL_PREFIX=/home/kunal-jazzy/ros2_ws/install/ros_navigation
[4.096s] Invoking command in '/home/kunal-jazzy/ros2_ws/build/ros_navigation': CMAKE_PREFIX_PATH=${CMAKE_PREFIX_PATH}:/home/kunal-jazzy/ROS2-Camera-Visualization/install/four_control:/opt/ros/jazzy DEBUGINFOD_URLS=https://debuginfod.ubuntu.com /usr/bin/cmake --build /home/kunal-jazzy/ros2_ws/build/ros_navigation -- -j12 -l12
[4.162s] Invoked command in '/home/kunal-jazzy/ros2_ws/build/ros_navigation' returned '0': CMAKE_PREFIX_PATH=${CMAKE_PREFIX_PATH}:/home/kunal-jazzy/ROS2-Camera-Visualization/install/four_control:/opt/ros/jazzy DEBUGINFOD_URLS=https://debuginfod.ubuntu.com /usr/bin/cmake --build /home/kunal-jazzy/ros2_ws/build/ros_navigation -- -j12 -l12
[4.164s] Invoking command in '/home/kunal-jazzy/ros2_ws/build/ros_navigation': CMAKE_PREFIX_PATH=${CMAKE_PREFIX_PATH}:/home/kunal-jazzy/ROS2-Camera-Visualization/install/four_control:/opt/ros/jazzy DEBUGINFOD_URLS=https://debuginfod.ubuntu.com /usr/bin/cmake --install /home/kunal-jazzy/ros2_ws/build/ros_navigation
[4.176s] -- Install configuration: ""
[4.176s] -- Installing: /home/kunal-jazzy/ros2_ws/install/ros_navigation/share/ament_index/resource_index/package_run_dependencies/ros_navigation
[4.176s] -- Installing: /home/kunal-jazzy/ros2_ws/install/ros_navigation/share/ament_index/resource_index/parent_prefix_path/ros_navigation
[4.176s] -- Installing: /home/kunal-jazzy/ros2_ws/install/ros_navigation/share/ros_navigation/environment/ament_prefix_path.sh
[4.176s] -- Installing: /home/kunal-jazzy/ros2_ws/install/ros_navigation/share/ros_navigation/environment/ament_prefix_path.dsv
[4.176s] -- Installing: /home/kunal-jazzy/ros2_ws/install/ros_navigation/share/ros_navigation/environment/path.sh
[4.176s] -- Installing: /home/kunal-jazzy/ros2_ws/install/ros_navigation/share/ros_navigation/environment/path.dsv
[4.176s] -- Installing: /home/kunal-jazzy/ros2_ws/install/ros_navigation/share/ros_navigation/local_setup.bash
[4.177s] -- Installing: /home/kunal-jazzy/ros2_ws/install/ros_navigation/share/ros_navigation/local_setup.sh
[4.177s] -- Installing: /home/kunal-jazzy/ros2_ws/install/ros_navigation/share/ros_navigation/local_setup.zsh
[4.177s] -- Installing: /home/kunal-jazzy/ros2_ws/install/ros_navigation/share/ros_navigation/local_setup.dsv
[4.177s] -- Installing: /home/kunal-jazzy/ros2_ws/install/ros_navigation/share/ros_navigation/package.dsv
[4.177s] -- Installing: /home/kunal-jazzy/ros2_ws/install/ros_navigation/share/ament_index/resource_index/packages/ros_navigation
[4.177s] -- Installing: /home/kunal-jazzy/ros2_ws/install/ros_navigation/share/ros_navigation/cmake/ros_navigationConfig.cmake
[4.177s] -- Installing: /home/kunal-jazzy/ros2_ws/install/ros_navigation/share/ros_navigation/cmake/ros_navigationConfig-version.cmake
[4.177s] -- Installing: /home/kunal-jazzy/ros2_ws/install/ros_navigation/share/ros_navigation/package.xml
[4.179s] Invoked command in '/home/kunal-jazzy/ros2_ws/build/ros_navigation' returned '0': CMAKE_PREFIX_PATH=${CMAKE_PREFIX_PATH}:/home/kunal-jazzy/ROS2-Camera-Visualization/install/four_control:/opt/ros/jazzy DEBUGINFOD_URLS=https://debuginfod.ubuntu.com /usr/bin/cmake --install /home/kunal-jazzy/ros2_ws/build/ros_navigation
