-- Install configuration: ""
-- Up-to-date: /home/kunal-jazzy/ros2_ws/install/rosmaster_description/share/rosmaster_description/config
-- Installing: /home/kunal-jazzy/ros2_ws/install/rosmaster_description/share/rosmaster_description/config/rosmaster_x3
-- Installing: /home/kunal-jazzy/ros2_ws/install/rosmaster_description/share/rosmaster_description/config/rosmaster_x3/ros2_controllers_template.yaml
-- Installing: /home/kunal-jazzy/ros2_ws/install/rosmaster_description/share/rosmaster_description/config/rosmaster_x3/ros2_controllers.yaml
-- Up-to-date: /home/kunal-jazzy/ros2_ws/install/rosmaster_description/share/rosmaster_description/launch
-- Installing: /home/kunal-jazzy/ros2_ws/install/rosmaster_description/share/rosmaster_description/launch/robot_state_publisher.launch.py
-- Up-to-date: /home/kunal-jazzy/ros2_ws/install/rosmaster_description/share/rosmaster_description/meshes
-- Up-to-date: /home/kunal-jazzy/ros2_ws/install/rosmaster_description/share/rosmaster_description/meshes/rplidar
-- Up-to-date: /home/kunal-jazzy/ros2_ws/install/rosmaster_description/share/rosmaster_description/meshes/rplidar/rplidar_s2.stl
-- Up-to-date: /home/kunal-jazzy/ros2_ws/install/rosmaster_description/share/rosmaster_description/meshes/rosmaster_x3
-- Up-to-date: /home/kunal-jazzy/ros2_ws/install/rosmaster_description/share/rosmaster_description/meshes/rosmaster_x3/visual
-- Up-to-date: /home/kunal-jazzy/ros2_ws/install/rosmaster_description/share/rosmaster_description/meshes/rosmaster_x3/visual/back_left_wheel_X3.STL
-- Up-to-date: /home/kunal-jazzy/ros2_ws/install/rosmaster_description/share/rosmaster_description/meshes/rosmaster_x3/visual/back_right_wheel_X3.STL
-- Up-to-date: /home/kunal-jazzy/ros2_ws/install/rosmaster_description/share/rosmaster_description/meshes/rosmaster_x3/visual/laser_link.STL
-- Up-to-date: /home/kunal-jazzy/ros2_ws/install/rosmaster_description/share/rosmaster_description/meshes/rosmaster_x3/visual/base_link_X3.STL
-- Up-to-date: /home/kunal-jazzy/ros2_ws/install/rosmaster_description/share/rosmaster_description/meshes/rosmaster_x3/visual/front_right_wheel_X3.STL
-- Up-to-date: /home/kunal-jazzy/ros2_ws/install/rosmaster_description/share/rosmaster_description/meshes/rosmaster_x3/visual/camera_link.STL
-- Up-to-date: /home/kunal-jazzy/ros2_ws/install/rosmaster_description/share/rosmaster_description/meshes/rosmaster_x3/visual/front_left_wheel_X3.STL
-- Up-to-date: /home/kunal-jazzy/ros2_ws/install/rosmaster_description/share/rosmaster_description/meshes/intel_realsense
-- Up-to-date: /home/kunal-jazzy/ros2_ws/install/rosmaster_description/share/rosmaster_description/meshes/intel_realsense/visual
-- Up-to-date: /home/kunal-jazzy/ros2_ws/install/rosmaster_description/share/rosmaster_description/meshes/intel_realsense/visual/d435.stl
-- Up-to-date: /home/kunal-jazzy/ros2_ws/install/rosmaster_description/share/rosmaster_description/urdf
-- Up-to-date: /home/kunal-jazzy/ros2_ws/install/rosmaster_description/share/rosmaster_description/urdf/control
-- Installing: /home/kunal-jazzy/ros2_ws/install/rosmaster_description/share/rosmaster_description/urdf/control/rosmaster_x3_ros2_control.urdf.xacro
-- Installing: /home/kunal-jazzy/ros2_ws/install/rosmaster_description/share/rosmaster_description/urdf/control/velocity_control_plugin.urdf.xacro
-- Installing: /home/kunal-jazzy/ros2_ws/install/rosmaster_description/share/rosmaster_description/urdf/control/gazebo_sim_ros2_control.urdf.xacro
-- Up-to-date: /home/kunal-jazzy/ros2_ws/install/rosmaster_description/share/rosmaster_description/urdf/robots
-- Installing: /home/kunal-jazzy/ros2_ws/install/rosmaster_description/share/rosmaster_description/urdf/robots/rosmaster_x3.urdf.xacro
-- Up-to-date: /home/kunal-jazzy/ros2_ws/install/rosmaster_description/share/rosmaster_description/urdf/sensors
-- Up-to-date: /home/kunal-jazzy/ros2_ws/install/rosmaster_description/share/rosmaster_description/urdf/sensors/rgbd_camera.urdf.xacro
-- Up-to-date: /home/kunal-jazzy/ros2_ws/install/rosmaster_description/share/rosmaster_description/urdf/sensors/lidar.urdf.xacro
-- Up-to-date: /home/kunal-jazzy/ros2_ws/install/rosmaster_description/share/rosmaster_description/urdf/sensors/imu.urdf.xacro
-- Up-to-date: /home/kunal-jazzy/ros2_ws/install/rosmaster_description/share/rosmaster_description/urdf/mech
-- Up-to-date: /home/kunal-jazzy/ros2_ws/install/rosmaster_description/share/rosmaster_description/urdf/mech/mecanum_wheel.urdf.xacro
-- Up-to-date: /home/kunal-jazzy/ros2_ws/install/rosmaster_description/share/rosmaster_description/urdf/mech/base.urdf.xacro
-- Up-to-date: /home/kunal-jazzy/ros2_ws/install/rosmaster_description/share/rosmaster_description/rviz
-- Up-to-date: /home/kunal-jazzy/ros2_ws/install/rosmaster_description/share/rosmaster_description/rviz/rosmaster_description.rviz
-- Up-to-date: /home/kunal-jazzy/ros2_ws/install/rosmaster_description/share/ament_index/resource_index/package_run_dependencies/rosmaster_description
-- Up-to-date: /home/kunal-jazzy/ros2_ws/install/rosmaster_description/share/ament_index/resource_index/parent_prefix_path/rosmaster_description
-- Up-to-date: /home/kunal-jazzy/ros2_ws/install/rosmaster_description/share/rosmaster_description/environment/ament_prefix_path.sh
-- Up-to-date: /home/kunal-jazzy/ros2_ws/install/rosmaster_description/share/rosmaster_description/environment/ament_prefix_path.dsv
-- Up-to-date: /home/kunal-jazzy/ros2_ws/install/rosmaster_description/share/rosmaster_description/environment/path.sh
-- Up-to-date: /home/kunal-jazzy/ros2_ws/install/rosmaster_description/share/rosmaster_description/environment/path.dsv
-- Up-to-date: /home/kunal-jazzy/ros2_ws/install/rosmaster_description/share/rosmaster_description/local_setup.bash
-- Up-to-date: /home/kunal-jazzy/ros2_ws/install/rosmaster_description/share/rosmaster_description/local_setup.sh
-- Up-to-date: /home/kunal-jazzy/ros2_ws/install/rosmaster_description/share/rosmaster_description/local_setup.zsh
-- Up-to-date: /home/kunal-jazzy/ros2_ws/install/rosmaster_description/share/rosmaster_description/local_setup.dsv
-- Installing: /home/kunal-jazzy/ros2_ws/install/rosmaster_description/share/rosmaster_description/package.dsv
-- Up-to-date: /home/kunal-jazzy/ros2_ws/install/rosmaster_description/share/ament_index/resource_index/packages/rosmaster_description
-- Up-to-date: /home/kunal-jazzy/ros2_ws/install/rosmaster_description/share/rosmaster_description/cmake/rosmaster_descriptionConfig.cmake
-- Up-to-date: /home/kunal-jazzy/ros2_ws/install/rosmaster_description/share/rosmaster_description/cmake/rosmaster_descriptionConfig-version.cmake
-- Up-to-date: /home/kunal-jazzy/ros2_ws/install/rosmaster_description/share/rosmaster_description/package.xml
