[0.032s] Invoking command in '/home/kunal-jazzy/ros2_ws/build/ros_bringup': CMAKE_PREFIX_PATH=${CMAKE_PREFIX_PATH}:/home/kunal-jazzy/ROS2-Camera-Visualization/install/four_control:/opt/ros/jazzy DEBUGINFOD_URLS=https://debuginfod.ubuntu.com /usr/bin/cmake /home/kunal-jazzy/ros2_ws/src/ros_bringup -DCMAKE_INSTALL_PREFIX=/home/kunal-jazzy/ros2_ws/install/ros_bringup
[0.163s] -- The C compiler identification is GNU 13.3.0
[0.273s] -- The CXX compiler identification is GNU 13.3.0
[0.288s] -- Detecting C compiler ABI info
[0.362s] -- Detecting C compiler ABI info - done
[0.373s] -- Check for working C compiler: /usr/bin/cc - skipped
[0.373s] -- Detecting C compile features
[0.373s] -- Detecting C compile features - done
[0.381s] -- Detecting CXX compiler ABI info
[0.465s] -- Detecting CXX compiler ABI info - done
[0.472s] -- Check for working CXX compiler: /usr/bin/c++ - skipped
[0.472s] -- Detecting CXX compile features
[0.472s] -- Detecting CXX compile features - done
[0.478s] -- Found ament_cmake: 2.5.5 (/opt/ros/jazzy/share/ament_cmake/cmake)
[0.609s] -- Found Python3: /usr/bin/python3 (found version "3.12.3") found components: Interpreter 
[0.740s] -- Found ament_lint_auto: 0.17.4 (/opt/ros/jazzy/share/ament_lint_auto/cmake)
[0.841s] -- Added test 'lint_cmake' to check CMake code style
[0.842s] -- Added test 'xmllint' to check XML markup files
[0.843s] -- Configuring done (0.8s)
[0.845s] -- Generating done (0.0s)
[0.846s] -- Build files have been written to: /home/kunal-jazzy/ros2_ws/build/ros_bringup
[0.850s] Invoked command in '/home/kunal-jazzy/ros2_ws/build/ros_bringup' returned '0': CMAKE_PREFIX_PATH=${CMAKE_PREFIX_PATH}:/home/kunal-jazzy/ROS2-Camera-Visualization/install/four_control:/opt/ros/jazzy DEBUGINFOD_URLS=https://debuginfod.ubuntu.com /usr/bin/cmake /home/kunal-jazzy/ros2_ws/src/ros_bringup -DCMAKE_INSTALL_PREFIX=/home/kunal-jazzy/ros2_ws/install/ros_bringup
[0.851s] Invoking command in '/home/kunal-jazzy/ros2_ws/build/ros_bringup': CMAKE_PREFIX_PATH=${CMAKE_PREFIX_PATH}:/home/kunal-jazzy/ROS2-Camera-Visualization/install/four_control:/opt/ros/jazzy DEBUGINFOD_URLS=https://debuginfod.ubuntu.com /usr/bin/cmake --build /home/kunal-jazzy/ros2_ws/build/ros_bringup -- -j12 -l12
[0.881s] Invoked command in '/home/kunal-jazzy/ros2_ws/build/ros_bringup' returned '0': CMAKE_PREFIX_PATH=${CMAKE_PREFIX_PATH}:/home/kunal-jazzy/ROS2-Camera-Visualization/install/four_control:/opt/ros/jazzy DEBUGINFOD_URLS=https://debuginfod.ubuntu.com /usr/bin/cmake --build /home/kunal-jazzy/ros2_ws/build/ros_bringup -- -j12 -l12
[0.883s] Invoking command in '/home/kunal-jazzy/ros2_ws/build/ros_bringup': CMAKE_PREFIX_PATH=${CMAKE_PREFIX_PATH}:/home/kunal-jazzy/ROS2-Camera-Visualization/install/four_control:/opt/ros/jazzy DEBUGINFOD_URLS=https://debuginfod.ubuntu.com /usr/bin/cmake --install /home/kunal-jazzy/ros2_ws/build/ros_bringup
[0.889s] -- Install configuration: ""
[0.889s] -- Installing: /home/kunal-jazzy/ros2_ws/install/ros_bringup/share/ament_index/resource_index/package_run_dependencies/ros_bringup
[0.889s] -- Installing: /home/kunal-jazzy/ros2_ws/install/ros_bringup/share/ament_index/resource_index/parent_prefix_path/ros_bringup
[0.889s] -- Installing: /home/kunal-jazzy/ros2_ws/install/ros_bringup/share/ros_bringup/environment/ament_prefix_path.sh
[0.889s] -- Installing: /home/kunal-jazzy/ros2_ws/install/ros_bringup/share/ros_bringup/environment/ament_prefix_path.dsv
[0.889s] -- Installing: /home/kunal-jazzy/ros2_ws/install/ros_bringup/share/ros_bringup/environment/path.sh
[0.889s] -- Installing: /home/kunal-jazzy/ros2_ws/install/ros_bringup/share/ros_bringup/environment/path.dsv
[0.889s] -- Installing: /home/kunal-jazzy/ros2_ws/install/ros_bringup/share/ros_bringup/local_setup.bash
[0.890s] -- Installing: /home/kunal-jazzy/ros2_ws/install/ros_bringup/share/ros_bringup/local_setup.sh
[0.890s] -- Installing: /home/kunal-jazzy/ros2_ws/install/ros_bringup/share/ros_bringup/local_setup.zsh
[0.890s] -- Installing: /home/kunal-jazzy/ros2_ws/install/ros_bringup/share/ros_bringup/local_setup.dsv
[0.890s] -- Installing: /home/kunal-jazzy/ros2_ws/install/ros_bringup/share/ros_bringup/package.dsv
[0.890s] -- Installing: /home/kunal-jazzy/ros2_ws/install/ros_bringup/share/ament_index/resource_index/packages/ros_bringup
[0.890s] -- Installing: /home/kunal-jazzy/ros2_ws/install/ros_bringup/share/ros_bringup/cmake/ros_bringupConfig.cmake
[0.890s] -- Installing: /home/kunal-jazzy/ros2_ws/install/ros_bringup/share/ros_bringup/cmake/ros_bringupConfig-version.cmake
[0.890s] -- Installing: /home/kunal-jazzy/ros2_ws/install/ros_bringup/share/ros_bringup/package.xml
[0.891s] Invoked command in '/home/kunal-jazzy/ros2_ws/build/ros_bringup' returned '0': CMAKE_PREFIX_PATH=${CMAKE_PREFIX_PATH}:/home/kunal-jazzy/ROS2-Camera-Visualization/install/four_control:/opt/ros/jazzy DEBUGINFOD_URLS=https://debuginfod.ubuntu.com /usr/bin/cmake --install /home/kunal-jazzy/ros2_ws/build/ros_bringup
