[0.013s] Invoking command in '/home/kunal-jazzy/ros2_ws/build/rosmaster_description': CMAKE_PREFIX_PATH=${CMAKE_PREFIX_PATH}:/home/kunal-jazzy/ROS2-Camera-Visualization/install/four_control:/opt/ros/jazzy DEBUGINFOD_URLS=https://debuginfod.ubuntu.com /usr/bin/cmake /home/kunal-jazzy/ros2_ws/src/rosmaster_description -DCMAKE_INSTALL_PREFIX=/home/kunal-jazzy/ros2_ws/install/rosmaster_description
[0.053s] -- The C compiler identification is GNU 13.3.0
[0.095s] -- The CXX compiler identification is GNU 13.3.0
[0.110s] -- Detecting C compiler ABI info
[0.212s] -- Detecting C compiler ABI info - done
[0.220s] -- Check for working C compiler: /usr/bin/cc - skipped
[0.220s] -- Detecting C compile features
[0.220s] -- Detecting C compile features - done
[0.230s] -- Detecting CXX compiler ABI info
[0.342s] -- Detecting CXX compiler ABI info - done
[0.349s] -- Check for working CXX compiler: /usr/bin/c++ - skipped
[0.349s] -- Detecting CXX compile features
[0.349s] -- Detecting CXX compile features - done
[0.353s] -- Found ament_cmake: 2.5.5 (/opt/ros/jazzy/share/ament_cmake/cmake)
[0.469s] -- Found Python3: /usr/bin/python3 (found version "3.12.3") found components: Interpreter 
[0.565s] -- Found ament_lint_auto: 0.17.4 (/opt/ros/jazzy/share/ament_lint_auto/cmake)
[0.652s] -- Added test 'lint_cmake' to check CMake code style
[0.653s] -- Added test 'xmllint' to check XML markup files
[0.654s] -- Configuring done (0.6s)
[0.656s] -- Generating done (0.0s)
[0.657s] -- Build files have been written to: /home/kunal-jazzy/ros2_ws/build/rosmaster_description
[0.661s] Invoked command in '/home/kunal-jazzy/ros2_ws/build/rosmaster_description' returned '0': CMAKE_PREFIX_PATH=${CMAKE_PREFIX_PATH}:/home/kunal-jazzy/ROS2-Camera-Visualization/install/four_control:/opt/ros/jazzy DEBUGINFOD_URLS=https://debuginfod.ubuntu.com /usr/bin/cmake /home/kunal-jazzy/ros2_ws/src/rosmaster_description -DCMAKE_INSTALL_PREFIX=/home/kunal-jazzy/ros2_ws/install/rosmaster_description
[0.662s] Invoking command in '/home/kunal-jazzy/ros2_ws/build/rosmaster_description': CMAKE_PREFIX_PATH=${CMAKE_PREFIX_PATH}:/home/kunal-jazzy/ROS2-Camera-Visualization/install/four_control:/opt/ros/jazzy DEBUGINFOD_URLS=https://debuginfod.ubuntu.com /usr/bin/cmake --build /home/kunal-jazzy/ros2_ws/build/rosmaster_description -- -j12 -l12
[0.698s] Invoked command in '/home/kunal-jazzy/ros2_ws/build/rosmaster_description' returned '0': CMAKE_PREFIX_PATH=${CMAKE_PREFIX_PATH}:/home/kunal-jazzy/ROS2-Camera-Visualization/install/four_control:/opt/ros/jazzy DEBUGINFOD_URLS=https://debuginfod.ubuntu.com /usr/bin/cmake --build /home/kunal-jazzy/ros2_ws/build/rosmaster_description -- -j12 -l12
[0.700s] Invoking command in '/home/kunal-jazzy/ros2_ws/build/rosmaster_description': CMAKE_PREFIX_PATH=${CMAKE_PREFIX_PATH}:/home/kunal-jazzy/ROS2-Camera-Visualization/install/four_control:/opt/ros/jazzy DEBUGINFOD_URLS=https://debuginfod.ubuntu.com /usr/bin/cmake --install /home/kunal-jazzy/ros2_ws/build/rosmaster_description
[0.711s] -- Install configuration: ""
[0.711s] -- Installing: /home/kunal-jazzy/ros2_ws/install/rosmaster_description/share/ament_index/resource_index/package_run_dependencies/rosmaster_description
[0.711s] -- Installing: /home/kunal-jazzy/ros2_ws/install/rosmaster_description/share/ament_index/resource_index/parent_prefix_path/rosmaster_description
[0.711s] -- Installing: /home/kunal-jazzy/ros2_ws/install/rosmaster_description/share/rosmaster_description/environment/ament_prefix_path.sh
[0.712s] -- Installing: /home/kunal-jazzy/ros2_ws/install/rosmaster_description/share/rosmaster_description/environment/ament_prefix_path.dsv
[0.712s] -- Installing: /home/kunal-jazzy/ros2_ws/install/rosmaster_description/share/rosmaster_description/environment/path.sh
[0.712s] -- Installing: /home/kunal-jazzy/ros2_ws/install/rosmaster_description/share/rosmaster_description/environment/path.dsv
[0.712s] -- Installing: /home/kunal-jazzy/ros2_ws/install/rosmaster_description/share/rosmaster_description/local_setup.bash
[0.712s] -- Installing: /home/kunal-jazzy/ros2_ws/install/rosmaster_description/share/rosmaster_description/local_setup.sh
[0.712s] -- Installing: /home/kunal-jazzy/ros2_ws/install/rosmaster_description/share/rosmaster_description/local_setup.zsh
[0.712s] -- Installing: /home/kunal-jazzy/ros2_ws/install/rosmaster_description/share/rosmaster_description/local_setup.dsv
[0.712s] -- Installing: /home/kunal-jazzy/ros2_ws/install/rosmaster_description/share/rosmaster_description/package.dsv
[0.712s] -- Installing: /home/kunal-jazzy/ros2_ws/install/rosmaster_description/share/ament_index/resource_index/packages/rosmaster_description
[0.712s] -- Installing: /home/kunal-jazzy/ros2_ws/install/rosmaster_description/share/rosmaster_description/cmake/rosmaster_descriptionConfig.cmake
[0.713s] -- Installing: /home/kunal-jazzy/ros2_ws/install/rosmaster_description/share/rosmaster_description/cmake/rosmaster_descriptionConfig-version.cmake
[0.713s] -- Installing: /home/kunal-jazzy/ros2_ws/install/rosmaster_description/share/rosmaster_description/package.xml
[0.714s] Invoked command in '/home/kunal-jazzy/ros2_ws/build/rosmaster_description' returned '0': CMAKE_PREFIX_PATH=${CMAKE_PREFIX_PATH}:/home/kunal-jazzy/ROS2-Camera-Visualization/install/four_control:/opt/ros/jazzy DEBUGINFOD_URLS=https://debuginfod.ubuntu.com /usr/bin/cmake --install /home/kunal-jazzy/ros2_ws/build/rosmaster_description
