[0.099s] DEBUG:colcon:Command line arguments: ['/usr/bin/colcon', 'build']
[0.100s] DEBUG:colcon:Parsed command line arguments: Namespace(log_base=None, log_level=None, verb_name='build', build_base='build', install_base='install', merge_install=False, symlink_install=False, test_result_base=None, continue_on_error=False, executor='parallel', parallel_workers=12, event_handlers=None, ignore_user_meta=False, metas=['./colcon.meta'], base_paths=['.'], packages_ignore=None, packages_ignore_regex=None, paths=None, packages_up_to=None, packages_up_to_regex=None, packages_above=None, packages_above_and_dependencies=None, packages_above_depth=None, packages_select_by_dep=None, packages_skip_by_dep=None, packages_skip_up_to=None, packages_select_build_failed=False, packages_skip_build_finished=False, packages_select_test_failures=False, packages_skip_test_passed=False, packages_select=None, packages_skip=None, packages_select_regex=None, packages_skip_regex=None, packages_start=None, packages_end=None, allow_overriding=[], cmake_args=None, cmake_target=None, cmake_target_skip_unavailable=False, cmake_clean_cache=False, cmake_clean_first=False, cmake_force_configure=False, ament_cmake_args=None, catkin_cmake_args=None, catkin_skip_building_tests=False, verb_parser=<colcon_defaults.argument_parser.defaults.DefaultArgumentsDecorator object at 0x7ab7d636e720>, verb_extension=<colcon_core.verb.build.BuildVerb object at 0x7ab7d6318530>, main=<bound method BuildVerb.main of <colcon_core.verb.build.BuildVerb object at 0x7ab7d6318530>>)
[0.130s] Level 1:colcon.colcon_core.package_discovery:discover_packages(colcon_meta) check parameters
[0.130s] Level 1:colcon.colcon_core.package_discovery:discover_packages(recursive) check parameters
[0.130s] Level 1:colcon.colcon_core.package_discovery:discover_packages(ignore) check parameters
[0.130s] Level 1:colcon.colcon_core.package_discovery:discover_packages(path) check parameters
[0.130s] Level 1:colcon.colcon_core.package_discovery:discover_packages(colcon_meta) discover
[0.130s] Level 1:colcon.colcon_core.package_discovery:discover_packages(recursive) discover
[0.130s] INFO:colcon.colcon_core.package_discovery:Crawling recursively for packages in '/home/kunal-jazzy/ros2_ws'
[0.130s] Level 1:colcon.colcon_core.package_identification:_identify(.) by extensions ['ignore', 'ignore_ament_install']
[0.130s] Level 1:colcon.colcon_core.package_identification:_identify(.) by extension 'ignore'
[0.130s] Level 1:colcon.colcon_core.package_identification:_identify(.) by extension 'ignore_ament_install'
[0.130s] Level 1:colcon.colcon_core.package_identification:_identify(.) by extensions ['colcon_pkg']
[0.130s] Level 1:colcon.colcon_core.package_identification:_identify(.) by extension 'colcon_pkg'
[0.130s] Level 1:colcon.colcon_core.package_identification:_identify(.) by extensions ['colcon_meta']
[0.130s] Level 1:colcon.colcon_core.package_identification:_identify(.) by extension 'colcon_meta'
[0.130s] Level 1:colcon.colcon_core.package_identification:_identify(.) by extensions ['ros']
[0.130s] Level 1:colcon.colcon_core.package_identification:_identify(.) by extension 'ros'
[0.149s] Level 1:colcon.colcon_core.package_identification:_identify(.) by extensions ['cmake', 'python']
[0.149s] Level 1:colcon.colcon_core.package_identification:_identify(.) by extension 'cmake'
[0.150s] Level 1:colcon.colcon_core.package_identification:_identify(.) by extension 'python'
[0.150s] Level 1:colcon.colcon_core.package_identification:_identify(.) by extensions ['python_setup_py']
[0.150s] Level 1:colcon.colcon_core.package_identification:_identify(.) by extension 'python_setup_py'
[0.150s] Level 1:colcon.colcon_core.package_identification:_identify(build) by extensions ['ignore', 'ignore_ament_install']
[0.150s] Level 1:colcon.colcon_core.package_identification:_identify(build) by extension 'ignore'
[0.150s] Level 1:colcon.colcon_core.package_identification:_identify(build) ignored
[0.150s] Level 1:colcon.colcon_core.package_identification:_identify(install) by extensions ['ignore', 'ignore_ament_install']
[0.150s] Level 1:colcon.colcon_core.package_identification:_identify(install) by extension 'ignore'
[0.150s] Level 1:colcon.colcon_core.package_identification:_identify(install) ignored
[0.150s] Level 1:colcon.colcon_core.package_identification:_identify(log) by extensions ['ignore', 'ignore_ament_install']
[0.150s] Level 1:colcon.colcon_core.package_identification:_identify(log) by extension 'ignore'
[0.150s] Level 1:colcon.colcon_core.package_identification:_identify(log) ignored
[0.150s] Level 1:colcon.colcon_core.package_identification:_identify(src) by extensions ['ignore', 'ignore_ament_install']
[0.150s] Level 1:colcon.colcon_core.package_identification:_identify(src) by extension 'ignore'
[0.150s] Level 1:colcon.colcon_core.package_identification:_identify(src) by extension 'ignore_ament_install'
[0.150s] Level 1:colcon.colcon_core.package_identification:_identify(src) by extensions ['colcon_pkg']
[0.150s] Level 1:colcon.colcon_core.package_identification:_identify(src) by extension 'colcon_pkg'
[0.150s] Level 1:colcon.colcon_core.package_identification:_identify(src) by extensions ['colcon_meta']
[0.150s] Level 1:colcon.colcon_core.package_identification:_identify(src) by extension 'colcon_meta'
[0.150s] Level 1:colcon.colcon_core.package_identification:_identify(src) by extensions ['ros']
[0.150s] Level 1:colcon.colcon_core.package_identification:_identify(src) by extension 'ros'
[0.150s] Level 1:colcon.colcon_core.package_identification:_identify(src) by extensions ['cmake', 'python']
[0.150s] Level 1:colcon.colcon_core.package_identification:_identify(src) by extension 'cmake'
[0.150s] Level 1:colcon.colcon_core.package_identification:_identify(src) by extension 'python'
[0.150s] Level 1:colcon.colcon_core.package_identification:_identify(src) by extensions ['python_setup_py']
[0.150s] Level 1:colcon.colcon_core.package_identification:_identify(src) by extension 'python_setup_py'
[0.150s] Level 1:colcon.colcon_core.package_identification:_identify(src/ros2_ws) by extensions ['ignore', 'ignore_ament_install']
[0.151s] Level 1:colcon.colcon_core.package_identification:_identify(src/ros2_ws) by extension 'ignore'
[0.151s] Level 1:colcon.colcon_core.package_identification:_identify(src/ros2_ws) by extension 'ignore_ament_install'
[0.151s] Level 1:colcon.colcon_core.package_identification:_identify(src/ros2_ws) by extensions ['colcon_pkg']
[0.151s] Level 1:colcon.colcon_core.package_identification:_identify(src/ros2_ws) by extension 'colcon_pkg'
[0.151s] Level 1:colcon.colcon_core.package_identification:_identify(src/ros2_ws) by extensions ['colcon_meta']
[0.151s] Level 1:colcon.colcon_core.package_identification:_identify(src/ros2_ws) by extension 'colcon_meta'
[0.151s] Level 1:colcon.colcon_core.package_identification:_identify(src/ros2_ws) by extensions ['ros']
[0.151s] Level 1:colcon.colcon_core.package_identification:_identify(src/ros2_ws) by extension 'ros'
[0.153s] DEBUG:colcon.colcon_core.package_identification:Package 'src/ros2_ws' with type 'ros.ament_cmake' and name 'ros2_ws'
[0.153s] Level 1:colcon.colcon_core.package_identification:_identify(src/ros_localization) by extensions ['ignore', 'ignore_ament_install']
[0.153s] Level 1:colcon.colcon_core.package_identification:_identify(src/ros_localization) by extension 'ignore'
[0.153s] Level 1:colcon.colcon_core.package_identification:_identify(src/ros_localization) by extension 'ignore_ament_install'
[0.153s] Level 1:colcon.colcon_core.package_identification:_identify(src/ros_localization) by extensions ['colcon_pkg']
[0.153s] Level 1:colcon.colcon_core.package_identification:_identify(src/ros_localization) by extension 'colcon_pkg'
[0.153s] Level 1:colcon.colcon_core.package_identification:_identify(src/ros_localization) by extensions ['colcon_meta']
[0.153s] Level 1:colcon.colcon_core.package_identification:_identify(src/ros_localization) by extension 'colcon_meta'
[0.153s] Level 1:colcon.colcon_core.package_identification:_identify(src/ros_localization) by extensions ['ros']
[0.153s] Level 1:colcon.colcon_core.package_identification:_identify(src/ros_localization) by extension 'ros'
[0.153s] DEBUG:colcon.colcon_core.package_identification:Package 'src/ros_localization' with type 'ros.ament_cmake' and name 'ros_localization'
[0.153s] Level 1:colcon.colcon_core.package_identification:_identify(src/ros_navigation) by extensions ['ignore', 'ignore_ament_install']
[0.153s] Level 1:colcon.colcon_core.package_identification:_identify(src/ros_navigation) by extension 'ignore'
[0.154s] Level 1:colcon.colcon_core.package_identification:_identify(src/ros_navigation) by extension 'ignore_ament_install'
[0.154s] Level 1:colcon.colcon_core.package_identification:_identify(src/ros_navigation) by extensions ['colcon_pkg']
[0.154s] Level 1:colcon.colcon_core.package_identification:_identify(src/ros_navigation) by extension 'colcon_pkg'
[0.154s] Level 1:colcon.colcon_core.package_identification:_identify(src/ros_navigation) by extensions ['colcon_meta']
[0.154s] Level 1:colcon.colcon_core.package_identification:_identify(src/ros_navigation) by extension 'colcon_meta'
[0.154s] Level 1:colcon.colcon_core.package_identification:_identify(src/ros_navigation) by extensions ['ros']
[0.154s] Level 1:colcon.colcon_core.package_identification:_identify(src/ros_navigation) by extension 'ros'
[0.154s] DEBUG:colcon.colcon_core.package_identification:Package 'src/ros_navigation' with type 'ros.ament_cmake' and name 'ros_navigation'
[0.154s] Level 1:colcon.colcon_core.package_identification:_identify(src/rosmaster_description) by extensions ['ignore', 'ignore_ament_install']
[0.154s] Level 1:colcon.colcon_core.package_identification:_identify(src/rosmaster_description) by extension 'ignore'
[0.154s] Level 1:colcon.colcon_core.package_identification:_identify(src/rosmaster_description) by extension 'ignore_ament_install'
[0.154s] Level 1:colcon.colcon_core.package_identification:_identify(src/rosmaster_description) by extensions ['colcon_pkg']
[0.154s] Level 1:colcon.colcon_core.package_identification:_identify(src/rosmaster_description) by extension 'colcon_pkg'
[0.154s] Level 1:colcon.colcon_core.package_identification:_identify(src/rosmaster_description) by extensions ['colcon_meta']
[0.155s] Level 1:colcon.colcon_core.package_identification:_identify(src/rosmaster_description) by extension 'colcon_meta'
[0.155s] Level 1:colcon.colcon_core.package_identification:_identify(src/rosmaster_description) by extensions ['ros']
[0.155s] Level 1:colcon.colcon_core.package_identification:_identify(src/rosmaster_description) by extension 'ros'
[0.155s] DEBUG:colcon.colcon_core.package_identification:Package 'src/rosmaster_description' with type 'ros.ament_cmake' and name 'rosmaster_description'
[0.155s] Level 1:colcon.colcon_core.package_discovery:discover_packages(recursive) using defaults
[0.155s] Level 1:colcon.colcon_core.package_discovery:discover_packages(ignore) discover
[0.155s] Level 1:colcon.colcon_core.package_discovery:discover_packages(ignore) using defaults
[0.155s] Level 1:colcon.colcon_core.package_discovery:discover_packages(path) discover
[0.155s] Level 1:colcon.colcon_core.package_discovery:discover_packages(path) using defaults
[0.168s] Level 1:colcon.colcon_core.package_discovery:discover_packages(prefix_path) check parameters
[0.168s] Level 1:colcon.colcon_core.package_discovery:discover_packages(prefix_path) discover
[0.170s] DEBUG:colcon.colcon_installed_package_information.package_discovery:Found 4 installed packages in /home/kunal-jazzy/ROS2-Camera-Visualization/install
[0.171s] DEBUG:colcon.colcon_installed_package_information.package_discovery:Found 488 installed packages in /opt/ros/jazzy
[0.173s] Level 1:colcon.colcon_core.package_discovery:discover_packages(prefix_path) using defaults
[0.210s] Level 5:colcon.colcon_core.verb:set package 'ros_localization' build argument 'cmake_args' from command line to 'None'
[0.210s] Level 5:colcon.colcon_core.verb:set package 'ros_localization' build argument 'cmake_target' from command line to 'None'
[0.210s] Level 5:colcon.colcon_core.verb:set package 'ros_localization' build argument 'cmake_target_skip_unavailable' from command line to 'False'
[0.210s] Level 5:colcon.colcon_core.verb:set package 'ros_localization' build argument 'cmake_clean_cache' from command line to 'False'
[0.210s] Level 5:colcon.colcon_core.verb:set package 'ros_localization' build argument 'cmake_clean_first' from command line to 'False'
[0.210s] Level 5:colcon.colcon_core.verb:set package 'ros_localization' build argument 'cmake_force_configure' from command line to 'False'
[0.210s] Level 5:colcon.colcon_core.verb:set package 'ros_localization' build argument 'ament_cmake_args' from command line to 'None'
[0.210s] Level 5:colcon.colcon_core.verb:set package 'ros_localization' build argument 'catkin_cmake_args' from command line to 'None'
[0.210s] Level 5:colcon.colcon_core.verb:set package 'ros_localization' build argument 'catkin_skip_building_tests' from command line to 'False'
[0.210s] DEBUG:colcon.colcon_core.verb:Building package 'ros_localization' with the following arguments: {'ament_cmake_args': None, 'build_base': '/home/kunal-jazzy/ros2_ws/build/ros_localization', 'catkin_cmake_args': None, 'catkin_skip_building_tests': False, 'cmake_args': None, 'cmake_clean_cache': False, 'cmake_clean_first': False, 'cmake_force_configure': False, 'cmake_target': None, 'cmake_target_skip_unavailable': False, 'install_base': '/home/kunal-jazzy/ros2_ws/install/ros_localization', 'merge_install': False, 'path': '/home/kunal-jazzy/ros2_ws/src/ros_localization', 'symlink_install': False, 'test_result_base': None}
[0.211s] Level 5:colcon.colcon_core.verb:set package 'ros_navigation' build argument 'cmake_args' from command line to 'None'
[0.211s] Level 5:colcon.colcon_core.verb:set package 'ros_navigation' build argument 'cmake_target' from command line to 'None'
[0.211s] Level 5:colcon.colcon_core.verb:set package 'ros_navigation' build argument 'cmake_target_skip_unavailable' from command line to 'False'
[0.211s] Level 5:colcon.colcon_core.verb:set package 'ros_navigation' build argument 'cmake_clean_cache' from command line to 'False'
[0.211s] Level 5:colcon.colcon_core.verb:set package 'ros_navigation' build argument 'cmake_clean_first' from command line to 'False'
[0.211s] Level 5:colcon.colcon_core.verb:set package 'ros_navigation' build argument 'cmake_force_configure' from command line to 'False'
[0.211s] Level 5:colcon.colcon_core.verb:set package 'ros_navigation' build argument 'ament_cmake_args' from command line to 'None'
[0.211s] Level 5:colcon.colcon_core.verb:set package 'ros_navigation' build argument 'catkin_cmake_args' from command line to 'None'
[0.211s] Level 5:colcon.colcon_core.verb:set package 'ros_navigation' build argument 'catkin_skip_building_tests' from command line to 'False'
[0.211s] DEBUG:colcon.colcon_core.verb:Building package 'ros_navigation' with the following arguments: {'ament_cmake_args': None, 'build_base': '/home/kunal-jazzy/ros2_ws/build/ros_navigation', 'catkin_cmake_args': None, 'catkin_skip_building_tests': False, 'cmake_args': None, 'cmake_clean_cache': False, 'cmake_clean_first': False, 'cmake_force_configure': False, 'cmake_target': None, 'cmake_target_skip_unavailable': False, 'install_base': '/home/kunal-jazzy/ros2_ws/install/ros_navigation', 'merge_install': False, 'path': '/home/kunal-jazzy/ros2_ws/src/ros_navigation', 'symlink_install': False, 'test_result_base': None}
[0.211s] Level 5:colcon.colcon_core.verb:set package 'rosmaster_description' build argument 'cmake_args' from command line to 'None'
[0.211s] Level 5:colcon.colcon_core.verb:set package 'rosmaster_description' build argument 'cmake_target' from command line to 'None'
[0.211s] Level 5:colcon.colcon_core.verb:set package 'rosmaster_description' build argument 'cmake_target_skip_unavailable' from command line to 'False'
[0.211s] Level 5:colcon.colcon_core.verb:set package 'rosmaster_description' build argument 'cmake_clean_cache' from command line to 'False'
[0.211s] Level 5:colcon.colcon_core.verb:set package 'rosmaster_description' build argument 'cmake_clean_first' from command line to 'False'
[0.211s] Level 5:colcon.colcon_core.verb:set package 'rosmaster_description' build argument 'cmake_force_configure' from command line to 'False'
[0.211s] Level 5:colcon.colcon_core.verb:set package 'rosmaster_description' build argument 'ament_cmake_args' from command line to 'None'
[0.211s] Level 5:colcon.colcon_core.verb:set package 'rosmaster_description' build argument 'catkin_cmake_args' from command line to 'None'
[0.211s] Level 5:colcon.colcon_core.verb:set package 'rosmaster_description' build argument 'catkin_skip_building_tests' from command line to 'False'
[0.211s] DEBUG:colcon.colcon_core.verb:Building package 'rosmaster_description' with the following arguments: {'ament_cmake_args': None, 'build_base': '/home/kunal-jazzy/ros2_ws/build/rosmaster_description', 'catkin_cmake_args': None, 'catkin_skip_building_tests': False, 'cmake_args': None, 'cmake_clean_cache': False, 'cmake_clean_first': False, 'cmake_force_configure': False, 'cmake_target': None, 'cmake_target_skip_unavailable': False, 'install_base': '/home/kunal-jazzy/ros2_ws/install/rosmaster_description', 'merge_install': False, 'path': '/home/kunal-jazzy/ros2_ws/src/rosmaster_description', 'symlink_install': False, 'test_result_base': None}
[0.211s] Level 5:colcon.colcon_core.verb:set package 'ros2_ws' build argument 'cmake_args' from command line to 'None'
[0.211s] Level 5:colcon.colcon_core.verb:set package 'ros2_ws' build argument 'cmake_target' from command line to 'None'
[0.211s] Level 5:colcon.colcon_core.verb:set package 'ros2_ws' build argument 'cmake_target_skip_unavailable' from command line to 'False'
[0.211s] Level 5:colcon.colcon_core.verb:set package 'ros2_ws' build argument 'cmake_clean_cache' from command line to 'False'
[0.211s] Level 5:colcon.colcon_core.verb:set package 'ros2_ws' build argument 'cmake_clean_first' from command line to 'False'
[0.211s] Level 5:colcon.colcon_core.verb:set package 'ros2_ws' build argument 'cmake_force_configure' from command line to 'False'
[0.211s] Level 5:colcon.colcon_core.verb:set package 'ros2_ws' build argument 'ament_cmake_args' from command line to 'None'
[0.211s] Level 5:colcon.colcon_core.verb:set package 'ros2_ws' build argument 'catkin_cmake_args' from command line to 'None'
[0.211s] Level 5:colcon.colcon_core.verb:set package 'ros2_ws' build argument 'catkin_skip_building_tests' from command line to 'False'
[0.211s] DEBUG:colcon.colcon_core.verb:Building package 'ros2_ws' with the following arguments: {'ament_cmake_args': None, 'build_base': '/home/kunal-jazzy/ros2_ws/build/ros2_ws', 'catkin_cmake_args': None, 'catkin_skip_building_tests': False, 'cmake_args': None, 'cmake_clean_cache': False, 'cmake_clean_first': False, 'cmake_force_configure': False, 'cmake_target': None, 'cmake_target_skip_unavailable': False, 'install_base': '/home/kunal-jazzy/ros2_ws/install/ros2_ws', 'merge_install': False, 'path': '/home/kunal-jazzy/ros2_ws/src/ros2_ws', 'symlink_install': False, 'test_result_base': None}
[0.211s] INFO:colcon.colcon_core.executor:Executing jobs using 'parallel' executor
[0.212s] DEBUG:colcon.colcon_parallel_executor.executor.parallel:run_until_complete
[0.212s] INFO:colcon.colcon_ros.task.ament_cmake.build:Building ROS package in '/home/kunal-jazzy/ros2_ws/src/rosmaster_description' with build type 'ament_cmake'
[0.212s] INFO:colcon.colcon_cmake.task.cmake.build:Building CMake package in '/home/kunal-jazzy/ros2_ws/src/rosmaster_description'
[0.214s] INFO:colcon.colcon_core.plugin_system:Skipping extension 'colcon_core.shell.bat': Not used on non-Windows systems
[0.214s] INFO:colcon.colcon_core.shell:Skip shell extension 'powershell' for command environment: Not usable outside of PowerShell
[0.214s] DEBUG:colcon.colcon_core.shell:Skip shell extension 'dsv' for command environment
[0.218s] INFO:colcon.colcon_ros.task.ament_cmake.build:Building ROS package in '/home/kunal-jazzy/ros2_ws/src/ros_localization' with build type 'ament_cmake'
[0.219s] INFO:colcon.colcon_cmake.task.cmake.build:Building CMake package in '/home/kunal-jazzy/ros2_ws/src/ros_localization'
[0.219s] INFO:colcon.colcon_core.shell:Skip shell extension 'powershell' for command environment: Not usable outside of PowerShell
[0.219s] DEBUG:colcon.colcon_core.shell:Skip shell extension 'dsv' for command environment
[0.223s] INFO:colcon.colcon_ros.task.ament_cmake.build:Building ROS package in '/home/kunal-jazzy/ros2_ws/src/ros_navigation' with build type 'ament_cmake'
[0.223s] INFO:colcon.colcon_cmake.task.cmake.build:Building CMake package in '/home/kunal-jazzy/ros2_ws/src/ros_navigation'
[0.223s] INFO:colcon.colcon_core.shell:Skip shell extension 'powershell' for command environment: Not usable outside of PowerShell
[0.223s] DEBUG:colcon.colcon_core.shell:Skip shell extension 'dsv' for command environment
[0.230s] DEBUG:colcon.colcon_core.event_handler.log_command:Invoking command in '/home/kunal-jazzy/ros2_ws/build/rosmaster_description': CMAKE_PREFIX_PATH=${CMAKE_PREFIX_PATH}:/home/kunal-jazzy/ROS2-Camera-Visualization/install/four_control:/opt/ros/jazzy DEBUGINFOD_URLS=https://debuginfod.ubuntu.com /usr/bin/cmake --build /home/kunal-jazzy/ros2_ws/build/rosmaster_description -- -j12 -l12
[0.233s] DEBUG:colcon.colcon_core.event_handler.log_command:Invoking command in '/home/kunal-jazzy/ros2_ws/build/ros_localization': CMAKE_PREFIX_PATH=${CMAKE_PREFIX_PATH}:/home/kunal-jazzy/ROS2-Camera-Visualization/install/four_control:/opt/ros/jazzy DEBUGINFOD_URLS=https://debuginfod.ubuntu.com /usr/bin/cmake --build /home/kunal-jazzy/ros2_ws/build/ros_localization -- -j12 -l12
[0.236s] DEBUG:colcon.colcon_core.event_handler.log_command:Invoking command in '/home/kunal-jazzy/ros2_ws/build/ros_navigation': CMAKE_PREFIX_PATH=${CMAKE_PREFIX_PATH}:/home/kunal-jazzy/ROS2-Camera-Visualization/install/four_control:/opt/ros/jazzy DEBUGINFOD_URLS=https://debuginfod.ubuntu.com /usr/bin/cmake --build /home/kunal-jazzy/ros2_ws/build/ros_navigation -- -j12 -l12
[0.263s] DEBUG:colcon.colcon_core.event_handler.log_command:Invoked command in '/home/kunal-jazzy/ros2_ws/build/ros_localization' returned '0': CMAKE_PREFIX_PATH=${CMAKE_PREFIX_PATH}:/home/kunal-jazzy/ROS2-Camera-Visualization/install/four_control:/opt/ros/jazzy DEBUGINFOD_URLS=https://debuginfod.ubuntu.com /usr/bin/cmake --build /home/kunal-jazzy/ros2_ws/build/ros_localization -- -j12 -l12
[0.274s] DEBUG:colcon.colcon_core.event_handler.log_command:Invoking command in '/home/kunal-jazzy/ros2_ws/build/ros_localization': CMAKE_PREFIX_PATH=${CMAKE_PREFIX_PATH}:/home/kunal-jazzy/ROS2-Camera-Visualization/install/four_control:/opt/ros/jazzy DEBUGINFOD_URLS=https://debuginfod.ubuntu.com /usr/bin/cmake --install /home/kunal-jazzy/ros2_ws/build/ros_localization
[0.279s] DEBUG:colcon.colcon_core.event_handler.log_command:Invoked command in '/home/kunal-jazzy/ros2_ws/build/ros_navigation' returned '0': CMAKE_PREFIX_PATH=${CMAKE_PREFIX_PATH}:/home/kunal-jazzy/ROS2-Camera-Visualization/install/four_control:/opt/ros/jazzy DEBUGINFOD_URLS=https://debuginfod.ubuntu.com /usr/bin/cmake --build /home/kunal-jazzy/ros2_ws/build/ros_navigation -- -j12 -l12
[0.280s] DEBUG:colcon.colcon_core.event_handler.log_command:Invoking command in '/home/kunal-jazzy/ros2_ws/build/ros_navigation': CMAKE_PREFIX_PATH=${CMAKE_PREFIX_PATH}:/home/kunal-jazzy/ROS2-Camera-Visualization/install/four_control:/opt/ros/jazzy DEBUGINFOD_URLS=https://debuginfod.ubuntu.com /usr/bin/cmake --install /home/kunal-jazzy/ros2_ws/build/ros_navigation
[0.283s] Level 1:colcon.colcon_core.environment:create_environment_scripts_only(ros_localization)
[0.284s] DEBUG:colcon.colcon_core.event_handler.log_command:Invoked command in '/home/kunal-jazzy/ros2_ws/build/ros_localization' returned '0': CMAKE_PREFIX_PATH=${CMAKE_PREFIX_PATH}:/home/kunal-jazzy/ROS2-Camera-Visualization/install/four_control:/opt/ros/jazzy DEBUGINFOD_URLS=https://debuginfod.ubuntu.com /usr/bin/cmake --install /home/kunal-jazzy/ros2_ws/build/ros_localization
[0.286s] Level 1:colcon.colcon_core.environment:checking '/home/kunal-jazzy/ros2_ws/install/ros_localization' for CMake module files
[0.286s] Level 1:colcon.colcon_core.environment:checking '/home/kunal-jazzy/ros2_ws/install/ros_localization' for CMake config files
[0.288s] Level 1:colcon.colcon_core.shell:create_environment_hook('ros_localization', 'cmake_prefix_path')
[0.288s] INFO:colcon.colcon_core.shell:Creating environment hook '/home/kunal-jazzy/ros2_ws/install/ros_localization/share/ros_localization/hook/cmake_prefix_path.ps1'
[0.288s] INFO:colcon.colcon_core.shell:Creating environment descriptor '/home/kunal-jazzy/ros2_ws/install/ros_localization/share/ros_localization/hook/cmake_prefix_path.dsv'
[0.288s] INFO:colcon.colcon_core.shell:Creating environment hook '/home/kunal-jazzy/ros2_ws/install/ros_localization/share/ros_localization/hook/cmake_prefix_path.sh'
[0.289s] Level 1:colcon.colcon_core.environment:checking '/home/kunal-jazzy/ros2_ws/install/ros_localization/bin'
[0.289s] Level 1:colcon.colcon_core.environment:checking '/home/kunal-jazzy/ros2_ws/install/ros_localization/lib/pkgconfig/ros_localization.pc'
[0.289s] Level 1:colcon.colcon_core.environment:checking '/home/kunal-jazzy/ros2_ws/install/ros_localization/lib/python3.12/site-packages'
[0.290s] Level 1:colcon.colcon_core.environment:checking '/home/kunal-jazzy/ros2_ws/install/ros_localization/bin'
[0.290s] INFO:colcon.colcon_core.shell:Creating package script '/home/kunal-jazzy/ros2_ws/install/ros_localization/share/ros_localization/package.ps1'
[0.290s] INFO:colcon.colcon_core.shell:Creating package descriptor '/home/kunal-jazzy/ros2_ws/install/ros_localization/share/ros_localization/package.dsv'
[0.291s] INFO:colcon.colcon_core.shell:Creating package script '/home/kunal-jazzy/ros2_ws/install/ros_localization/share/ros_localization/package.sh'
[0.291s] INFO:colcon.colcon_core.shell:Creating package script '/home/kunal-jazzy/ros2_ws/install/ros_localization/share/ros_localization/package.bash'
[0.291s] INFO:colcon.colcon_core.shell:Creating package script '/home/kunal-jazzy/ros2_ws/install/ros_localization/share/ros_localization/package.zsh'
[0.292s] Level 1:colcon.colcon_core.environment:create_file_with_runtime_dependencies(/home/kunal-jazzy/ros2_ws/install/ros_localization/share/colcon-core/packages/ros_localization)
[0.292s] Level 1:colcon.colcon_core.environment:create_environment_scripts_only(ros_localization)
[0.292s] Level 1:colcon.colcon_core.environment:checking '/home/kunal-jazzy/ros2_ws/install/ros_localization' for CMake module files
[0.292s] Level 1:colcon.colcon_core.environment:checking '/home/kunal-jazzy/ros2_ws/install/ros_localization' for CMake config files
[0.293s] Level 1:colcon.colcon_core.shell:create_environment_hook('ros_localization', 'cmake_prefix_path')
[0.293s] INFO:colcon.colcon_core.shell:Creating environment hook '/home/kunal-jazzy/ros2_ws/install/ros_localization/share/ros_localization/hook/cmake_prefix_path.ps1'
[0.293s] INFO:colcon.colcon_core.shell:Creating environment descriptor '/home/kunal-jazzy/ros2_ws/install/ros_localization/share/ros_localization/hook/cmake_prefix_path.dsv'
[0.293s] INFO:colcon.colcon_core.shell:Creating environment hook '/home/kunal-jazzy/ros2_ws/install/ros_localization/share/ros_localization/hook/cmake_prefix_path.sh'
[0.293s] Level 1:colcon.colcon_core.environment:checking '/home/kunal-jazzy/ros2_ws/install/ros_localization/bin'
[0.293s] Level 1:colcon.colcon_core.environment:checking '/home/kunal-jazzy/ros2_ws/install/ros_localization/lib/pkgconfig/ros_localization.pc'
[0.294s] Level 1:colcon.colcon_core.environment:checking '/home/kunal-jazzy/ros2_ws/install/ros_localization/lib/python3.12/site-packages'
[0.294s] Level 1:colcon.colcon_core.environment:checking '/home/kunal-jazzy/ros2_ws/install/ros_localization/bin'
[0.294s] INFO:colcon.colcon_core.shell:Creating package script '/home/kunal-jazzy/ros2_ws/install/ros_localization/share/ros_localization/package.ps1'
[0.294s] INFO:colcon.colcon_core.shell:Creating package descriptor '/home/kunal-jazzy/ros2_ws/install/ros_localization/share/ros_localization/package.dsv'
[0.294s] INFO:colcon.colcon_core.shell:Creating package script '/home/kunal-jazzy/ros2_ws/install/ros_localization/share/ros_localization/package.sh'
[0.295s] INFO:colcon.colcon_core.shell:Creating package script '/home/kunal-jazzy/ros2_ws/install/ros_localization/share/ros_localization/package.bash'
[0.295s] INFO:colcon.colcon_core.shell:Creating package script '/home/kunal-jazzy/ros2_ws/install/ros_localization/share/ros_localization/package.zsh'
[0.295s] Level 1:colcon.colcon_core.environment:create_file_with_runtime_dependencies(/home/kunal-jazzy/ros2_ws/install/ros_localization/share/colcon-core/packages/ros_localization)
[0.296s] Level 1:colcon.colcon_core.environment:create_environment_scripts_only(ros_navigation)
[0.296s] Level 1:colcon.colcon_core.environment:checking '/home/kunal-jazzy/ros2_ws/install/ros_navigation' for CMake module files
[0.296s] DEBUG:colcon.colcon_core.event_handler.log_command:Invoked command in '/home/kunal-jazzy/ros2_ws/build/ros_navigation' returned '0': CMAKE_PREFIX_PATH=${CMAKE_PREFIX_PATH}:/home/kunal-jazzy/ROS2-Camera-Visualization/install/four_control:/opt/ros/jazzy DEBUGINFOD_URLS=https://debuginfod.ubuntu.com /usr/bin/cmake --install /home/kunal-jazzy/ros2_ws/build/ros_navigation
[0.297s] Level 1:colcon.colcon_core.environment:checking '/home/kunal-jazzy/ros2_ws/install/ros_navigation' for CMake config files
[0.297s] Level 1:colcon.colcon_core.shell:create_environment_hook('ros_navigation', 'cmake_prefix_path')
[0.297s] INFO:colcon.colcon_core.shell:Creating environment hook '/home/kunal-jazzy/ros2_ws/install/ros_navigation/share/ros_navigation/hook/cmake_prefix_path.ps1'
[0.297s] INFO:colcon.colcon_core.shell:Creating environment descriptor '/home/kunal-jazzy/ros2_ws/install/ros_navigation/share/ros_navigation/hook/cmake_prefix_path.dsv'
[0.297s] INFO:colcon.colcon_core.shell:Creating environment hook '/home/kunal-jazzy/ros2_ws/install/ros_navigation/share/ros_navigation/hook/cmake_prefix_path.sh'
[0.298s] Level 1:colcon.colcon_core.environment:checking '/home/kunal-jazzy/ros2_ws/install/ros_navigation/bin'
[0.298s] Level 1:colcon.colcon_core.environment:checking '/home/kunal-jazzy/ros2_ws/install/ros_navigation/lib/pkgconfig/ros_navigation.pc'
[0.298s] Level 1:colcon.colcon_core.environment:checking '/home/kunal-jazzy/ros2_ws/install/ros_navigation/lib/python3.12/site-packages'
[0.298s] Level 1:colcon.colcon_core.environment:checking '/home/kunal-jazzy/ros2_ws/install/ros_navigation/bin'
[0.299s] INFO:colcon.colcon_core.shell:Creating package script '/home/kunal-jazzy/ros2_ws/install/ros_navigation/share/ros_navigation/package.ps1'
[0.299s] INFO:colcon.colcon_core.shell:Creating package descriptor '/home/kunal-jazzy/ros2_ws/install/ros_navigation/share/ros_navigation/package.dsv'
[0.299s] INFO:colcon.colcon_core.shell:Creating package script '/home/kunal-jazzy/ros2_ws/install/ros_navigation/share/ros_navigation/package.sh'
[0.299s] INFO:colcon.colcon_core.shell:Creating package script '/home/kunal-jazzy/ros2_ws/install/ros_navigation/share/ros_navigation/package.bash'
[0.300s] INFO:colcon.colcon_core.shell:Creating package script '/home/kunal-jazzy/ros2_ws/install/ros_navigation/share/ros_navigation/package.zsh'
[0.300s] Level 1:colcon.colcon_core.environment:create_file_with_runtime_dependencies(/home/kunal-jazzy/ros2_ws/install/ros_navigation/share/colcon-core/packages/ros_navigation)
[0.300s] Level 1:colcon.colcon_core.environment:create_environment_scripts_only(ros_navigation)
[0.300s] Level 1:colcon.colcon_core.environment:checking '/home/kunal-jazzy/ros2_ws/install/ros_navigation' for CMake module files
[0.301s] Level 1:colcon.colcon_core.environment:checking '/home/kunal-jazzy/ros2_ws/install/ros_navigation' for CMake config files
[0.301s] Level 1:colcon.colcon_core.shell:create_environment_hook('ros_navigation', 'cmake_prefix_path')
[0.302s] INFO:colcon.colcon_core.shell:Creating environment hook '/home/kunal-jazzy/ros2_ws/install/ros_navigation/share/ros_navigation/hook/cmake_prefix_path.ps1'
[0.302s] INFO:colcon.colcon_core.shell:Creating environment descriptor '/home/kunal-jazzy/ros2_ws/install/ros_navigation/share/ros_navigation/hook/cmake_prefix_path.dsv'
[0.302s] INFO:colcon.colcon_core.shell:Creating environment hook '/home/kunal-jazzy/ros2_ws/install/ros_navigation/share/ros_navigation/hook/cmake_prefix_path.sh'
[0.303s] Level 1:colcon.colcon_core.environment:checking '/home/kunal-jazzy/ros2_ws/install/ros_navigation/bin'
[0.303s] Level 1:colcon.colcon_core.environment:checking '/home/kunal-jazzy/ros2_ws/install/ros_navigation/lib/pkgconfig/ros_navigation.pc'
[0.303s] Level 1:colcon.colcon_core.environment:checking '/home/kunal-jazzy/ros2_ws/install/ros_navigation/lib/python3.12/site-packages'
[0.303s] Level 1:colcon.colcon_core.environment:checking '/home/kunal-jazzy/ros2_ws/install/ros_navigation/bin'
[0.303s] INFO:colcon.colcon_core.shell:Creating package script '/home/kunal-jazzy/ros2_ws/install/ros_navigation/share/ros_navigation/package.ps1'
[0.304s] INFO:colcon.colcon_core.shell:Creating package descriptor '/home/kunal-jazzy/ros2_ws/install/ros_navigation/share/ros_navigation/package.dsv'
[0.304s] INFO:colcon.colcon_core.shell:Creating package script '/home/kunal-jazzy/ros2_ws/install/ros_navigation/share/ros_navigation/package.sh'
[0.304s] INFO:colcon.colcon_core.shell:Creating package script '/home/kunal-jazzy/ros2_ws/install/ros_navigation/share/ros_navigation/package.bash'
[0.305s] INFO:colcon.colcon_core.shell:Creating package script '/home/kunal-jazzy/ros2_ws/install/ros_navigation/share/ros_navigation/package.zsh'
[0.305s] Level 1:colcon.colcon_core.environment:create_file_with_runtime_dependencies(/home/kunal-jazzy/ros2_ws/install/ros_navigation/share/colcon-core/packages/ros_navigation)
[0.516s] DEBUG:colcon.colcon_core.event_handler.log_command:Invoked command in '/home/kunal-jazzy/ros2_ws/build/rosmaster_description' returned '0': CMAKE_PREFIX_PATH=${CMAKE_PREFIX_PATH}:/home/kunal-jazzy/ROS2-Camera-Visualization/install/four_control:/opt/ros/jazzy DEBUGINFOD_URLS=https://debuginfod.ubuntu.com /usr/bin/cmake --build /home/kunal-jazzy/ros2_ws/build/rosmaster_description -- -j12 -l12
[0.517s] DEBUG:colcon.colcon_core.event_handler.log_command:Invoking command in '/home/kunal-jazzy/ros2_ws/build/rosmaster_description': CMAKE_PREFIX_PATH=${CMAKE_PREFIX_PATH}:/home/kunal-jazzy/ROS2-Camera-Visualization/install/four_control:/opt/ros/jazzy DEBUGINFOD_URLS=https://debuginfod.ubuntu.com /usr/bin/cmake --install /home/kunal-jazzy/ros2_ws/build/rosmaster_description
[0.540s] Level 1:colcon.colcon_core.environment:create_environment_scripts_only(rosmaster_description)
[0.540s] DEBUG:colcon.colcon_core.event_handler.log_command:Invoked command in '/home/kunal-jazzy/ros2_ws/build/rosmaster_description' returned '0': CMAKE_PREFIX_PATH=${CMAKE_PREFIX_PATH}:/home/kunal-jazzy/ROS2-Camera-Visualization/install/four_control:/opt/ros/jazzy DEBUGINFOD_URLS=https://debuginfod.ubuntu.com /usr/bin/cmake --install /home/kunal-jazzy/ros2_ws/build/rosmaster_description
[0.540s] Level 1:colcon.colcon_core.environment:checking '/home/kunal-jazzy/ros2_ws/install/rosmaster_description' for CMake module files
[0.541s] Level 1:colcon.colcon_core.environment:checking '/home/kunal-jazzy/ros2_ws/install/rosmaster_description' for CMake config files
[0.541s] Level 1:colcon.colcon_core.shell:create_environment_hook('rosmaster_description', 'cmake_prefix_path')
[0.541s] INFO:colcon.colcon_core.shell:Creating environment hook '/home/kunal-jazzy/ros2_ws/install/rosmaster_description/share/rosmaster_description/hook/cmake_prefix_path.ps1'
[0.541s] INFO:colcon.colcon_core.shell:Creating environment descriptor '/home/kunal-jazzy/ros2_ws/install/rosmaster_description/share/rosmaster_description/hook/cmake_prefix_path.dsv'
[0.541s] INFO:colcon.colcon_core.shell:Creating environment hook '/home/kunal-jazzy/ros2_ws/install/rosmaster_description/share/rosmaster_description/hook/cmake_prefix_path.sh'
[0.542s] Level 1:colcon.colcon_core.environment:checking '/home/kunal-jazzy/ros2_ws/install/rosmaster_description/bin'
[0.542s] Level 1:colcon.colcon_core.environment:checking '/home/kunal-jazzy/ros2_ws/install/rosmaster_description/lib/pkgconfig/rosmaster_description.pc'
[0.542s] Level 1:colcon.colcon_core.environment:checking '/home/kunal-jazzy/ros2_ws/install/rosmaster_description/lib/python3.12/site-packages'
[0.542s] Level 1:colcon.colcon_core.environment:checking '/home/kunal-jazzy/ros2_ws/install/rosmaster_description/bin'
[0.543s] INFO:colcon.colcon_core.shell:Creating package script '/home/kunal-jazzy/ros2_ws/install/rosmaster_description/share/rosmaster_description/package.ps1'
[0.543s] INFO:colcon.colcon_core.shell:Creating package descriptor '/home/kunal-jazzy/ros2_ws/install/rosmaster_description/share/rosmaster_description/package.dsv'
[0.543s] INFO:colcon.colcon_core.shell:Creating package script '/home/kunal-jazzy/ros2_ws/install/rosmaster_description/share/rosmaster_description/package.sh'
[0.543s] INFO:colcon.colcon_core.shell:Creating package script '/home/kunal-jazzy/ros2_ws/install/rosmaster_description/share/rosmaster_description/package.bash'
[0.544s] INFO:colcon.colcon_core.shell:Creating package script '/home/kunal-jazzy/ros2_ws/install/rosmaster_description/share/rosmaster_description/package.zsh'
[0.544s] Level 1:colcon.colcon_core.environment:create_file_with_runtime_dependencies(/home/kunal-jazzy/ros2_ws/install/rosmaster_description/share/colcon-core/packages/rosmaster_description)
[0.544s] Level 1:colcon.colcon_core.environment:create_environment_scripts_only(rosmaster_description)
[0.544s] Level 1:colcon.colcon_core.environment:checking '/home/kunal-jazzy/ros2_ws/install/rosmaster_description' for CMake module files
[0.544s] Level 1:colcon.colcon_core.environment:checking '/home/kunal-jazzy/ros2_ws/install/rosmaster_description' for CMake config files
[0.545s] Level 1:colcon.colcon_core.shell:create_environment_hook('rosmaster_description', 'cmake_prefix_path')
[0.545s] INFO:colcon.colcon_core.shell:Creating environment hook '/home/kunal-jazzy/ros2_ws/install/rosmaster_description/share/rosmaster_description/hook/cmake_prefix_path.ps1'
[0.545s] INFO:colcon.colcon_core.shell:Creating environment descriptor '/home/kunal-jazzy/ros2_ws/install/rosmaster_description/share/rosmaster_description/hook/cmake_prefix_path.dsv'
[0.545s] INFO:colcon.colcon_core.shell:Creating environment hook '/home/kunal-jazzy/ros2_ws/install/rosmaster_description/share/rosmaster_description/hook/cmake_prefix_path.sh'
[0.545s] Level 1:colcon.colcon_core.environment:checking '/home/kunal-jazzy/ros2_ws/install/rosmaster_description/bin'
[0.546s] Level 1:colcon.colcon_core.environment:checking '/home/kunal-jazzy/ros2_ws/install/rosmaster_description/lib/pkgconfig/rosmaster_description.pc'
[0.546s] Level 1:colcon.colcon_core.environment:checking '/home/kunal-jazzy/ros2_ws/install/rosmaster_description/lib/python3.12/site-packages'
[0.546s] Level 1:colcon.colcon_core.environment:checking '/home/kunal-jazzy/ros2_ws/install/rosmaster_description/bin'
[0.546s] INFO:colcon.colcon_core.shell:Creating package script '/home/kunal-jazzy/ros2_ws/install/rosmaster_description/share/rosmaster_description/package.ps1'
[0.546s] INFO:colcon.colcon_core.shell:Creating package descriptor '/home/kunal-jazzy/ros2_ws/install/rosmaster_description/share/rosmaster_description/package.dsv'
[0.547s] INFO:colcon.colcon_core.shell:Creating package script '/home/kunal-jazzy/ros2_ws/install/rosmaster_description/share/rosmaster_description/package.sh'
[0.547s] INFO:colcon.colcon_core.shell:Creating package script '/home/kunal-jazzy/ros2_ws/install/rosmaster_description/share/rosmaster_description/package.bash'
[0.548s] INFO:colcon.colcon_core.shell:Creating package script '/home/kunal-jazzy/ros2_ws/install/rosmaster_description/share/rosmaster_description/package.zsh'
[0.548s] Level 1:colcon.colcon_core.environment:create_file_with_runtime_dependencies(/home/kunal-jazzy/ros2_ws/install/rosmaster_description/share/colcon-core/packages/rosmaster_description)
[0.548s] INFO:colcon.colcon_ros.task.ament_cmake.build:Building ROS package in '/home/kunal-jazzy/ros2_ws/src/ros2_ws' with build type 'ament_cmake'
[0.548s] INFO:colcon.colcon_cmake.task.cmake.build:Building CMake package in '/home/kunal-jazzy/ros2_ws/src/ros2_ws'
[0.548s] INFO:colcon.colcon_core.shell:Skip shell extension 'powershell' for command environment: Not usable outside of PowerShell
[0.548s] DEBUG:colcon.colcon_core.shell:Skip shell extension 'dsv' for command environment
[0.555s] DEBUG:colcon.colcon_core.event_handler.log_command:Invoking command in '/home/kunal-jazzy/ros2_ws/build/ros2_ws': AMENT_PREFIX_PATH=/home/kunal-jazzy/ros2_ws/install/rosmaster_description:${AMENT_PREFIX_PATH} CMAKE_PREFIX_PATH=/home/kunal-jazzy/ros2_ws/install/rosmaster_description:/home/kunal-jazzy/ROS2-Camera-Visualization/install/four_worlds:/home/kunal-jazzy/ROS2-Camera-Visualization/install/four_control_bringup:/home/kunal-jazzy/ROS2-Camera-Visualization/install/four_wheel_description:/opt/ros/jazzy/opt/gz_sim_vendor:/opt/ros/jazzy/opt/gz_sensors_vendor:/opt/ros/jazzy/opt/gz_physics_vendor:/opt/ros/jazzy/opt/sdformat_vendor:/opt/ros/jazzy/opt/gz_gui_vendor:/opt/ros/jazzy/opt/gz_transport_vendor:/opt/ros/jazzy/opt/gz_rendering_vendor:/opt/ros/jazzy/opt/gz_plugin_vendor:/opt/ros/jazzy/opt/gz_fuel_tools_vendor:/opt/ros/jazzy/opt/gz_msgs_vendor:/opt/ros/jazzy/opt/gz_common_vendor:/opt/ros/jazzy/opt/gz_math_vendor:/opt/ros/jazzy/opt/gz_utils_vendor:/opt/ros/jazzy/opt/gz_tools_vendor:/opt/ros/jazzy/opt/gz_ogre_next_vendor:/opt/ros/jazzy/opt/gz_dartsim_vendor:/opt/ros/jazzy/opt/gz_cmake_vendor:/home/kunal-jazzy/ROS2-Camera-Visualization/install/four_control:/opt/ros/jazzy DEBUGINFOD_URLS=https://debuginfod.ubuntu.com /usr/bin/cmake --build /home/kunal-jazzy/ros2_ws/build/ros2_ws -- -j12 -l12
[0.588s] DEBUG:colcon.colcon_core.event_handler.log_command:Invoked command in '/home/kunal-jazzy/ros2_ws/build/ros2_ws' returned '0': AMENT_PREFIX_PATH=/home/kunal-jazzy/ros2_ws/install/rosmaster_description:${AMENT_PREFIX_PATH} CMAKE_PREFIX_PATH=/home/kunal-jazzy/ros2_ws/install/rosmaster_description:/home/kunal-jazzy/ROS2-Camera-Visualization/install/four_worlds:/home/kunal-jazzy/ROS2-Camera-Visualization/install/four_control_bringup:/home/kunal-jazzy/ROS2-Camera-Visualization/install/four_wheel_description:/opt/ros/jazzy/opt/gz_sim_vendor:/opt/ros/jazzy/opt/gz_sensors_vendor:/opt/ros/jazzy/opt/gz_physics_vendor:/opt/ros/jazzy/opt/sdformat_vendor:/opt/ros/jazzy/opt/gz_gui_vendor:/opt/ros/jazzy/opt/gz_transport_vendor:/opt/ros/jazzy/opt/gz_rendering_vendor:/opt/ros/jazzy/opt/gz_plugin_vendor:/opt/ros/jazzy/opt/gz_fuel_tools_vendor:/opt/ros/jazzy/opt/gz_msgs_vendor:/opt/ros/jazzy/opt/gz_common_vendor:/opt/ros/jazzy/opt/gz_math_vendor:/opt/ros/jazzy/opt/gz_utils_vendor:/opt/ros/jazzy/opt/gz_tools_vendor:/opt/ros/jazzy/opt/gz_ogre_next_vendor:/opt/ros/jazzy/opt/gz_dartsim_vendor:/opt/ros/jazzy/opt/gz_cmake_vendor:/home/kunal-jazzy/ROS2-Camera-Visualization/install/four_control:/opt/ros/jazzy DEBUGINFOD_URLS=https://debuginfod.ubuntu.com /usr/bin/cmake --build /home/kunal-jazzy/ros2_ws/build/ros2_ws -- -j12 -l12
[0.589s] DEBUG:colcon.colcon_core.event_handler.log_command:Invoking command in '/home/kunal-jazzy/ros2_ws/build/ros2_ws': AMENT_PREFIX_PATH=/home/kunal-jazzy/ros2_ws/install/rosmaster_description:${AMENT_PREFIX_PATH} CMAKE_PREFIX_PATH=/home/kunal-jazzy/ros2_ws/install/rosmaster_description:/home/kunal-jazzy/ROS2-Camera-Visualization/install/four_worlds:/home/kunal-jazzy/ROS2-Camera-Visualization/install/four_control_bringup:/home/kunal-jazzy/ROS2-Camera-Visualization/install/four_wheel_description:/opt/ros/jazzy/opt/gz_sim_vendor:/opt/ros/jazzy/opt/gz_sensors_vendor:/opt/ros/jazzy/opt/gz_physics_vendor:/opt/ros/jazzy/opt/sdformat_vendor:/opt/ros/jazzy/opt/gz_gui_vendor:/opt/ros/jazzy/opt/gz_transport_vendor:/opt/ros/jazzy/opt/gz_rendering_vendor:/opt/ros/jazzy/opt/gz_plugin_vendor:/opt/ros/jazzy/opt/gz_fuel_tools_vendor:/opt/ros/jazzy/opt/gz_msgs_vendor:/opt/ros/jazzy/opt/gz_common_vendor:/opt/ros/jazzy/opt/gz_math_vendor:/opt/ros/jazzy/opt/gz_utils_vendor:/opt/ros/jazzy/opt/gz_tools_vendor:/opt/ros/jazzy/opt/gz_ogre_next_vendor:/opt/ros/jazzy/opt/gz_dartsim_vendor:/opt/ros/jazzy/opt/gz_cmake_vendor:/home/kunal-jazzy/ROS2-Camera-Visualization/install/four_control:/opt/ros/jazzy DEBUGINFOD_URLS=https://debuginfod.ubuntu.com /usr/bin/cmake --install /home/kunal-jazzy/ros2_ws/build/ros2_ws
[0.597s] Level 1:colcon.colcon_core.environment:create_environment_scripts_only(ros2_ws)
[0.597s] Level 1:colcon.colcon_core.environment:checking '/home/kunal-jazzy/ros2_ws/install/ros2_ws' for CMake module files
[0.597s] DEBUG:colcon.colcon_core.event_handler.log_command:Invoked command in '/home/kunal-jazzy/ros2_ws/build/ros2_ws' returned '0': AMENT_PREFIX_PATH=/home/kunal-jazzy/ros2_ws/install/rosmaster_description:${AMENT_PREFIX_PATH} CMAKE_PREFIX_PATH=/home/kunal-jazzy/ros2_ws/install/rosmaster_description:/home/kunal-jazzy/ROS2-Camera-Visualization/install/four_worlds:/home/kunal-jazzy/ROS2-Camera-Visualization/install/four_control_bringup:/home/kunal-jazzy/ROS2-Camera-Visualization/install/four_wheel_description:/opt/ros/jazzy/opt/gz_sim_vendor:/opt/ros/jazzy/opt/gz_sensors_vendor:/opt/ros/jazzy/opt/gz_physics_vendor:/opt/ros/jazzy/opt/sdformat_vendor:/opt/ros/jazzy/opt/gz_gui_vendor:/opt/ros/jazzy/opt/gz_transport_vendor:/opt/ros/jazzy/opt/gz_rendering_vendor:/opt/ros/jazzy/opt/gz_plugin_vendor:/opt/ros/jazzy/opt/gz_fuel_tools_vendor:/opt/ros/jazzy/opt/gz_msgs_vendor:/opt/ros/jazzy/opt/gz_common_vendor:/opt/ros/jazzy/opt/gz_math_vendor:/opt/ros/jazzy/opt/gz_utils_vendor:/opt/ros/jazzy/opt/gz_tools_vendor:/opt/ros/jazzy/opt/gz_ogre_next_vendor:/opt/ros/jazzy/opt/gz_dartsim_vendor:/opt/ros/jazzy/opt/gz_cmake_vendor:/home/kunal-jazzy/ROS2-Camera-Visualization/install/four_control:/opt/ros/jazzy DEBUGINFOD_URLS=https://debuginfod.ubuntu.com /usr/bin/cmake --install /home/kunal-jazzy/ros2_ws/build/ros2_ws
[0.597s] Level 1:colcon.colcon_core.environment:checking '/home/kunal-jazzy/ros2_ws/install/ros2_ws' for CMake config files
[0.598s] Level 1:colcon.colcon_core.shell:create_environment_hook('ros2_ws', 'cmake_prefix_path')
[0.598s] INFO:colcon.colcon_core.shell:Creating environment hook '/home/kunal-jazzy/ros2_ws/install/ros2_ws/share/ros2_ws/hook/cmake_prefix_path.ps1'
[0.598s] INFO:colcon.colcon_core.shell:Creating environment descriptor '/home/kunal-jazzy/ros2_ws/install/ros2_ws/share/ros2_ws/hook/cmake_prefix_path.dsv'
[0.598s] INFO:colcon.colcon_core.shell:Creating environment hook '/home/kunal-jazzy/ros2_ws/install/ros2_ws/share/ros2_ws/hook/cmake_prefix_path.sh'
[0.599s] Level 1:colcon.colcon_core.environment:checking '/home/kunal-jazzy/ros2_ws/install/ros2_ws/bin'
[0.599s] Level 1:colcon.colcon_core.environment:checking '/home/kunal-jazzy/ros2_ws/install/ros2_ws/lib/pkgconfig/ros2_ws.pc'
[0.599s] Level 1:colcon.colcon_core.environment:checking '/home/kunal-jazzy/ros2_ws/install/ros2_ws/lib/python3.12/site-packages'
[0.599s] Level 1:colcon.colcon_core.environment:checking '/home/kunal-jazzy/ros2_ws/install/ros2_ws/bin'
[0.599s] INFO:colcon.colcon_core.shell:Creating package script '/home/kunal-jazzy/ros2_ws/install/ros2_ws/share/ros2_ws/package.ps1'
[0.600s] INFO:colcon.colcon_core.shell:Creating package descriptor '/home/kunal-jazzy/ros2_ws/install/ros2_ws/share/ros2_ws/package.dsv'
[0.600s] INFO:colcon.colcon_core.shell:Creating package script '/home/kunal-jazzy/ros2_ws/install/ros2_ws/share/ros2_ws/package.sh'
[0.600s] INFO:colcon.colcon_core.shell:Creating package script '/home/kunal-jazzy/ros2_ws/install/ros2_ws/share/ros2_ws/package.bash'
[0.600s] INFO:colcon.colcon_core.shell:Creating package script '/home/kunal-jazzy/ros2_ws/install/ros2_ws/share/ros2_ws/package.zsh'
[0.600s] Level 1:colcon.colcon_core.environment:create_file_with_runtime_dependencies(/home/kunal-jazzy/ros2_ws/install/ros2_ws/share/colcon-core/packages/ros2_ws)
[0.601s] Level 1:colcon.colcon_core.environment:create_environment_scripts_only(ros2_ws)
[0.601s] Level 1:colcon.colcon_core.environment:checking '/home/kunal-jazzy/ros2_ws/install/ros2_ws' for CMake module files
[0.601s] Level 1:colcon.colcon_core.environment:checking '/home/kunal-jazzy/ros2_ws/install/ros2_ws' for CMake config files
[0.601s] Level 1:colcon.colcon_core.shell:create_environment_hook('ros2_ws', 'cmake_prefix_path')
[0.601s] INFO:colcon.colcon_core.shell:Creating environment hook '/home/kunal-jazzy/ros2_ws/install/ros2_ws/share/ros2_ws/hook/cmake_prefix_path.ps1'
[0.601s] INFO:colcon.colcon_core.shell:Creating environment descriptor '/home/kunal-jazzy/ros2_ws/install/ros2_ws/share/ros2_ws/hook/cmake_prefix_path.dsv'
[0.602s] INFO:colcon.colcon_core.shell:Creating environment hook '/home/kunal-jazzy/ros2_ws/install/ros2_ws/share/ros2_ws/hook/cmake_prefix_path.sh'
[0.602s] Level 1:colcon.colcon_core.environment:checking '/home/kunal-jazzy/ros2_ws/install/ros2_ws/bin'
[0.602s] Level 1:colcon.colcon_core.environment:checking '/home/kunal-jazzy/ros2_ws/install/ros2_ws/lib/pkgconfig/ros2_ws.pc'
[0.602s] Level 1:colcon.colcon_core.environment:checking '/home/kunal-jazzy/ros2_ws/install/ros2_ws/lib/python3.12/site-packages'
[0.603s] Level 1:colcon.colcon_core.environment:checking '/home/kunal-jazzy/ros2_ws/install/ros2_ws/bin'
[0.603s] INFO:colcon.colcon_core.shell:Creating package script '/home/kunal-jazzy/ros2_ws/install/ros2_ws/share/ros2_ws/package.ps1'
[0.603s] INFO:colcon.colcon_core.shell:Creating package descriptor '/home/kunal-jazzy/ros2_ws/install/ros2_ws/share/ros2_ws/package.dsv'
[0.603s] INFO:colcon.colcon_core.shell:Creating package script '/home/kunal-jazzy/ros2_ws/install/ros2_ws/share/ros2_ws/package.sh'
[0.604s] INFO:colcon.colcon_core.shell:Creating package script '/home/kunal-jazzy/ros2_ws/install/ros2_ws/share/ros2_ws/package.bash'
[0.604s] INFO:colcon.colcon_core.shell:Creating package script '/home/kunal-jazzy/ros2_ws/install/ros2_ws/share/ros2_ws/package.zsh'
[0.604s] Level 1:colcon.colcon_core.environment:create_file_with_runtime_dependencies(/home/kunal-jazzy/ros2_ws/install/ros2_ws/share/colcon-core/packages/ros2_ws)
[0.604s] DEBUG:colcon.colcon_parallel_executor.executor.parallel:closing loop
[0.604s] DEBUG:colcon.colcon_parallel_executor.executor.parallel:loop closed
[0.604s] DEBUG:colcon.colcon_parallel_executor.executor.parallel:run_until_complete finished with '0'
[0.605s] DEBUG:colcon.colcon_core.event_reactor:joining thread
[0.620s] INFO:colcon.colcon_core.plugin_system:Skipping extension 'colcon_notification.desktop_notification.terminal_notifier': Not used on non-Darwin systems
[0.620s] INFO:colcon.colcon_core.plugin_system:Skipping extension 'colcon_notification.desktop_notification.win32': Not used on non-Windows systems
[0.620s] INFO:colcon.colcon_notification.desktop_notification:Sending desktop notification using 'notify2'
[0.631s] DEBUG:colcon.colcon_core.event_reactor:joined thread
[0.631s] INFO:colcon.colcon_core.shell:Creating prefix script '/home/kunal-jazzy/ros2_ws/install/local_setup.ps1'
[0.632s] INFO:colcon.colcon_core.shell:Creating prefix util module '/home/kunal-jazzy/ros2_ws/install/_local_setup_util_ps1.py'
[0.632s] INFO:colcon.colcon_core.shell:Creating prefix chain script '/home/kunal-jazzy/ros2_ws/install/setup.ps1'
[0.633s] INFO:colcon.colcon_core.shell:Creating prefix script '/home/kunal-jazzy/ros2_ws/install/local_setup.sh'
[0.633s] INFO:colcon.colcon_core.shell:Creating prefix util module '/home/kunal-jazzy/ros2_ws/install/_local_setup_util_sh.py'
[0.634s] INFO:colcon.colcon_core.shell:Creating prefix chain script '/home/kunal-jazzy/ros2_ws/install/setup.sh'
[0.635s] INFO:colcon.colcon_core.shell:Creating prefix script '/home/kunal-jazzy/ros2_ws/install/local_setup.bash'
[0.635s] INFO:colcon.colcon_core.shell:Creating prefix chain script '/home/kunal-jazzy/ros2_ws/install/setup.bash'
[0.636s] INFO:colcon.colcon_core.shell:Creating prefix script '/home/kunal-jazzy/ros2_ws/install/local_setup.zsh'
[0.636s] INFO:colcon.colcon_core.shell:Creating prefix chain script '/home/kunal-jazzy/ros2_ws/install/setup.zsh'
