[0.038s] Invoking command in '/home/kunal-jazzy/ros2_ws/build/rosmaster_description': CMAKE_PREFIX_PATH=${CMAKE_PREFIX_PATH}:/home/kunal-jazzy/ROS2-Camera-Visualization/install/four_control:/opt/ros/jazzy DEBUGINFOD_URLS=https://debuginfod.ubuntu.com /usr/bin/cmake --build /home/kunal-jazzy/ros2_ws/build/rosmaster_description -- -j12 -l12
[0.158s] Invoked command in '/home/kunal-jazzy/ros2_ws/build/rosmaster_description' returned '0': CMAKE_PREFIX_PATH=${CMAKE_PREFIX_PATH}:/home/kunal-jazzy/ROS2-Camera-Visualization/install/four_control:/opt/ros/jazzy DEBUGINFOD_URLS=https://debuginfod.ubuntu.com /usr/bin/cmake --build /home/kunal-jazzy/ros2_ws/build/rosmaster_description -- -j12 -l12
[0.159s] Invoking command in '/home/kunal-jazzy/ros2_ws/build/rosmaster_description': CMAKE_PREFIX_PATH=${CMAKE_PREFIX_PATH}:/home/kunal-jazzy/ROS2-Camera-Visualization/install/four_control:/opt/ros/jazzy DEBUGINFOD_URLS=https://debuginfod.ubuntu.com /usr/bin/cmake --install /home/kunal-jazzy/ros2_ws/build/rosmaster_description
[0.170s] -- Install configuration: ""
[0.170s] -- Up-to-date: /home/kunal-jazzy/ros2_ws/install/rosmaster_description/share/rosmaster_description/config
[0.170s] -- Up-to-date: /home/kunal-jazzy/ros2_ws/install/rosmaster_description/share/rosmaster_description/launch
[0.170s] -- Up-to-date: /home/kunal-jazzy/ros2_ws/install/rosmaster_description/share/rosmaster_description/launch/robot_state_publisher.launch.py
[0.170s] -- Up-to-date: /home/kunal-jazzy/ros2_ws/install/rosmaster_description/share/rosmaster_description/meshes
[0.171s] -- Up-to-date: /home/kunal-jazzy/ros2_ws/install/rosmaster_description/share/rosmaster_description/meshes/rplidar
[0.171s] -- Up-to-date: /home/kunal-jazzy/ros2_ws/install/rosmaster_description/share/rosmaster_description/meshes/rplidar/rplidar_s2.stl
[0.171s] -- Up-to-date: /home/kunal-jazzy/ros2_ws/install/rosmaster_description/share/rosmaster_description/meshes/rosmaster_x3
[0.171s] -- Up-to-date: /home/kunal-jazzy/ros2_ws/install/rosmaster_description/share/rosmaster_description/meshes/rosmaster_x3/visual
[0.172s] -- Up-to-date: /home/kunal-jazzy/ros2_ws/install/rosmaster_description/share/rosmaster_description/meshes/rosmaster_x3/visual/back_left_wheel_X3.STL
[0.172s] -- Up-to-date: /home/kunal-jazzy/ros2_ws/install/rosmaster_description/share/rosmaster_description/meshes/rosmaster_x3/visual/back_right_wheel_X3.STL
[0.172s] -- Up-to-date: /home/kunal-jazzy/ros2_ws/install/rosmaster_description/share/rosmaster_description/meshes/rosmaster_x3/visual/laser_link.STL
[0.172s] -- Up-to-date: /home/kunal-jazzy/ros2_ws/install/rosmaster_description/share/rosmaster_description/meshes/rosmaster_x3/visual/base_link_X3.STL
[0.172s] -- Up-to-date: /home/kunal-jazzy/ros2_ws/install/rosmaster_description/share/rosmaster_description/meshes/rosmaster_x3/visual/front_right_wheel_X3.STL
[0.172s] -- Up-to-date: /home/kunal-jazzy/ros2_ws/install/rosmaster_description/share/rosmaster_description/meshes/rosmaster_x3/visual/camera_link.STL
[0.172s] -- Up-to-date: /home/kunal-jazzy/ros2_ws/install/rosmaster_description/share/rosmaster_description/meshes/rosmaster_x3/visual/front_left_wheel_X3.STL
[0.172s] -- Up-to-date: /home/kunal-jazzy/ros2_ws/install/rosmaster_description/share/rosmaster_description/meshes/intel_realsense
[0.172s] -- Up-to-date: /home/kunal-jazzy/ros2_ws/install/rosmaster_description/share/rosmaster_description/meshes/intel_realsense/visual
[0.173s] -- Up-to-date: /home/kunal-jazzy/ros2_ws/install/rosmaster_description/share/rosmaster_description/meshes/intel_realsense/visual/d435.stl
[0.173s] -- Up-to-date: /home/kunal-jazzy/ros2_ws/install/rosmaster_description/share/rosmaster_description/urdf
[0.173s] -- Up-to-date: /home/kunal-jazzy/ros2_ws/install/rosmaster_description/share/rosmaster_description/urdf/control
[0.173s] -- Up-to-date: /home/kunal-jazzy/ros2_ws/install/rosmaster_description/share/rosmaster_description/urdf/robots
[0.173s] -- Up-to-date: /home/kunal-jazzy/ros2_ws/install/rosmaster_description/share/rosmaster_description/urdf/robots/rosmaster_x3.urdf.xacro
[0.173s] -- Up-to-date: /home/kunal-jazzy/ros2_ws/install/rosmaster_description/share/rosmaster_description/urdf/sensors
[0.174s] -- Up-to-date: /home/kunal-jazzy/ros2_ws/install/rosmaster_description/share/rosmaster_description/urdf/sensors/rgbd_camera.urdf.xacro
[0.174s] -- Up-to-date: /home/kunal-jazzy/ros2_ws/install/rosmaster_description/share/rosmaster_description/urdf/sensors/lidar.urdf.xacro
[0.174s] -- Up-to-date: /home/kunal-jazzy/ros2_ws/install/rosmaster_description/share/rosmaster_description/urdf/sensors/imu.urdf.xacro
[0.174s] -- Up-to-date: /home/kunal-jazzy/ros2_ws/install/rosmaster_description/share/rosmaster_description/urdf/mech
[0.174s] -- Up-to-date: /home/kunal-jazzy/ros2_ws/install/rosmaster_description/share/rosmaster_description/urdf/mech/mecanum_wheel.urdf.xacro
[0.174s] -- Up-to-date: /home/kunal-jazzy/ros2_ws/install/rosmaster_description/share/rosmaster_description/urdf/mech/base.urdf.xacro
[0.174s] -- Up-to-date: /home/kunal-jazzy/ros2_ws/install/rosmaster_description/share/rosmaster_description/rviz
[0.174s] -- Up-to-date: /home/kunal-jazzy/ros2_ws/install/rosmaster_description/share/rosmaster_description/rviz/rosmaster_description.rviz
[0.174s] -- Up-to-date: /home/kunal-jazzy/ros2_ws/install/rosmaster_description/share/ament_index/resource_index/package_run_dependencies/rosmaster_description
[0.174s] -- Up-to-date: /home/kunal-jazzy/ros2_ws/install/rosmaster_description/share/ament_index/resource_index/parent_prefix_path/rosmaster_description
[0.174s] -- Up-to-date: /home/kunal-jazzy/ros2_ws/install/rosmaster_description/share/rosmaster_description/environment/ament_prefix_path.sh
[0.174s] -- Up-to-date: /home/kunal-jazzy/ros2_ws/install/rosmaster_description/share/rosmaster_description/environment/ament_prefix_path.dsv
[0.174s] -- Up-to-date: /home/kunal-jazzy/ros2_ws/install/rosmaster_description/share/rosmaster_description/environment/path.sh
[0.174s] -- Up-to-date: /home/kunal-jazzy/ros2_ws/install/rosmaster_description/share/rosmaster_description/environment/path.dsv
[0.175s] -- Up-to-date: /home/kunal-jazzy/ros2_ws/install/rosmaster_description/share/rosmaster_description/local_setup.bash
[0.175s] -- Up-to-date: /home/kunal-jazzy/ros2_ws/install/rosmaster_description/share/rosmaster_description/local_setup.sh
[0.175s] -- Up-to-date: /home/kunal-jazzy/ros2_ws/install/rosmaster_description/share/rosmaster_description/local_setup.zsh
[0.175s] -- Up-to-date: /home/kunal-jazzy/ros2_ws/install/rosmaster_description/share/rosmaster_description/local_setup.dsv
[0.175s] -- Installing: /home/kunal-jazzy/ros2_ws/install/rosmaster_description/share/rosmaster_description/package.dsv
[0.175s] -- Up-to-date: /home/kunal-jazzy/ros2_ws/install/rosmaster_description/share/ament_index/resource_index/packages/rosmaster_description
[0.175s] -- Up-to-date: /home/kunal-jazzy/ros2_ws/install/rosmaster_description/share/rosmaster_description/cmake/rosmaster_descriptionConfig.cmake
[0.175s] -- Up-to-date: /home/kunal-jazzy/ros2_ws/install/rosmaster_description/share/rosmaster_description/cmake/rosmaster_descriptionConfig-version.cmake
[0.175s] -- Up-to-date: /home/kunal-jazzy/ros2_ws/install/rosmaster_description/share/rosmaster_description/package.xml
[0.219s] Invoked command in '/home/kunal-jazzy/ros2_ws/build/rosmaster_description' returned '0': CMAKE_PREFIX_PATH=${CMAKE_PREFIX_PATH}:/home/kunal-jazzy/ROS2-Camera-Visualization/install/four_control:/opt/ros/jazzy DEBUGINFOD_URLS=https://debuginfod.ubuntu.com /usr/bin/cmake --install /home/kunal-jazzy/ros2_ws/build/rosmaster_description
