[0.037s] Invoking command in '/home/kunal-jazzy/ros2_ws/build/ros_bringup': CMAKE_PREFIX_PATH=${CMAKE_PREFIX_PATH}:/home/kunal-jazzy/ROS2-Camera-Visualization/install/four_control:/opt/ros/jazzy DEBUGINFOD_URLS=https://debuginfod.ubuntu.com /usr/bin/cmake --build /home/kunal-jazzy/ros2_ws/build/ros_bringup -- -j12 -l12
[0.082s] -- Found ament_cmake: 2.5.5 (/opt/ros/jazzy/share/ament_cmake/cmake)
[0.273s] -- Found ament_lint_auto: 0.17.4 (/opt/ros/jazzy/share/ament_lint_auto/cmake)
[0.353s] -- Added test 'flake8' to check Python code syntax and style conventions
[0.353s] -- Configured 'flake8' exclude dirs and/or files: 
[0.354s] -- Added test 'lint_cmake' to check CMake code style
[0.354s] -- Added test 'pep257' to check Python code against some of the docstring style conventions in PEP 257
[0.356s] -- Added test 'xmllint' to check XML markup files
[0.357s] -- Configuring done (0.3s)
[0.365s] -- Generating done (0.0s)
[0.367s] -- Build files have been written to: /home/kunal-jazzy/ros2_ws/build/ros_bringup
[0.384s] Invoked command in '/home/kunal-jazzy/ros2_ws/build/ros_bringup' returned '0': CMAKE_PREFIX_PATH=${CMAKE_PREFIX_PATH}:/home/kunal-jazzy/ROS2-Camera-Visualization/install/four_control:/opt/ros/jazzy DEBUGINFOD_URLS=https://debuginfod.ubuntu.com /usr/bin/cmake --build /home/kunal-jazzy/ros2_ws/build/ros_bringup -- -j12 -l12
[0.385s] Invoking command in '/home/kunal-jazzy/ros2_ws/build/ros_bringup': CMAKE_PREFIX_PATH=${CMAKE_PREFIX_PATH}:/home/kunal-jazzy/ROS2-Camera-Visualization/install/four_control:/opt/ros/jazzy DEBUGINFOD_URLS=https://debuginfod.ubuntu.com /usr/bin/cmake --install /home/kunal-jazzy/ros2_ws/build/ros_bringup
[0.391s] -- Install configuration: ""
[0.391s] -- Installing: /home/kunal-jazzy/ros2_ws/install/ros_bringup/share/ros_bringup/launch
[0.391s] -- Installing: /home/kunal-jazzy/ros2_ws/install/ros_bringup/share/ros_bringup/launch/load_ros2_controllers.launch.py
[0.391s] -- Installing: /home/kunal-jazzy/ros2_ws/install/ros_bringup/share/ros_bringup/scripts
[0.391s] -- Installing: /home/kunal-jazzy/ros2_ws/install/ros_bringup/share/ros_bringup/scripts/rosmaster_x3_gazebo.sh
[0.392s] -- Up-to-date: /home/kunal-jazzy/ros2_ws/install/ros_bringup/share/ament_index/resource_index/package_run_dependencies/ros_bringup
[0.392s] -- Installing: /home/kunal-jazzy/ros2_ws/install/ros_bringup/share/ament_index/resource_index/parent_prefix_path/ros_bringup
[0.392s] -- Up-to-date: /home/kunal-jazzy/ros2_ws/install/ros_bringup/share/ros_bringup/environment/ament_prefix_path.sh
[0.392s] -- Up-to-date: /home/kunal-jazzy/ros2_ws/install/ros_bringup/share/ros_bringup/environment/ament_prefix_path.dsv
[0.392s] -- Up-to-date: /home/kunal-jazzy/ros2_ws/install/ros_bringup/share/ros_bringup/environment/path.sh
[0.392s] -- Up-to-date: /home/kunal-jazzy/ros2_ws/install/ros_bringup/share/ros_bringup/environment/path.dsv
[0.393s] -- Up-to-date: /home/kunal-jazzy/ros2_ws/install/ros_bringup/share/ros_bringup/local_setup.bash
[0.393s] -- Up-to-date: /home/kunal-jazzy/ros2_ws/install/ros_bringup/share/ros_bringup/local_setup.sh
[0.393s] -- Up-to-date: /home/kunal-jazzy/ros2_ws/install/ros_bringup/share/ros_bringup/local_setup.zsh
[0.393s] -- Up-to-date: /home/kunal-jazzy/ros2_ws/install/ros_bringup/share/ros_bringup/local_setup.dsv
[0.394s] -- Installing: /home/kunal-jazzy/ros2_ws/install/ros_bringup/share/ros_bringup/package.dsv
[0.394s] -- Up-to-date: /home/kunal-jazzy/ros2_ws/install/ros_bringup/share/ament_index/resource_index/packages/ros_bringup
[0.394s] -- Up-to-date: /home/kunal-jazzy/ros2_ws/install/ros_bringup/share/ros_bringup/cmake/ros_bringupConfig.cmake
[0.394s] -- Up-to-date: /home/kunal-jazzy/ros2_ws/install/ros_bringup/share/ros_bringup/cmake/ros_bringupConfig-version.cmake
[0.394s] -- Up-to-date: /home/kunal-jazzy/ros2_ws/install/ros_bringup/share/ros_bringup/package.xml
[0.394s] Invoked command in '/home/kunal-jazzy/ros2_ws/build/ros_bringup' returned '0': CMAKE_PREFIX_PATH=${CMAKE_PREFIX_PATH}:/home/kunal-jazzy/ROS2-Camera-Visualization/install/four_control:/opt/ros/jazzy DEBUGINFOD_URLS=https://debuginfod.ubuntu.com /usr/bin/cmake --install /home/kunal-jazzy/ros2_ws/build/ros_bringup
