[0.014s] Invoking command in '/home/kunal-jazzy/ros2_ws/build/rosmaster_description': CMAKE_PREFIX_PATH=${CMAKE_PREFIX_PATH}:/home/kunal-jazzy/ROS2-Camera-Visualization/install/four_control:/opt/ros/jazzy DEBUGINFOD_URLS=https://debuginfod.ubuntu.com /usr/bin/cmake --build /home/kunal-jazzy/ros2_ws/build/rosmaster_description -- -j12 -l12
[0.041s] -- Found ament_cmake: 2.5.5 (/opt/ros/jazzy/share/ament_cmake/cmake)
[0.214s] -- Found urdf_tutorial: 1.1.0 (/opt/ros/jazzy/share/urdf_tutorial/cmake)
[0.214s] -- Found ament_lint_auto: 0.17.4 (/opt/ros/jazzy/share/ament_lint_auto/cmake)
[0.289s] -- Added test 'flake8' to check Python code syntax and style conventions
[0.289s] -- Configured 'flake8' exclude dirs and/or files: 
[0.290s] -- Added test 'lint_cmake' to check CMake code style
[0.291s] -- Added test 'pep257' to check Python code against some of the docstring style conventions in PEP 257
[0.293s] -- Added test 'xmllint' to check XML markup files
[0.294s] -- Configuring done (0.3s)
[0.302s] -- Generating done (0.0s)
[0.303s] -- Build files have been written to: /home/kunal-jazzy/ros2_ws/build/rosmaster_description
[0.320s] Invoked command in '/home/kunal-jazzy/ros2_ws/build/rosmaster_description' returned '0': CMAKE_PREFIX_PATH=${CMAKE_PREFIX_PATH}:/home/kunal-jazzy/ROS2-Camera-Visualization/install/four_control:/opt/ros/jazzy DEBUGINFOD_URLS=https://debuginfod.ubuntu.com /usr/bin/cmake --build /home/kunal-jazzy/ros2_ws/build/rosmaster_description -- -j12 -l12
[0.321s] Invoking command in '/home/kunal-jazzy/ros2_ws/build/rosmaster_description': CMAKE_PREFIX_PATH=${CMAKE_PREFIX_PATH}:/home/kunal-jazzy/ROS2-Camera-Visualization/install/four_control:/opt/ros/jazzy DEBUGINFOD_URLS=https://debuginfod.ubuntu.com /usr/bin/cmake --install /home/kunal-jazzy/ros2_ws/build/rosmaster_description
[0.331s] -- Install configuration: ""
[0.331s] -- Up-to-date: /home/kunal-jazzy/ros2_ws/install/rosmaster_description/share/rosmaster_description/config
[0.331s] -- Up-to-date: /home/kunal-jazzy/ros2_ws/install/rosmaster_description/share/rosmaster_description/launch
[0.331s] -- Installing: /home/kunal-jazzy/ros2_ws/install/rosmaster_description/share/rosmaster_description/launch/robot_state_publisher.launch.py
[0.331s] -- Up-to-date: /home/kunal-jazzy/ros2_ws/install/rosmaster_description/share/rosmaster_description/meshes
[0.331s] -- Up-to-date: /home/kunal-jazzy/ros2_ws/install/rosmaster_description/share/rosmaster_description/meshes/rplidar
[0.331s] -- Up-to-date: /home/kunal-jazzy/ros2_ws/install/rosmaster_description/share/rosmaster_description/meshes/rplidar/rplidar_s2.stl
[0.331s] -- Up-to-date: /home/kunal-jazzy/ros2_ws/install/rosmaster_description/share/rosmaster_description/meshes/rosmaster_x3
[0.331s] -- Up-to-date: /home/kunal-jazzy/ros2_ws/install/rosmaster_description/share/rosmaster_description/meshes/rosmaster_x3/visual
[0.331s] -- Up-to-date: /home/kunal-jazzy/ros2_ws/install/rosmaster_description/share/rosmaster_description/meshes/rosmaster_x3/visual/back_left_wheel_X3.STL
[0.331s] -- Up-to-date: /home/kunal-jazzy/ros2_ws/install/rosmaster_description/share/rosmaster_description/meshes/rosmaster_x3/visual/back_right_wheel_X3.STL
[0.331s] -- Up-to-date: /home/kunal-jazzy/ros2_ws/install/rosmaster_description/share/rosmaster_description/meshes/rosmaster_x3/visual/laser_link.STL
[0.331s] -- Up-to-date: /home/kunal-jazzy/ros2_ws/install/rosmaster_description/share/rosmaster_description/meshes/rosmaster_x3/visual/base_link_X3.STL
[0.332s] -- Up-to-date: /home/kunal-jazzy/ros2_ws/install/rosmaster_description/share/rosmaster_description/meshes/rosmaster_x3/visual/front_right_wheel_X3.STL
[0.332s] -- Up-to-date: /home/kunal-jazzy/ros2_ws/install/rosmaster_description/share/rosmaster_description/meshes/rosmaster_x3/visual/camera_link.STL
[0.332s] -- Up-to-date: /home/kunal-jazzy/ros2_ws/install/rosmaster_description/share/rosmaster_description/meshes/rosmaster_x3/visual/front_left_wheel_X3.STL
[0.332s] -- Up-to-date: /home/kunal-jazzy/ros2_ws/install/rosmaster_description/share/rosmaster_description/meshes/intel_realsense
[0.332s] -- Up-to-date: /home/kunal-jazzy/ros2_ws/install/rosmaster_description/share/rosmaster_description/meshes/intel_realsense/visual
[0.332s] -- Up-to-date: /home/kunal-jazzy/ros2_ws/install/rosmaster_description/share/rosmaster_description/meshes/intel_realsense/visual/d435.stl
[0.332s] -- Up-to-date: /home/kunal-jazzy/ros2_ws/install/rosmaster_description/share/rosmaster_description/urdf
[0.332s] -- Up-to-date: /home/kunal-jazzy/ros2_ws/install/rosmaster_description/share/rosmaster_description/urdf/control
[0.332s] -- Up-to-date: /home/kunal-jazzy/ros2_ws/install/rosmaster_description/share/rosmaster_description/urdf/robots
[0.332s] -- Up-to-date: /home/kunal-jazzy/ros2_ws/install/rosmaster_description/share/rosmaster_description/urdf/robots/rosmaster_x3.urdf.xacro
[0.332s] -- Up-to-date: /home/kunal-jazzy/ros2_ws/install/rosmaster_description/share/rosmaster_description/urdf/sensors
[0.332s] -- Up-to-date: /home/kunal-jazzy/ros2_ws/install/rosmaster_description/share/rosmaster_description/urdf/sensors/rgbd_camera.urdf.xacro
[0.332s] -- Up-to-date: /home/kunal-jazzy/ros2_ws/install/rosmaster_description/share/rosmaster_description/urdf/sensors/lidar.urdf.xacro
[0.332s] -- Up-to-date: /home/kunal-jazzy/ros2_ws/install/rosmaster_description/share/rosmaster_description/urdf/sensors/imu.urdf.xacro
[0.332s] -- Up-to-date: /home/kunal-jazzy/ros2_ws/install/rosmaster_description/share/rosmaster_description/urdf/mech
[0.332s] -- Up-to-date: /home/kunal-jazzy/ros2_ws/install/rosmaster_description/share/rosmaster_description/urdf/mech/mecanum_wheel.urdf.xacro
[0.333s] -- Up-to-date: /home/kunal-jazzy/ros2_ws/install/rosmaster_description/share/rosmaster_description/urdf/mech/base.urdf.xacro
[0.333s] -- Up-to-date: /home/kunal-jazzy/ros2_ws/install/rosmaster_description/share/rosmaster_description/rviz
[0.333s] -- Up-to-date: /home/kunal-jazzy/ros2_ws/install/rosmaster_description/share/rosmaster_description/rviz/rosmaster_description.rviz
[0.333s] -- Up-to-date: /home/kunal-jazzy/ros2_ws/install/rosmaster_description/share/ament_index/resource_index/package_run_dependencies/rosmaster_description
[0.333s] -- Installing: /home/kunal-jazzy/ros2_ws/install/rosmaster_description/share/ament_index/resource_index/parent_prefix_path/rosmaster_description
[0.333s] -- Up-to-date: /home/kunal-jazzy/ros2_ws/install/rosmaster_description/share/rosmaster_description/environment/ament_prefix_path.sh
[0.333s] -- Up-to-date: /home/kunal-jazzy/ros2_ws/install/rosmaster_description/share/rosmaster_description/environment/ament_prefix_path.dsv
[0.333s] -- Up-to-date: /home/kunal-jazzy/ros2_ws/install/rosmaster_description/share/rosmaster_description/environment/path.sh
[0.333s] -- Up-to-date: /home/kunal-jazzy/ros2_ws/install/rosmaster_description/share/rosmaster_description/environment/path.dsv
[0.333s] -- Up-to-date: /home/kunal-jazzy/ros2_ws/install/rosmaster_description/share/rosmaster_description/local_setup.bash
[0.333s] -- Up-to-date: /home/kunal-jazzy/ros2_ws/install/rosmaster_description/share/rosmaster_description/local_setup.sh
[0.333s] -- Up-to-date: /home/kunal-jazzy/ros2_ws/install/rosmaster_description/share/rosmaster_description/local_setup.zsh
[0.333s] -- Up-to-date: /home/kunal-jazzy/ros2_ws/install/rosmaster_description/share/rosmaster_description/local_setup.dsv
[0.333s] -- Installing: /home/kunal-jazzy/ros2_ws/install/rosmaster_description/share/rosmaster_description/package.dsv
[0.333s] -- Up-to-date: /home/kunal-jazzy/ros2_ws/install/rosmaster_description/share/ament_index/resource_index/packages/rosmaster_description
[0.333s] -- Up-to-date: /home/kunal-jazzy/ros2_ws/install/rosmaster_description/share/rosmaster_description/cmake/rosmaster_descriptionConfig.cmake
[0.333s] -- Up-to-date: /home/kunal-jazzy/ros2_ws/install/rosmaster_description/share/rosmaster_description/cmake/rosmaster_descriptionConfig-version.cmake
[0.334s] -- Up-to-date: /home/kunal-jazzy/ros2_ws/install/rosmaster_description/share/rosmaster_description/package.xml
[0.334s] Invoked command in '/home/kunal-jazzy/ros2_ws/build/rosmaster_description' returned '0': CMAKE_PREFIX_PATH=${CMAKE_PREFIX_PATH}:/home/kunal-jazzy/ROS2-Camera-Visualization/install/four_control:/opt/ros/jazzy DEBUGINFOD_URLS=https://debuginfod.ubuntu.com /usr/bin/cmake --install /home/kunal-jazzy/ros2_ws/build/rosmaster_description
