[0.028s] Invoking command in '/home/kunal-jazzy/ros2_ws/build/ros_gazebo': CMAKE_PREFIX_PATH=${CMAKE_PREFIX_PATH}:/home/kunal-jazzy/ROS2-Camera-Visualization/install/four_control:/opt/ros/jazzy DEBUGINFOD_URLS=https://debuginfod.ubuntu.com /usr/bin/cmake /home/kunal-jazzy/ros2_ws/src/ros_gazebo -DCMAKE_INSTALL_PREFIX=/home/kunal-jazzy/ros2_ws/install/ros_gazebo
[0.157s] -- The C compiler identification is GNU 13.3.0
[0.268s] -- The CXX compiler identification is GNU 13.3.0
[0.282s] -- Detecting C compiler ABI info
[0.358s] -- Detecting C compiler ABI info - done
[0.368s] -- Check for working C compiler: /usr/bin/cc - skipped
[0.368s] -- Detecting C compile features
[0.368s] -- Detecting C compile features - done
[0.376s] -- Detecting CXX compiler ABI info
[0.456s] -- Detecting CXX compiler ABI info - done
[0.464s] -- Check for working CXX compiler: /usr/bin/c++ - skipped
[0.464s] -- Detecting CXX compile features
[0.464s] -- Detecting CXX compile features - done
[0.472s] -- Found ament_cmake: 2.5.5 (/opt/ros/jazzy/share/ament_cmake/cmake)
[0.612s] -- Found Python3: /usr/bin/python3 (found version "3.12.3") found components: Interpreter 
[0.742s] -- Found controller_manager: 4.42.2 (/opt/ros/jazzy/share/controller_manager/cmake)
[0.813s] -- Found rosidl_generator_c: 4.6.7 (/opt/ros/jazzy/share/rosidl_generator_c/cmake)
[0.831s] -- Found rosidl_generator_cpp: 4.6.7 (/opt/ros/jazzy/share/rosidl_generator_cpp/cmake)
[0.852s] -- Using all available rosidl_typesupport_c: rosidl_typesupport_fastrtps_c;rosidl_typesupport_introspection_c
[0.875s] -- Using all available rosidl_typesupport_cpp: rosidl_typesupport_fastrtps_cpp;rosidl_typesupport_introspection_cpp
[0.971s] -- Found rmw_implementation_cmake: 7.3.3 (/opt/ros/jazzy/share/rmw_implementation_cmake/cmake)
[0.975s] -- Found rmw_fastrtps_cpp: 8.4.3 (/opt/ros/jazzy/share/rmw_fastrtps_cpp/cmake)
[1.111s] -- Found OpenSSL: /usr/lib/x86_64-linux-gnu/libcrypto.so (found version "3.0.13")  
[1.141s] -- Found FastRTPS: /opt/ros/jazzy/include (Required is at least version "2.13") 
[1.161s] -- Using RMW implementation 'rmw_fastrtps_cpp' as default
[1.792s] -- Found gz_ros2_control: 1.2.17 (/opt/ros/jazzy/share/gz_ros2_control/cmake)
[1.799s] -- Found ros_gz: 1.0.18 (/opt/ros/jazzy/share/ros_gz/cmake)
[1.803s] -- Found ros_gz_bridge: 1.0.18 (/opt/ros/jazzy/share/ros_gz_bridge/cmake)
[1.861s] -- Looking for gz-msgs10 -- found version 10.3.2
[1.875s] -- Searching for dependencies of gz-msgs10
[1.913s] -- Found Protobuf: /usr/lib/x86_64-linux-gnu/libprotobuf.so (found version "3.21.12") 
[1.918s] -- Looking for gz-utils2 -- found version 2.2.1
[1.918s] -- Searching for dependencies of gz-utils2
[1.923s] -- Looking for gz-math7 -- found version 7.5.2
[1.923s] -- Searching for dependencies of gz-math7
[1.923s] -- Looking for gz-utils2 -- found version 2.2.1
[1.931s] -- Checking for module 'tinyxml2'
[1.953s] --   Found tinyxml2, version 10.0.0
[2.029s] -- Looking for gz-transport13 -- found version 13.5.0
[2.029s] -- Searching for dependencies of gz-transport13
[2.059s] -- Config-file not installed for ZeroMQ -- checking for pkg-config
[2.067s] -- Checking for module 'libzmq >= 4'
[2.092s] --   Found libzmq, version 4.3.5
[2.180s] -- Found ZeroMQ: TRUE (Required is at least version "4") 
[2.191s] -- Checking for module 'uuid'
[2.228s] --   Found uuid, version 2.39.3
[2.293s] -- Found UUID: TRUE  
[2.293s] -- Looking for gz-utils2 -- found version 2.2.1
[2.293s] -- Searching for dependencies of gz-utils2
[2.293s] -- Searching for <gz-utils2> component [cli]
[2.296s] -- Looking for gz-utils2-cli -- found version 2.2.1
[2.296s] -- Searching for dependencies of gz-utils2-cli
[2.297s] -- Looking for gz-msgs10 -- found version 10.3.2
[2.450s] -- Found ros_gz_image: 1.0.18 (/opt/ros/jazzy/share/ros_gz_image/cmake)
[2.454s] -- Found ros_gz_sim: 1.0.18 (/opt/ros/jazzy/share/ros_gz_sim/cmake)
[2.488s] -- Found ros2_control: 4.42.2 (/opt/ros/jazzy/share/ros2_control/cmake)
[2.492s] -- Found ros2_controllers: 4.36.0 (/opt/ros/jazzy/share/ros2_controllers/cmake)
[2.496s] -- Found xacro: 2.1.1 (/opt/ros/jazzy/share/xacro/cmake)
[2.499s] -- Found ament_lint_auto: 0.17.4 (/opt/ros/jazzy/share/ament_lint_auto/cmake)
[2.603s] -- Added test 'lint_cmake' to check CMake code style
[2.604s] -- Added test 'xmllint' to check XML markup files
[2.605s] -- Configuring done (2.6s)
[2.612s] -- Generating done (0.0s)
[2.614s] -- Build files have been written to: /home/kunal-jazzy/ros2_ws/build/ros_gazebo
[2.626s] Invoked command in '/home/kunal-jazzy/ros2_ws/build/ros_gazebo' returned '0': CMAKE_PREFIX_PATH=${CMAKE_PREFIX_PATH}:/home/kunal-jazzy/ROS2-Camera-Visualization/install/four_control:/opt/ros/jazzy DEBUGINFOD_URLS=https://debuginfod.ubuntu.com /usr/bin/cmake /home/kunal-jazzy/ros2_ws/src/ros_gazebo -DCMAKE_INSTALL_PREFIX=/home/kunal-jazzy/ros2_ws/install/ros_gazebo
[2.627s] Invoking command in '/home/kunal-jazzy/ros2_ws/build/ros_gazebo': CMAKE_PREFIX_PATH=${CMAKE_PREFIX_PATH}:/home/kunal-jazzy/ROS2-Camera-Visualization/install/four_control:/opt/ros/jazzy DEBUGINFOD_URLS=https://debuginfod.ubuntu.com /usr/bin/cmake --build /home/kunal-jazzy/ros2_ws/build/ros_gazebo -- -j12 -l12
[2.678s] Invoked command in '/home/kunal-jazzy/ros2_ws/build/ros_gazebo' returned '0': CMAKE_PREFIX_PATH=${CMAKE_PREFIX_PATH}:/home/kunal-jazzy/ROS2-Camera-Visualization/install/four_control:/opt/ros/jazzy DEBUGINFOD_URLS=https://debuginfod.ubuntu.com /usr/bin/cmake --build /home/kunal-jazzy/ros2_ws/build/ros_gazebo -- -j12 -l12
[2.679s] Invoking command in '/home/kunal-jazzy/ros2_ws/build/ros_gazebo': CMAKE_PREFIX_PATH=${CMAKE_PREFIX_PATH}:/home/kunal-jazzy/ROS2-Camera-Visualization/install/four_control:/opt/ros/jazzy DEBUGINFOD_URLS=https://debuginfod.ubuntu.com /usr/bin/cmake --install /home/kunal-jazzy/ros2_ws/build/ros_gazebo
[2.692s] -- Install configuration: ""
[2.692s] -- Installing: /home/kunal-jazzy/ros2_ws/install/ros_gazebo/share/ament_index/resource_index/package_run_dependencies/ros_gazebo
[2.692s] -- Installing: /home/kunal-jazzy/ros2_ws/install/ros_gazebo/share/ament_index/resource_index/parent_prefix_path/ros_gazebo
[2.692s] -- Installing: /home/kunal-jazzy/ros2_ws/install/ros_gazebo/share/ros_gazebo/environment/ament_prefix_path.sh
[2.693s] -- Installing: /home/kunal-jazzy/ros2_ws/install/ros_gazebo/share/ros_gazebo/environment/ament_prefix_path.dsv
[2.693s] -- Installing: /home/kunal-jazzy/ros2_ws/install/ros_gazebo/share/ros_gazebo/environment/path.sh
[2.693s] -- Installing: /home/kunal-jazzy/ros2_ws/install/ros_gazebo/share/ros_gazebo/environment/path.dsv
[2.693s] -- Installing: /home/kunal-jazzy/ros2_ws/install/ros_gazebo/share/ros_gazebo/local_setup.bash
[2.693s] -- Installing: /home/kunal-jazzy/ros2_ws/install/ros_gazebo/share/ros_gazebo/local_setup.sh
[2.693s] -- Installing: /home/kunal-jazzy/ros2_ws/install/ros_gazebo/share/ros_gazebo/local_setup.zsh
[2.693s] -- Installing: /home/kunal-jazzy/ros2_ws/install/ros_gazebo/share/ros_gazebo/local_setup.dsv
[2.693s] -- Installing: /home/kunal-jazzy/ros2_ws/install/ros_gazebo/share/ros_gazebo/package.dsv
[2.693s] -- Installing: /home/kunal-jazzy/ros2_ws/install/ros_gazebo/share/ament_index/resource_index/packages/ros_gazebo
[2.693s] -- Installing: /home/kunal-jazzy/ros2_ws/install/ros_gazebo/share/ros_gazebo/cmake/ros_gazeboConfig.cmake
[2.693s] -- Installing: /home/kunal-jazzy/ros2_ws/install/ros_gazebo/share/ros_gazebo/cmake/ros_gazeboConfig-version.cmake
[2.693s] -- Installing: /home/kunal-jazzy/ros2_ws/install/ros_gazebo/share/ros_gazebo/package.xml
[2.695s] Invoked command in '/home/kunal-jazzy/ros2_ws/build/ros_gazebo' returned '0': CMAKE_PREFIX_PATH=${CMAKE_PREFIX_PATH}:/home/kunal-jazzy/ROS2-Camera-Visualization/install/four_control:/opt/ros/jazzy DEBUGINFOD_URLS=https://debuginfod.ubuntu.com /usr/bin/cmake --install /home/kunal-jazzy/ros2_ws/build/ros_gazebo
